This file contains any messages produced by compilers while
running configure, to aid debugging if configure makes a mistake.

It was created by expat configure 2.2.5, which was
generated by GNU Autoconf 2.71.  Invocation command line was

  $ /home/runner/work/gnu-tools-for-stm32/gnu-tools-for-stm32/src/expat/configure --build=x86_64-linux-gnu --host=x86_64-linux-gnu --target=arm-none-eabi --prefix=/home/runner/work/gnu-tools-for-stm32/gnu-tools-for-stm32/build-native/host-libs/usr --without-docbook --without-xmlwf --disable-shared

## --------- ##
## Platform. ##
## --------- ##

hostname = runnervmf2e7y
uname -m = x86_64
uname -r = 6.11.0-1018-azure
uname -s = Linux
uname -v = #18~24.04.1-Ubuntu SMP Sat Jun 28 04:46:03 UTC 2025

/usr/bin/uname -p = x86_64
/bin/uname -X     = unknown

/bin/arch              = x86_64
/usr/bin/arch -k       = unknown
/usr/convex/getsysinfo = unknown
/usr/bin/hostinfo      = unknown
/bin/machine           = unknown
/usr/bin/oslevel       = unknown
/bin/universe          = unknown

PATH: /snap/bin/
PATH: /home/runner/.local/bin/
PATH: /opt/pipx_bin/
PATH: /home/runner/.cargo/bin/
PATH: /home/runner/.config/composer/vendor/bin/
PATH: /usr/local/.ghcup/bin/
PATH: /home/runner/.dotnet/tools/
PATH: /usr/local/sbin/
PATH: /usr/local/bin/
PATH: /usr/sbin/
PATH: /usr/bin/
PATH: /sbin/
PATH: /bin/
PATH: /usr/games/
PATH: /usr/local/games/
PATH: /snap/bin/


## ----------- ##
## Core tests. ##
## ----------- ##

configure:2844: looking for aux files: compile ltmain.sh config.guess config.sub missing install-sh
configure:2857:  trying /home/runner/work/gnu-tools-for-stm32/gnu-tools-for-stm32/src/expat/conftools/
configure:2886:   /home/runner/work/gnu-tools-for-stm32/gnu-tools-for-stm32/src/expat/conftools/compile found
configure:2886:   /home/runner/work/gnu-tools-for-stm32/gnu-tools-for-stm32/src/expat/conftools/ltmain.sh found
configure:2886:   /home/runner/work/gnu-tools-for-stm32/gnu-tools-for-stm32/src/expat/conftools/config.guess found
configure:2886:   /home/runner/work/gnu-tools-for-stm32/gnu-tools-for-stm32/src/expat/conftools/config.sub found
configure:2886:   /home/runner/work/gnu-tools-for-stm32/gnu-tools-for-stm32/src/expat/conftools/missing found
configure:2868:   /home/runner/work/gnu-tools-for-stm32/gnu-tools-for-stm32/src/expat/conftools/install-sh found
configure:3019: checking for a BSD-compatible install
configure:3092: result: /usr/bin/install -c
configure:3103: checking whether build environment is sane
configure:3158: result: yes
configure:3317: checking for a race-free mkdir -p
configure:3361: result: /usr/bin/mkdir -p
configure:3368: checking for gawk
configure:3389: found /usr/bin/gawk
configure:3400: result: gawk
configure:3411: checking whether make sets $(MAKE)
configure:3434: result: yes
configure:3464: checking whether make supports nested variables
configure:3482: result: yes
configure:3639: checking build system type
configure:3654: result: x86_64-pc-linux-gnu
configure:3674: checking host system type
configure:3688: result: x86_64-pc-linux-gnu
configure:4088: checking how to print strings
configure:4115: result: printf
configure:4149: checking whether make supports the include directive
configure:4164: make -f confmf.GNU && cat confinc.out
this is the am__doit target
configure:4167: $? = 0
configure:4186: result: yes (GNU style)
configure:4217: checking for x86_64-linux-gnu-gcc
configure:4238: found /usr/bin/x86_64-linux-gnu-gcc
configure:4249: result: x86_64-linux-gnu-gcc
configure:4647: checking for C compiler version
configure:4656: x86_64-linux-gnu-gcc --version >&5
x86_64-linux-gnu-gcc (Ubuntu 13.3.0-6ubuntu2~24.04) 13.3.0
Copyright (C) 2023 Free Software Foundation, Inc.
This is free software; see the source for copying conditions.  There is NO
warranty; not even for MERCHANTABILITY or FITNESS FOR A PARTICULAR PURPOSE.

configure:4667: $? = 0
configure:4656: x86_64-linux-gnu-gcc -v >&5
Using built-in specs.
COLLECT_GCC=x86_64-linux-gnu-gcc
COLLECT_LTO_WRAPPER=/usr/libexec/gcc/x86_64-linux-gnu/13/lto-wrapper
OFFLOAD_TARGET_NAMES=nvptx-none:amdgcn-amdhsa
OFFLOAD_TARGET_DEFAULT=1
Target: x86_64-linux-gnu
Configured with: ../src/configure -v --with-pkgversion='Ubuntu 13.3.0-6ubuntu2~24.04' --with-bugurl=file:///usr/share/doc/gcc-13/README.Bugs --enable-languages=c,ada,c++,go,d,fortran,objc,obj-c++,m2 --prefix=/usr --with-gcc-major-version-only --program-suffix=-13 --program-prefix=x86_64-linux-gnu- --enable-shared --enable-linker-build-id --libexecdir=/usr/libexec --without-included-gettext --enable-threads=posix --libdir=/usr/lib --enable-nls --enable-bootstrap --enable-clocale=gnu --enable-libstdcxx-debug --enable-libstdcxx-time=yes --with-default-libstdcxx-abi=new --enable-libstdcxx-backtrace --enable-gnu-unique-object --disable-vtable-verify --enable-plugin --enable-default-pie --with-system-zlib --enable-libphobos-checking=release --with-target-system-zlib=auto --enable-objc-gc=auto --enable-multiarch --disable-werror --enable-cet --with-arch-32=i686 --with-abi=m64 --with-multilib-list=m32,m64,mx32 --enable-multilib --with-tune=generic --enable-offload-targets=nvptx-none=/build/gcc-13-fG75Ri/gcc-13-13.3.0/debian/tmp-nvptx/usr,amdgcn-amdhsa=/build/gcc-13-fG75Ri/gcc-13-13.3.0/debian/tmp-gcn/usr --enable-offload-defaulted --without-cuda-driver --enable-checking=release --build=x86_64-linux-gnu --host=x86_64-linux-gnu --target=x86_64-linux-gnu --with-build-config=bootstrap-lto-lean --enable-link-serialization=2
Thread model: posix
Supported LTO compression algorithms: zlib zstd
gcc version 13.3.0 (Ubuntu 13.3.0-6ubuntu2~24.04) 
... rest of stderr output deleted ...
configure:4667: $? = 0
configure:4656: x86_64-linux-gnu-gcc -V >&5
x86_64-linux-gnu-gcc: error: unrecognized command-line option '-V'
x86_64-linux-gnu-gcc: fatal error: no input files
compilation terminated.
configure:4667: $? = 1
configure:4656: x86_64-linux-gnu-gcc -qversion >&5
x86_64-linux-gnu-gcc: error: unrecognized command-line option '-qversion'; did you mean '--version'?
x86_64-linux-gnu-gcc: fatal error: no input files
compilation terminated.
configure:4667: $? = 1
configure:4656: x86_64-linux-gnu-gcc -version >&5
x86_64-linux-gnu-gcc: error: unrecognized command-line option '-version'
x86_64-linux-gnu-gcc: fatal error: no input files
compilation terminated.
configure:4667: $? = 1
configure:4687: checking whether the C compiler works
configure:4709: x86_64-linux-gnu-gcc   -DHAVE_EXPAT_CONFIG_H  conftest.c  >&5
configure:4713: $? = 0
configure:4763: result: yes
configure:4766: checking for C compiler default output file name
configure:4768: result: a.out
configure:4774: checking for suffix of executables
configure:4781: x86_64-linux-gnu-gcc -o conftest   -DHAVE_EXPAT_CONFIG_H  conftest.c  >&5
configure:4785: $? = 0
configure:4808: result: 
configure:4830: checking whether we are cross compiling
configure:4838: x86_64-linux-gnu-gcc -o conftest   -DHAVE_EXPAT_CONFIG_H  conftest.c  >&5
configure:4842: $? = 0
configure:4849: ./conftest
configure:4853: $? = 0
configure:4868: result: no
configure:4873: checking for suffix of object files
configure:4896: x86_64-linux-gnu-gcc -c   -DHAVE_EXPAT_CONFIG_H conftest.c >&5
configure:4900: $? = 0
configure:4922: result: o
configure:4926: checking whether the compiler supports GNU C
configure:4946: x86_64-linux-gnu-gcc -c   -DHAVE_EXPAT_CONFIG_H conftest.c >&5
configure:4946: $? = 0
configure:4956: result: yes
configure:4967: checking whether x86_64-linux-gnu-gcc accepts -g
configure:4988: x86_64-linux-gnu-gcc -c -g  -DHAVE_EXPAT_CONFIG_H conftest.c >&5
configure:4988: $? = 0
configure:5032: result: yes
configure:5052: checking for x86_64-linux-gnu-gcc option to enable C11 features
configure:5067: x86_64-linux-gnu-gcc  -c -g -O2  -DHAVE_EXPAT_CONFIG_H conftest.c >&5
configure:5067: $? = 0
configure:5085: result: none needed
configure:5201: checking whether x86_64-linux-gnu-gcc understands -c and -o together
configure:5224: x86_64-linux-gnu-gcc -c conftest.c -o conftest2.o
configure:5227: $? = 0
configure:5224: x86_64-linux-gnu-gcc -c conftest.c -o conftest2.o
configure:5227: $? = 0
configure:5239: result: yes
configure:5258: checking dependency style of x86_64-linux-gnu-gcc
configure:5370: result: gcc3
configure:5385: checking for a sed that does not truncate output
configure:5455: result: /usr/bin/sed
configure:5473: checking for grep that handles long lines and -e
configure:5537: result: /usr/bin/grep
configure:5542: checking for egrep
configure:5610: result: /usr/bin/grep -E
configure:5615: checking for fgrep
configure:5683: result: /usr/bin/grep -F
configure:5719: checking for ld used by x86_64-linux-gnu-gcc
configure:5787: result: /usr/bin/ld
configure:5794: checking if the linker (/usr/bin/ld) is GNU ld
configure:5810: result: yes
configure:5822: checking for BSD- or MS-compatible name lister (nm)
configure:5877: result: /usr/bin/x86_64-linux-gnu-nm -B
configure:6017: checking the name lister (/usr/bin/x86_64-linux-gnu-nm -B) interface
configure:6025: x86_64-linux-gnu-gcc -c -g -O2  -DHAVE_EXPAT_CONFIG_H conftest.c >&5
configure:6028: /usr/bin/x86_64-linux-gnu-nm -B "conftest.o"
configure:6031: output
0000000000000000 B some_variable
configure:6038: result: BSD nm
configure:6041: checking whether ln -s works
configure:6045: result: yes
configure:6053: checking the maximum length of command line arguments
configure:6185: result: 3145728
configure:6233: checking how to convert x86_64-pc-linux-gnu file names to x86_64-pc-linux-gnu format
configure:6274: result: func_convert_file_noop
configure:6281: checking how to convert x86_64-pc-linux-gnu file names to toolchain format
configure:6302: result: func_convert_file_noop
configure:6309: checking for /usr/bin/ld option to reload object files
configure:6317: result: -r
configure:6351: checking for x86_64-linux-gnu-file
configure:6386: result: no
configure:6396: checking for file
configure:6417: found /usr/bin/file
configure:6428: result: file
configure:6459: checking for x86_64-linux-gnu-objdump
configure:6491: result: objdump
configure:6565: checking how to recognize dependent libraries
configure:6766: result: pass_all
configure:6811: checking for x86_64-linux-gnu-dlltool
configure:6843: result: dlltool
configure:6918: checking how to associate runtime and link libraries
configure:6946: result: printf %s\n
configure:6963: checking for x86_64-linux-gnu-ar
configure:6984: found /usr/bin/x86_64-linux-gnu-ar
configure:6995: result: x86_64-linux-gnu-ar
configure:7097: checking for archiver @FILE support
configure:7115: x86_64-linux-gnu-gcc -c -g -O2  -DHAVE_EXPAT_CONFIG_H conftest.c >&5
configure:7115: $? = 0
configure:7119: x86_64-linux-gnu-ar cr libconftest.a @conftest.lst >&5
configure:7122: $? = 0
configure:7127: x86_64-linux-gnu-ar cr libconftest.a @conftest.lst >&5
x86_64-linux-gnu-ar: conftest.o: No such file or directory
configure:7130: $? = 1
configure:7142: result: @
configure:7160: checking for x86_64-linux-gnu-strip
configure:7181: found /usr/bin/x86_64-linux-gnu-strip
configure:7192: result: x86_64-linux-gnu-strip
configure:7269: checking for x86_64-linux-gnu-ranlib
configure:7290: found /usr/bin/x86_64-linux-gnu-ranlib
configure:7301: result: x86_64-linux-gnu-ranlib
configure:7448: checking command to parse /usr/bin/x86_64-linux-gnu-nm -B output from x86_64-linux-gnu-gcc object
configure:7602: x86_64-linux-gnu-gcc -c -g -O2  -DHAVE_EXPAT_CONFIG_H conftest.c >&5
configure:7605: $? = 0
configure:7609: /usr/bin/x86_64-linux-gnu-nm -B conftest.o | /usr/bin/sed -n -e 's/^.*[	 ]\([ABCDGIRSTW][ABCDGIRSTW]*\)[	 ][	 ]*\([_A-Za-z][_A-Za-z0-9]*\)$/\1 \2 \2/p' | /usr/bin/sed '/ __gnu_lto/d' > conftest.nm
configure:7675: x86_64-linux-gnu-gcc -o conftest -g -O2  -DHAVE_EXPAT_CONFIG_H  conftest.c conftstm.o >&5
configure:7678: $? = 0
configure:7716: result: ok
configure:7763: checking for sysroot
configure:7794: result: no
configure:7801: checking for a working dd
configure:7845: result: /usr/bin/dd
configure:7849: checking how to truncate binary pipes
configure:7865: result: /usr/bin/dd bs=4096 count=1
configure:8002: x86_64-linux-gnu-gcc -c -g -O2  -DHAVE_EXPAT_CONFIG_H conftest.c >&5
configure:8005: $? = 0
configure:8157: checking for x86_64-linux-gnu-mt
configure:8192: result: no
configure:8202: checking for mt
configure:8223: found /usr/bin/mt
configure:8234: result: mt
configure:8257: checking if mt is a manifest tool
configure:8264: mt '-?'
configure:8272: result: no
configure:8997: checking for stdio.h
configure:8997: x86_64-linux-gnu-gcc -c -g -O2  -DHAVE_EXPAT_CONFIG_H conftest.c >&5
configure:8997: $? = 0
configure:8997: result: yes
configure:8997: checking for stdlib.h
configure:8997: x86_64-linux-gnu-gcc -c -g -O2  -DHAVE_EXPAT_CONFIG_H conftest.c >&5
configure:8997: $? = 0
configure:8997: result: yes
configure:8997: checking for string.h
configure:8997: x86_64-linux-gnu-gcc -c -g -O2  -DHAVE_EXPAT_CONFIG_H conftest.c >&5
configure:8997: $? = 0
configure:8997: result: yes
configure:8997: checking for inttypes.h
configure:8997: x86_64-linux-gnu-gcc -c -g -O2  -DHAVE_EXPAT_CONFIG_H conftest.c >&5
configure:8997: $? = 0
configure:8997: result: yes
configure:8997: checking for stdint.h
configure:8997: x86_64-linux-gnu-gcc -c -g -O2  -DHAVE_EXPAT_CONFIG_H conftest.c >&5
configure:8997: $? = 0
configure:8997: result: yes
configure:8997: checking for strings.h
configure:8997: x86_64-linux-gnu-gcc -c -g -O2  -DHAVE_EXPAT_CONFIG_H conftest.c >&5
configure:8997: $? = 0
configure:8997: result: yes
configure:8997: checking for sys/stat.h
configure:8997: x86_64-linux-gnu-gcc -c -g -O2  -DHAVE_EXPAT_CONFIG_H conftest.c >&5
configure:8997: $? = 0
configure:8997: result: yes
configure:8997: checking for sys/types.h
configure:8997: x86_64-linux-gnu-gcc -c -g -O2  -DHAVE_EXPAT_CONFIG_H conftest.c >&5
configure:8997: $? = 0
configure:8997: result: yes
configure:8997: checking for unistd.h
configure:8997: x86_64-linux-gnu-gcc -c -g -O2  -DHAVE_EXPAT_CONFIG_H conftest.c >&5
configure:8997: $? = 0
configure:8997: result: yes
configure:8997: checking for sys/param.h
configure:8997: x86_64-linux-gnu-gcc -c -g -O2  -DHAVE_EXPAT_CONFIG_H conftest.c >&5
configure:8997: $? = 0
configure:8997: result: yes
configure:9022: checking for dlfcn.h
configure:9022: x86_64-linux-gnu-gcc -c -g -O2  -DHAVE_EXPAT_CONFIG_H conftest.c >&5
configure:9022: $? = 0
configure:9022: result: yes
configure:9279: checking for objdir
configure:9295: result: .libs
configure:9559: checking if x86_64-linux-gnu-gcc supports -fno-rtti -fno-exceptions
configure:9578: x86_64-linux-gnu-gcc -c -g -O2  -DHAVE_EXPAT_CONFIG_H -fno-rtti -fno-exceptions conftest.c >&5
cc1: warning: command-line option '-fno-rtti' is valid for C++/D/ObjC++ but not for C
configure:9582: $? = 0
configure:9595: result: no
configure:9959: checking for x86_64-linux-gnu-gcc option to produce PIC
configure:9967: result: -fPIC -DPIC
configure:9975: checking if x86_64-linux-gnu-gcc PIC flag -fPIC -DPIC works
configure:9994: x86_64-linux-gnu-gcc -c -g -O2  -DHAVE_EXPAT_CONFIG_H -fPIC -DPIC -DPIC conftest.c >&5
configure:9998: $? = 0
configure:10011: result: yes
configure:10040: checking if x86_64-linux-gnu-gcc static flag -static works
configure:10069: result: yes
configure:10084: checking if x86_64-linux-gnu-gcc supports -c -o file.o
configure:10106: x86_64-linux-gnu-gcc -c -g -O2  -DHAVE_EXPAT_CONFIG_H -o out/conftest2.o conftest.c >&5
configure:10110: $? = 0
configure:10132: result: yes
configure:10140: checking if x86_64-linux-gnu-gcc supports -c -o file.o
configure:10188: result: yes
configure:10221: checking whether the x86_64-linux-gnu-gcc linker (/usr/bin/ld -m elf_x86_64) supports shared libraries
configure:11495: result: yes
configure:11736: checking dynamic linker characteristics
configure:12318: x86_64-linux-gnu-gcc -o conftest -g -O2  -DHAVE_EXPAT_CONFIG_H  -Wl,-rpath -Wl,/foo conftest.c  >&5
configure:12318: $? = 0
configure:12569: result: GNU/Linux ld.so
configure:12691: checking how to hardcode library paths into programs
configure:12716: result: immediate
configure:13268: checking whether stripping libraries is possible
configure:13277: result: yes
configure:13319: checking if libtool supports shared libraries
configure:13321: result: yes
configure:13324: checking whether to build shared libraries
configure:13349: result: no
configure:13352: checking whether to build static libraries
configure:13356: result: yes
configure:13419: checking for x86_64-linux-gnu-g++
configure:13440: found /usr/bin/x86_64-linux-gnu-g++
configure:13451: result: x86_64-linux-gnu-g++
configure:13527: checking for C++ compiler version
configure:13536: x86_64-linux-gnu-g++ --version >&5
x86_64-linux-gnu-g++ (Ubuntu 13.3.0-6ubuntu2~24.04) 13.3.0
Copyright (C) 2023 Free Software Foundation, Inc.
This is free software; see the source for copying conditions.  There is NO
warranty; not even for MERCHANTABILITY or FITNESS FOR A PARTICULAR PURPOSE.

configure:13547: $? = 0
configure:13536: x86_64-linux-gnu-g++ -v >&5
Using built-in specs.
COLLECT_GCC=x86_64-linux-gnu-g++
COLLECT_LTO_WRAPPER=/usr/libexec/gcc/x86_64-linux-gnu/13/lto-wrapper
OFFLOAD_TARGET_NAMES=nvptx-none:amdgcn-amdhsa
OFFLOAD_TARGET_DEFAULT=1
Target: x86_64-linux-gnu
Configured with: ../src/configure -v --with-pkgversion='Ubuntu 13.3.0-6ubuntu2~24.04' --with-bugurl=file:///usr/share/doc/gcc-13/README.Bugs --enable-languages=c,ada,c++,go,d,fortran,objc,obj-c++,m2 --prefix=/usr --with-gcc-major-version-only --program-suffix=-13 --program-prefix=x86_64-linux-gnu- --enable-shared --enable-linker-build-id --libexecdir=/usr/libexec --without-included-gettext --enable-threads=posix --libdir=/usr/lib --enable-nls --enable-bootstrap --enable-clocale=gnu --enable-libstdcxx-debug --enable-libstdcxx-time=yes --with-default-libstdcxx-abi=new --enable-libstdcxx-backtrace --enable-gnu-unique-object --disable-vtable-verify --enable-plugin --enable-default-pie --with-system-zlib --enable-libphobos-checking=release --with-target-system-zlib=auto --enable-objc-gc=auto --enable-multiarch --disable-werror --enable-cet --with-arch-32=i686 --with-abi=m64 --with-multilib-list=m32,m64,mx32 --enable-multilib --with-tune=generic --enable-offload-targets=nvptx-none=/build/gcc-13-fG75Ri/gcc-13-13.3.0/debian/tmp-nvptx/usr,amdgcn-amdhsa=/build/gcc-13-fG75Ri/gcc-13-13.3.0/debian/tmp-gcn/usr --enable-offload-defaulted --without-cuda-driver --enable-checking=release --build=x86_64-linux-gnu --host=x86_64-linux-gnu --target=x86_64-linux-gnu --with-build-config=bootstrap-lto-lean --enable-link-serialization=2
Thread model: posix
Supported LTO compression algorithms: zlib zstd
gcc version 13.3.0 (Ubuntu 13.3.0-6ubuntu2~24.04) 
... rest of stderr output deleted ...
configure:13547: $? = 0
configure:13536: x86_64-linux-gnu-g++ -V >&5
x86_64-linux-gnu-g++: error: unrecognized command-line option '-V'
x86_64-linux-gnu-g++: fatal error: no input files
compilation terminated.
configure:13547: $? = 1
configure:13536: x86_64-linux-gnu-g++ -qversion >&5
x86_64-linux-gnu-g++: error: unrecognized command-line option '-qversion'; did you mean '--version'?
x86_64-linux-gnu-g++: fatal error: no input files
compilation terminated.
configure:13547: $? = 1
configure:13551: checking whether the compiler supports GNU C++
configure:13571: x86_64-linux-gnu-g++ -c   -DHAVE_EXPAT_CONFIG_H conftest.cpp >&5
configure:13571: $? = 0
configure:13581: result: yes
configure:13592: checking whether x86_64-linux-gnu-g++ accepts -g
configure:13613: x86_64-linux-gnu-g++ -c -g  -DHAVE_EXPAT_CONFIG_H conftest.cpp >&5
configure:13613: $? = 0
configure:13657: result: yes
configure:13677: checking for x86_64-linux-gnu-g++ option to enable C++11 features
configure:13692: x86_64-linux-gnu-g++  -c -g -O2  -DHAVE_EXPAT_CONFIG_H conftest.cpp >&5
conftest.cpp: In function 'int main(int, char**)':
conftest.cpp:190:25: warning: empty parentheses were disambiguated as a function declaration [-Wvexing-parse]
  190 |   cxx11test::delegate d2();
      |                         ^~
conftest.cpp:190:25: note: remove parentheses to default-initialize a variable
  190 |   cxx11test::delegate d2();
      |                         ^~
      |                         --
conftest.cpp:190:25: note: or replace parentheses with braces to value-initialize a variable
configure:13692: $? = 0
configure:13710: result: none needed
configure:13776: checking dependency style of x86_64-linux-gnu-g++
configure:13888: result: gcc3
configure:13921: checking how to run the C++ preprocessor
configure:13943: x86_64-linux-gnu-g++ -E  -DHAVE_EXPAT_CONFIG_H conftest.cpp
configure:13943: $? = 0
configure:13958: x86_64-linux-gnu-g++ -E  -DHAVE_EXPAT_CONFIG_H conftest.cpp
conftest.cpp:24:10: fatal error: ac_nonexistent.h: No such file or directory
   24 | #include <ac_nonexistent.h>
      |          ^~~~~~~~~~~~~~~~~~
compilation terminated.
configure:13958: $? = 1
configure: failed program was:
| /* confdefs.h */
| #define PACKAGE_NAME "expat"
| #define PACKAGE_TARNAME "expat"
| #define PACKAGE_VERSION "2.2.5"
| #define PACKAGE_STRING "expat 2.2.5"
| #define PACKAGE_BUGREPORT "expat-bugs@libexpat.org"
| #define PACKAGE_URL ""
| #define PACKAGE "expat"
| #define VERSION "2.2.5"
| #define HAVE_STDIO_H 1
| #define HAVE_STDLIB_H 1
| #define HAVE_STRING_H 1
| #define HAVE_INTTYPES_H 1
| #define HAVE_STDINT_H 1
| #define HAVE_STRINGS_H 1
| #define HAVE_SYS_STAT_H 1
| #define HAVE_SYS_TYPES_H 1
| #define HAVE_UNISTD_H 1
| #define HAVE_SYS_PARAM_H 1
| #define STDC_HEADERS 1
| #define HAVE_DLFCN_H 1
| #define LT_OBJDIR ".libs/"
| /* end confdefs.h.  */
| #include <ac_nonexistent.h>
configure:13985: result: x86_64-linux-gnu-g++ -E
configure:13999: x86_64-linux-gnu-g++ -E  -DHAVE_EXPAT_CONFIG_H conftest.cpp
configure:13999: $? = 0
configure:14014: x86_64-linux-gnu-g++ -E  -DHAVE_EXPAT_CONFIG_H conftest.cpp
conftest.cpp:24:10: fatal error: ac_nonexistent.h: No such file or directory
   24 | #include <ac_nonexistent.h>
      |          ^~~~~~~~~~~~~~~~~~
compilation terminated.
configure:14014: $? = 1
configure: failed program was:
| /* confdefs.h */
| #define PACKAGE_NAME "expat"
| #define PACKAGE_TARNAME "expat"
| #define PACKAGE_VERSION "2.2.5"
| #define PACKAGE_STRING "expat 2.2.5"
| #define PACKAGE_BUGREPORT "expat-bugs@libexpat.org"
| #define PACKAGE_URL ""
| #define PACKAGE "expat"
| #define VERSION "2.2.5"
| #define HAVE_STDIO_H 1
| #define HAVE_STDLIB_H 1
| #define HAVE_STRING_H 1
| #define HAVE_INTTYPES_H 1
| #define HAVE_STDINT_H 1
| #define HAVE_STRINGS_H 1
| #define HAVE_SYS_STAT_H 1
| #define HAVE_SYS_TYPES_H 1
| #define HAVE_UNISTD_H 1
| #define HAVE_SYS_PARAM_H 1
| #define STDC_HEADERS 1
| #define HAVE_DLFCN_H 1
| #define LT_OBJDIR ".libs/"
| /* end confdefs.h.  */
| #include <ac_nonexistent.h>
configure:14179: checking for ld used by x86_64-linux-gnu-g++
configure:14247: result: /usr/bin/ld -m elf_x86_64
configure:14254: checking if the linker (/usr/bin/ld -m elf_x86_64) is GNU ld
configure:14270: result: yes
configure:14325: checking whether the x86_64-linux-gnu-g++ linker (/usr/bin/ld -m elf_x86_64) supports shared libraries
configure:15403: result: yes
configure:15439: x86_64-linux-gnu-g++ -c -g -O2  -DHAVE_EXPAT_CONFIG_H conftest.cpp >&5
configure:15442: $? = 0
configure:15923: checking for x86_64-linux-gnu-g++ option to produce PIC
configure:15931: result: -fPIC -DPIC
configure:15939: checking if x86_64-linux-gnu-g++ PIC flag -fPIC -DPIC works
configure:15958: x86_64-linux-gnu-g++ -c -g -O2  -DHAVE_EXPAT_CONFIG_H -fPIC -DPIC -DPIC conftest.cpp >&5
configure:15962: $? = 0
configure:15975: result: yes
configure:15998: checking if x86_64-linux-gnu-g++ static flag -static works
configure:16027: result: yes
configure:16039: checking if x86_64-linux-gnu-g++ supports -c -o file.o
configure:16061: x86_64-linux-gnu-g++ -c -g -O2  -DHAVE_EXPAT_CONFIG_H -o out/conftest2.o conftest.cpp >&5
configure:16065: $? = 0
configure:16087: result: yes
configure:16092: checking if x86_64-linux-gnu-g++ supports -c -o file.o
configure:16140: result: yes
configure:16170: checking whether the x86_64-linux-gnu-g++ linker (/usr/bin/ld -m elf_x86_64) supports shared libraries
configure:16213: result: yes
configure:16355: checking dynamic linker characteristics
configure:17115: result: GNU/Linux ld.so
configure:17180: checking how to hardcode library paths into programs
configure:17205: result: immediate
configure:17250: checking whether x86_64-linux-gnu-gcc accepts -fexceptions
configure:17263: x86_64-linux-gnu-gcc -o conftest -g -O2 -Wall -Wmissing-prototypes -Wstrict-prototypes -fexceptions  -DHAVE_EXPAT_CONFIG_H  conftest.c  >&5
configure:17263: $? = 0
configure:17265: result: yes
configure:17285: checking for egrep
configure:17353: result: /usr/bin/grep -E
configure:17361: checking whether byte ordering is bigendian
configure:17384: x86_64-linux-gnu-gcc -c -g -O2 -Wall -Wmissing-prototypes -Wstrict-prototypes -fexceptions -fno-strict-aliasing  -DHAVE_EXPAT_CONFIG_H conftest.c >&5
configure:17384: $? = 0
configure:17402: x86_64-linux-gnu-gcc -c -g -O2 -Wall -Wmissing-prototypes -Wstrict-prototypes -fexceptions -fno-strict-aliasing  -DHAVE_EXPAT_CONFIG_H conftest.c >&5
conftest.c: In function 'main':
conftest.c:31:2: error: unknown type name 'not'; did you mean 'ino_t'?
   31 |  not big endian
      |  ^~~
      |  ino_t
conftest.c:31:10: error: expected '=', ',', ';', 'asm' or '__attribute__' before 'endian'
   31 |  not big endian
      |          ^~~~~~
configure:17402: $? = 1
configure: failed program was:
| /* confdefs.h */
| #define PACKAGE_NAME "expat"
| #define PACKAGE_TARNAME "expat"
| #define PACKAGE_VERSION "2.2.5"
| #define PACKAGE_STRING "expat 2.2.5"
| #define PACKAGE_BUGREPORT "expat-bugs@libexpat.org"
| #define PACKAGE_URL ""
| #define PACKAGE "expat"
| #define VERSION "2.2.5"
| #define HAVE_STDIO_H 1
| #define HAVE_STDLIB_H 1
| #define HAVE_STRING_H 1
| #define HAVE_INTTYPES_H 1
| #define HAVE_STDINT_H 1
| #define HAVE_STRINGS_H 1
| #define HAVE_SYS_STAT_H 1
| #define HAVE_SYS_TYPES_H 1
| #define HAVE_UNISTD_H 1
| #define HAVE_SYS_PARAM_H 1
| #define STDC_HEADERS 1
| #define HAVE_DLFCN_H 1
| #define LT_OBJDIR ".libs/"
| /* end confdefs.h.  */
| #include <sys/types.h>
| #include <sys/param.h>
| int
| main (void)
| {
| 
| #if BYTE_ORDER != BIG_ENDIAN
|  not big endian
| #endif
|   ;
|   return 0;
| }
configure:17441: result: no
configure:17492: checking for an ANSI C-conforming const
configure:17559: x86_64-linux-gnu-gcc -c -g -O2 -Wall -Wmissing-prototypes -Wstrict-prototypes -fexceptions -fno-strict-aliasing  -DHAVE_EXPAT_CONFIG_H conftest.c >&5
configure:17559: $? = 0
configure:17567: result: yes
configure:17575: checking for size_t
configure:17575: x86_64-linux-gnu-gcc -c -g -O2 -Wall -Wmissing-prototypes -Wstrict-prototypes -fexceptions -fno-strict-aliasing  -DHAVE_EXPAT_CONFIG_H conftest.c >&5
configure:17575: $? = 0
configure:17575: x86_64-linux-gnu-gcc -c -g -O2 -Wall -Wmissing-prototypes -Wstrict-prototypes -fexceptions -fno-strict-aliasing  -DHAVE_EXPAT_CONFIG_H conftest.c >&5
conftest.c: In function 'main':
conftest.c:56:21: error: expected expression before ')' token
   56 | if (sizeof ((size_t)))
      |                     ^
configure:17575: $? = 1
configure: failed program was:
| /* confdefs.h */
| #define PACKAGE_NAME "expat"
| #define PACKAGE_TARNAME "expat"
| #define PACKAGE_VERSION "2.2.5"
| #define PACKAGE_STRING "expat 2.2.5"
| #define PACKAGE_BUGREPORT "expat-bugs@libexpat.org"
| #define PACKAGE_URL ""
| #define PACKAGE "expat"
| #define VERSION "2.2.5"
| #define HAVE_STDIO_H 1
| #define HAVE_STDLIB_H 1
| #define HAVE_STRING_H 1
| #define HAVE_INTTYPES_H 1
| #define HAVE_STDINT_H 1
| #define HAVE_STRINGS_H 1
| #define HAVE_SYS_STAT_H 1
| #define HAVE_SYS_TYPES_H 1
| #define HAVE_UNISTD_H 1
| #define HAVE_SYS_PARAM_H 1
| #define STDC_HEADERS 1
| #define HAVE_DLFCN_H 1
| #define LT_OBJDIR ".libs/"
| #define BYTEORDER 1234
| /* end confdefs.h.  */
| #include <stddef.h>
| #ifdef HAVE_STDIO_H
| # include <stdio.h>
| #endif
| #ifdef HAVE_STDLIB_H
| # include <stdlib.h>
| #endif
| #ifdef HAVE_STRING_H
| # include <string.h>
| #endif
| #ifdef HAVE_INTTYPES_H
| # include <inttypes.h>
| #endif
| #ifdef HAVE_STDINT_H
| # include <stdint.h>
| #endif
| #ifdef HAVE_STRINGS_H
| # include <strings.h>
| #endif
| #ifdef HAVE_SYS_TYPES_H
| # include <sys/types.h>
| #endif
| #ifdef HAVE_SYS_STAT_H
| # include <sys/stat.h>
| #endif
| #ifdef HAVE_UNISTD_H
| # include <unistd.h>
| #endif
| int
| main (void)
| {
| if (sizeof ((size_t)))
| 	    return 0;
|   ;
|   return 0;
| }
configure:17575: result: yes
configure:17585: checking for memmove
configure:17585: x86_64-linux-gnu-gcc -o conftest -g -O2 -Wall -Wmissing-prototypes -Wstrict-prototypes -fexceptions -fno-strict-aliasing  -DHAVE_EXPAT_CONFIG_H  -fno-strict-aliasing conftest.c  >&5
conftest.c:41:1: warning: function declaration isn't a prototype [-Wstrict-prototypes]
   41 | char memmove ();
      | ^~~~
conftest.c:41:6: warning: conflicting types for built-in function 'memmove'; expected 'void *(void *, const void *, long unsigned int)' [-Wbuiltin-declaration-mismatch]
   41 | char memmove ();
      |      ^~~~~~~
conftest.c:33:1: note: 'memmove' is declared in header '<string.h>'
   32 | #include <limits.h>
   33 | #undef memmove
configure:17585: $? = 0
configure:17585: result: yes
configure:17591: checking for bcopy
configure:17591: x86_64-linux-gnu-gcc -o conftest -g -O2 -Wall -Wmissing-prototypes -Wstrict-prototypes -fexceptions -fno-strict-aliasing  -DHAVE_EXPAT_CONFIG_H  -fno-strict-aliasing conftest.c  >&5
conftest.c:42:1: warning: function declaration isn't a prototype [-Wstrict-prototypes]
   42 | char bcopy ();
      | ^~~~
conftest.c:42:6: warning: conflicting types for built-in function 'bcopy'; expected 'void(const void *, void *, long unsigned int)' [-Wbuiltin-declaration-mismatch]
   42 | char bcopy ();
      |      ^~~~~
configure:17591: $? = 0
configure:17591: result: yes
configure:17702: checking for arc4random_buf (BSD or libbsd)
configure:17717: x86_64-linux-gnu-gcc -o conftest -g -O2 -Wall -Wmissing-prototypes -Wstrict-prototypes -fexceptions -fno-strict-aliasing  -DHAVE_EXPAT_CONFIG_H  -fno-strict-aliasing conftest.c  >&5
conftest.c:32:7: warning: function declaration isn't a prototype [-Wstrict-prototypes]
   32 |   int main() {
      |       ^~~~
conftest.c: In function 'main':
conftest.c:33:5: warning: argument 1 null where non-null expected [-Wnonnull]
   33 |     arc4random_buf(NULL, 0U);
      |     ^~~~~~~~~~~~~~
In file included from conftest.c:28:
/usr/include/stdlib.h:661:13: note: in a call to function 'arc4random_buf' declared 'nonnull'
  661 | extern void arc4random_buf (void *__buf, size_t __size)
      |             ^~~~~~~~~~~~~~
configure:17717: $? = 0
configure:17723: result: yes
configure:17770: checking for getrandom (Linux 3.17+, glibc 2.25+)
configure:17782: x86_64-linux-gnu-gcc -o conftest -g -O2 -Wall -Wmissing-prototypes -Wstrict-prototypes -fexceptions -fno-strict-aliasing  -DHAVE_EXPAT_CONFIG_H  -fno-strict-aliasing conftest.c  >&5
conftest.c:31:7: warning: function declaration isn't a prototype [-Wstrict-prototypes]
   31 |   int main() {
      |       ^~~~
configure:17782: $? = 0
configure:17788: result: yes
configure:17833: checking for fcntl.h
configure:17833: x86_64-linux-gnu-gcc -c -g -O2 -Wall -Wmissing-prototypes -Wstrict-prototypes -fexceptions -fno-strict-aliasing  -DHAVE_EXPAT_CONFIG_H conftest.c >&5
configure:17833: $? = 0
configure:17833: result: yes
configure:17839: checking for unistd.h
configure:17839: result: yes
configure:17846: checking for off_t
configure:17846: x86_64-linux-gnu-gcc -c -g -O2 -Wall -Wmissing-prototypes -Wstrict-prototypes -fexceptions -fno-strict-aliasing  -DHAVE_EXPAT_CONFIG_H conftest.c >&5
configure:17846: $? = 0
configure:17846: x86_64-linux-gnu-gcc -c -g -O2 -Wall -Wmissing-prototypes -Wstrict-prototypes -fexceptions -fno-strict-aliasing  -DHAVE_EXPAT_CONFIG_H conftest.c >&5
conftest.c: In function 'main':
conftest.c:62:20: error: expected expression before ')' token
   62 | if (sizeof ((off_t)))
      |                    ^
configure:17846: $? = 1
configure: failed program was:
| /* confdefs.h */
| #define PACKAGE_NAME "expat"
| #define PACKAGE_TARNAME "expat"
| #define PACKAGE_VERSION "2.2.5"
| #define PACKAGE_STRING "expat 2.2.5"
| #define PACKAGE_BUGREPORT "expat-bugs@libexpat.org"
| #define PACKAGE_URL ""
| #define PACKAGE "expat"
| #define VERSION "2.2.5"
| #define HAVE_STDIO_H 1
| #define HAVE_STDLIB_H 1
| #define HAVE_STRING_H 1
| #define HAVE_INTTYPES_H 1
| #define HAVE_STDINT_H 1
| #define HAVE_STRINGS_H 1
| #define HAVE_SYS_STAT_H 1
| #define HAVE_SYS_TYPES_H 1
| #define HAVE_UNISTD_H 1
| #define HAVE_SYS_PARAM_H 1
| #define STDC_HEADERS 1
| #define HAVE_DLFCN_H 1
| #define LT_OBJDIR ".libs/"
| #define BYTEORDER 1234
| #define HAVE_MEMMOVE 1
| #define HAVE_BCOPY 1
| #define HAVE_ARC4RANDOM_BUF 1
| #define HAVE_GETRANDOM 1
| #define HAVE_FCNTL_H 1
| #define HAVE_UNISTD_H 1
| /* end confdefs.h.  */
| #include <stddef.h>
| #ifdef HAVE_STDIO_H
| # include <stdio.h>
| #endif
| #ifdef HAVE_STDLIB_H
| # include <stdlib.h>
| #endif
| #ifdef HAVE_STRING_H
| # include <string.h>
| #endif
| #ifdef HAVE_INTTYPES_H
| # include <inttypes.h>
| #endif
| #ifdef HAVE_STDINT_H
| # include <stdint.h>
| #endif
| #ifdef HAVE_STRINGS_H
| # include <strings.h>
| #endif
| #ifdef HAVE_SYS_TYPES_H
| # include <sys/types.h>
| #endif
| #ifdef HAVE_SYS_STAT_H
| # include <sys/stat.h>
| #endif
| #ifdef HAVE_UNISTD_H
| # include <unistd.h>
| #endif
| int
| main (void)
| {
| if (sizeof ((off_t)))
| 	    return 0;
|   ;
|   return 0;
| }
configure:17846: result: yes
configure:17861: checking for getpagesize
configure:17861: x86_64-linux-gnu-gcc -o conftest -g -O2 -Wall -Wmissing-prototypes -Wstrict-prototypes -fexceptions -fno-strict-aliasing  -DHAVE_EXPAT_CONFIG_H  -fno-strict-aliasing conftest.c  >&5
conftest.c:47:1: warning: function declaration isn't a prototype [-Wstrict-prototypes]
   47 | char getpagesize ();
      | ^~~~
configure:17861: $? = 0
configure:17861: result: yes
configure:17872: checking for working mmap
configure:18024: x86_64-linux-gnu-gcc -o conftest -g -O2 -Wall -Wmissing-prototypes -Wstrict-prototypes -fexceptions -fno-strict-aliasing  -DHAVE_EXPAT_CONFIG_H  -fno-strict-aliasing conftest.c  >&5
configure:18024: $? = 0
configure:18024: ./conftest
configure:18024: $? = 0
configure:18035: result: yes
configure:18265: checking that generated files are newer than configure
configure:18271: result: done
configure:18314: creating ./config.status

## ---------------------- ##
## Running config.status. ##
## ---------------------- ##

This file was extended by expat config.status 2.2.5, which was
generated by GNU Autoconf 2.71.  Invocation command line was

  CONFIG_FILES    = 
  CONFIG_HEADERS  = 
  CONFIG_LINKS    = 
  CONFIG_COMMANDS = 
  $ ./config.status 

on runnervmf2e7y

config.status:1182: creating Makefile
config.status:1182: creating expat.pc
config.status:1182: creating doc/Makefile
config.status:1182: creating examples/Makefile
config.status:1182: creating lib/Makefile
config.status:1182: creating tests/Makefile
config.status:1182: creating tests/benchmark/Makefile
config.status:1182: creating xmlwf/Makefile
config.status:1182: creating run.sh
config.status:1182: creating expat_config.h
config.status:1396: executing depfiles commands
config.status:1473: cd examples       && sed -e '/# am--include-marker/d' Makefile         | make -f - am--depfiles
config.status:1478: $? = 0
config.status:1473: cd lib       && sed -e '/# am--include-marker/d' Makefile         | make -f - am--depfiles
config.status:1478: $? = 0
config.status:1473: cd tests       && sed -e '/# am--include-marker/d' Makefile         | make -f - am--depfiles
config.status:1478: $? = 0
config.status:1473: cd tests/benchmark       && sed -e '/# am--include-marker/d' Makefile         | make -f - am--depfiles
config.status:1478: $? = 0
config.status:1473: cd xmlwf       && sed -e '/# am--include-marker/d' Makefile         | make -f - am--depfiles
config.status:1478: $? = 0
config.status:1396: executing libtool commands

## ---------------- ##
## Cache variables. ##
## ---------------- ##

ac_cv_build=x86_64-pc-linux-gnu
ac_cv_c_bigendian=no
ac_cv_c_compiler_gnu=yes
ac_cv_c_const=yes
ac_cv_cxx_compiler_gnu=yes
ac_cv_env_CCC_set=
ac_cv_env_CCC_value=
ac_cv_env_CC_set=
ac_cv_env_CC_value=
ac_cv_env_CFLAGS_set=
ac_cv_env_CFLAGS_value=
ac_cv_env_CPPFLAGS_set=
ac_cv_env_CPPFLAGS_value=
ac_cv_env_CXXCPP_set=
ac_cv_env_CXXCPP_value=
ac_cv_env_CXXFLAGS_set=
ac_cv_env_CXXFLAGS_value=
ac_cv_env_CXX_set=
ac_cv_env_CXX_value=
ac_cv_env_DOCBOOK_TO_MAN_set=
ac_cv_env_DOCBOOK_TO_MAN_value=
ac_cv_env_LDFLAGS_set=
ac_cv_env_LDFLAGS_value=
ac_cv_env_LIBS_set=
ac_cv_env_LIBS_value=
ac_cv_env_LT_SYS_LIBRARY_PATH_set=
ac_cv_env_LT_SYS_LIBRARY_PATH_value=
ac_cv_env_build_alias_set=set
ac_cv_env_build_alias_value=x86_64-linux-gnu
ac_cv_env_host_alias_set=set
ac_cv_env_host_alias_value=x86_64-linux-gnu
ac_cv_env_target_alias_set=set
ac_cv_env_target_alias_value=arm-none-eabi
ac_cv_func_bcopy=yes
ac_cv_func_getpagesize=yes
ac_cv_func_memmove=yes
ac_cv_func_mmap_fixed_mapped=yes
ac_cv_header_dlfcn_h=yes
ac_cv_header_fcntl_h=yes
ac_cv_header_inttypes_h=yes
ac_cv_header_stdint_h=yes
ac_cv_header_stdio_h=yes
ac_cv_header_stdlib_h=yes
ac_cv_header_string_h=yes
ac_cv_header_strings_h=yes
ac_cv_header_sys_param_h=yes
ac_cv_header_sys_stat_h=yes
ac_cv_header_sys_types_h=yes
ac_cv_header_unistd_h=yes
ac_cv_host=x86_64-pc-linux-gnu
ac_cv_objext=o
ac_cv_path_EGREP='/usr/bin/grep -E'
ac_cv_path_FGREP='/usr/bin/grep -F'
ac_cv_path_GREP=/usr/bin/grep
ac_cv_path_SED=/usr/bin/sed
ac_cv_path_install='/usr/bin/install -c'
ac_cv_path_lt_DD=/usr/bin/dd
ac_cv_path_mkdir=/usr/bin/mkdir
ac_cv_prog_AR=x86_64-linux-gnu-ar
ac_cv_prog_AWK=gawk
ac_cv_prog_CC=x86_64-linux-gnu-gcc
ac_cv_prog_CXX=x86_64-linux-gnu-g++
ac_cv_prog_CXXCPP='x86_64-linux-gnu-g++ -E'
ac_cv_prog_DLLTOOL=dlltool
ac_cv_prog_OBJDUMP=objdump
ac_cv_prog_RANLIB=x86_64-linux-gnu-ranlib
ac_cv_prog_STRIP=x86_64-linux-gnu-strip
ac_cv_prog_ac_ct_FILECMD=file
ac_cv_prog_ac_ct_MANIFEST_TOOL=mt
ac_cv_prog_cc_c11=
ac_cv_prog_cc_g=yes
ac_cv_prog_cc_stdc=
ac_cv_prog_cxx_cxx11=
ac_cv_prog_cxx_g=yes
ac_cv_prog_cxx_stdcxx=
ac_cv_prog_make_make_set=yes
ac_cv_type_off_t=yes
ac_cv_type_size_t=yes
am_cv_CC_dependencies_compiler_type=gcc3
am_cv_CXX_dependencies_compiler_type=gcc3
am_cv_make_support_nested_variables=yes
am_cv_prog_cc_c_o=yes
lt_cv_ar_at_file=@
lt_cv_deplibs_check_method=pass_all
lt_cv_file_magic_cmd='$MAGIC_CMD'
lt_cv_file_magic_test_file=
lt_cv_ld_reload_flag=-r
lt_cv_nm_interface='BSD nm'
lt_cv_objdir=.libs
lt_cv_path_LD=/usr/bin/ld
lt_cv_path_LDCXX='/usr/bin/ld -m elf_x86_64'
lt_cv_path_NM='/usr/bin/x86_64-linux-gnu-nm -B'
lt_cv_path_mainfest_tool=no
lt_cv_prog_compiler_c_o=yes
lt_cv_prog_compiler_c_o_CXX=yes
lt_cv_prog_compiler_pic='-fPIC -DPIC'
lt_cv_prog_compiler_pic_CXX='-fPIC -DPIC'
lt_cv_prog_compiler_pic_works=yes
lt_cv_prog_compiler_pic_works_CXX=yes
lt_cv_prog_compiler_rtti_exceptions=no
lt_cv_prog_compiler_static_works=yes
lt_cv_prog_compiler_static_works_CXX=yes
lt_cv_prog_gnu_ld=yes
lt_cv_prog_gnu_ldcxx=yes
lt_cv_sharedlib_from_linklib_cmd='printf %s\n'
lt_cv_shlibpath_overrides_runpath=yes
lt_cv_sys_global_symbol_pipe='/usr/bin/sed -n -e '\''s/^.*[	 ]\([ABCDGIRSTW][ABCDGIRSTW]*\)[	 ][	 ]*\([_A-Za-z][_A-Za-z0-9]*\)$/\1 \2 \2/p'\'' | /usr/bin/sed '\''/ __gnu_lto/d'\'''
lt_cv_sys_global_symbol_to_c_name_address='/usr/bin/sed -n -e '\''s/^: \(.*\) .*$/  {"\1", (void *) 0},/p'\'' -e '\''s/^[ABCDGIRSTW][ABCDGIRSTW]* .* \(.*\)$/  {"\1", (void *) \&\1},/p'\'''
lt_cv_sys_global_symbol_to_c_name_address_lib_prefix='/usr/bin/sed -n -e '\''s/^: \(.*\) .*$/  {"\1", (void *) 0},/p'\'' -e '\''s/^[ABCDGIRSTW][ABCDGIRSTW]* .* \(lib.*\)$/  {"\1", (void *) \&\1},/p'\'' -e '\''s/^[ABCDGIRSTW][ABCDGIRSTW]* .* \(.*\)$/  {"lib\1", (void *) \&\1},/p'\'''
lt_cv_sys_global_symbol_to_cdecl='/usr/bin/sed -n -e '\''s/^T .* \(.*\)$/extern int \1();/p'\'' -e '\''s/^[ABCDGIRSTW][ABCDGIRSTW]* .* \(.*\)$/extern char \1;/p'\'''
lt_cv_sys_global_symbol_to_import=
lt_cv_sys_max_cmd_len=3145728
lt_cv_to_host_file_cmd=func_convert_file_noop
lt_cv_to_tool_file_cmd=func_convert_file_noop
lt_cv_truncate_bin='/usr/bin/dd bs=4096 count=1'

## ----------------- ##
## Output variables. ##
## ----------------- ##

ACLOCAL='${SHELL} '\''/home/runner/work/gnu-tools-for-stm32/gnu-tools-for-stm32/src/expat/conftools/missing'\'' aclocal-1.16'
AMDEPBACKSLASH='\'
AMDEP_FALSE='#'
AMDEP_TRUE=''
AMTAR='$${TAR-tar}'
AM_BACKSLASH='\'
AM_DEFAULT_V='$(AM_DEFAULT_VERBOSITY)'
AM_DEFAULT_VERBOSITY='1'
AM_V='$(V)'
AR='x86_64-linux-gnu-ar'
AS='as'
AUTOCONF='${SHELL} '\''/home/runner/work/gnu-tools-for-stm32/gnu-tools-for-stm32/src/expat/conftools/missing'\'' autoconf'
AUTOHEADER='${SHELL} '\''/home/runner/work/gnu-tools-for-stm32/gnu-tools-for-stm32/src/expat/conftools/missing'\'' autoheader'
AUTOMAKE='${SHELL} '\''/home/runner/work/gnu-tools-for-stm32/gnu-tools-for-stm32/src/expat/conftools/missing'\'' automake-1.16'
AWK='gawk'
CC='x86_64-linux-gnu-gcc'
CCDEPMODE='depmode=gcc3'
CFLAGS='-g -O2 -Wall -Wmissing-prototypes -Wstrict-prototypes -fexceptions -fno-strict-aliasing'
CPPFLAGS=' -DHAVE_EXPAT_CONFIG_H'
CSCOPE='cscope'
CTAGS='ctags'
CXX='x86_64-linux-gnu-g++'
CXXCPP='x86_64-linux-gnu-g++ -E'
CXXDEPMODE='depmode=gcc3'
CXXFLAGS='-g -O2 -fno-strict-aliasing'
CYGPATH_W='echo'
DEFS='-DHAVE_CONFIG_H'
DEPDIR='.deps'
DLLTOOL='dlltool'
DOCBOOK_TO_MAN=''
DSYMUTIL=''
DUMPBIN=''
ECHO_C=''
ECHO_N='-n'
ECHO_T=''
EGREP='/usr/bin/grep -E'
ETAGS='etags'
EXEEXT=''
FGREP='/usr/bin/grep -F'
FILECMD='file'
FILEMAP='unixfilemap'
GREP='/usr/bin/grep'
INSTALL_DATA='${INSTALL} -m 644'
INSTALL_PROGRAM='${INSTALL}'
INSTALL_SCRIPT='${INSTALL}'
INSTALL_STRIP_PROGRAM='$(install_sh) -c -s'
LD='/usr/bin/ld -m elf_x86_64'
LDFLAGS=' -fno-strict-aliasing'
LIBAGE='6'
LIBCURRENT='7'
LIBOBJS=''
LIBREVISION='7'
LIBS=''
LIBTOOL='$(SHELL) $(top_builddir)/libtool'
LIPO=''
LN_S='ln -s'
LTLIBOBJS=''
LT_SYS_LIBRARY_PATH=''
MAKEINFO='${SHELL} '\''/home/runner/work/gnu-tools-for-stm32/gnu-tools-for-stm32/src/expat/conftools/missing'\'' makeinfo'
MANIFEST_TOOL=':'
MINGW_FALSE=''
MINGW_TRUE='#'
MKDIR_P='/usr/bin/mkdir -p'
NM='/usr/bin/x86_64-linux-gnu-nm -B'
NMEDIT=''
OBJDUMP='objdump'
OBJEXT='o'
OTOOL64=''
OTOOL=''
PACKAGE='expat'
PACKAGE_BUGREPORT='expat-bugs@libexpat.org'
PACKAGE_NAME='expat'
PACKAGE_STRING='expat 2.2.5'
PACKAGE_TARNAME='expat'
PACKAGE_URL=''
PACKAGE_VERSION='2.2.5'
PATH_SEPARATOR=':'
RANLIB='x86_64-linux-gnu-ranlib'
SED='/usr/bin/sed'
SET_MAKE=''
SHELL='/bin/bash'
STRIP='x86_64-linux-gnu-strip'
UNICODE_FALSE=''
UNICODE_TRUE='#'
VERSION='2.2.5'
WITH_DOCBOOK_FALSE=''
WITH_DOCBOOK_TRUE='#'
WITH_XMLWF_FALSE=''
WITH_XMLWF_TRUE='#'
ac_ct_AR=''
ac_ct_CC=''
ac_ct_CXX=''
ac_ct_DUMPBIN=''
am__EXEEXT_FALSE=''
am__EXEEXT_TRUE='#'
am__fastdepCC_FALSE='#'
am__fastdepCC_TRUE=''
am__fastdepCXX_FALSE='#'
am__fastdepCXX_TRUE=''
am__include='include'
am__isrc=' -I$(srcdir)'
am__leading_dot='.'
am__nodep='_no'
am__quote=''
am__tar='$${TAR-tar} chof - "$$tardir"'
am__untar='$${TAR-tar} xf -'
bindir='${exec_prefix}/bin'
build='x86_64-pc-linux-gnu'
build_alias='x86_64-linux-gnu'
build_cpu='x86_64'
build_os='linux-gnu'
build_vendor='pc'
datadir='${datarootdir}'
datarootdir='${prefix}/share'
docdir='${datarootdir}/doc/${PACKAGE_TARNAME}'
dvidir='${docdir}'
exec_prefix='${prefix}'
host='x86_64-pc-linux-gnu'
host_alias='x86_64-linux-gnu'
host_cpu='x86_64'
host_os='linux-gnu'
host_vendor='pc'
htmldir='${docdir}'
includedir='${prefix}/include'
infodir='${datarootdir}/info'
install_sh='${SHELL} /home/runner/work/gnu-tools-for-stm32/gnu-tools-for-stm32/src/expat/conftools/install-sh'
libdir='${exec_prefix}/lib'
libexecdir='${exec_prefix}/libexec'
localedir='${datarootdir}/locale'
localstatedir='${prefix}/var'
mandir='${datarootdir}/man'
mkdir_p='$(MKDIR_P)'
oldincludedir='/usr/include'
pdfdir='${docdir}'
prefix='/home/runner/work/gnu-tools-for-stm32/gnu-tools-for-stm32/build-native/host-libs/usr'
program_transform_name='s,x,x,'
psdir='${docdir}'
runstatedir='${localstatedir}/run'
sbindir='${exec_prefix}/sbin'
sharedstatedir='${prefix}/com'
sysconfdir='${prefix}/etc'
target_alias='arm-none-eabi'

## ----------- ##
## confdefs.h. ##
## ----------- ##

/* confdefs.h */
#define PACKAGE_NAME "expat"
#define PACKAGE_TARNAME "expat"
#define PACKAGE_VERSION "2.2.5"
#define PACKAGE_STRING "expat 2.2.5"
#define PACKAGE_BUGREPORT "expat-bugs@libexpat.org"
#define PACKAGE_URL ""
#define PACKAGE "expat"
#define VERSION "2.2.5"
#define HAVE_STDIO_H 1
#define HAVE_STDLIB_H 1
#define HAVE_STRING_H 1
#define HAVE_INTTYPES_H 1
#define HAVE_STDINT_H 1
#define HAVE_STRINGS_H 1
#define HAVE_SYS_STAT_H 1
#define HAVE_SYS_TYPES_H 1
#define HAVE_UNISTD_H 1
#define HAVE_SYS_PARAM_H 1
#define STDC_HEADERS 1
#define HAVE_DLFCN_H 1
#define LT_OBJDIR ".libs/"
#define BYTEORDER 1234
#define HAVE_MEMMOVE 1
#define HAVE_BCOPY 1
#define HAVE_ARC4RANDOM_BUF 1
#define HAVE_GETRANDOM 1
#define HAVE_FCNTL_H 1
#define HAVE_UNISTD_H 1
#define HAVE_GETPAGESIZE 1
#define HAVE_MMAP 1
#define XML_NS 1
#define XML_DTD 1
#define XML_DEV_URANDOM 1
#define XML_CONTEXT_BYTES 1024

configure: exit 0
