This file contains any messages produced by compilers while
running configure, to aid debugging if configure makes a mistake.

It was created by mpc configure 1.0.3, which was
generated by GNU Autoconf 2.71.  Invocation command line was

  $ /home/runner/work/gnu-tools-for-stm32/gnu-tools-for-stm32/src/mpc/configure --build=x86_64-linux-gnu --host=x86_64-linux-gnu --target=arm-none-eabi --prefix=/home/runner/work/gnu-tools-for-stm32/gnu-tools-for-stm32/build-native/host-libs/usr --disable-shared --with-gmp=/home/runner/work/gnu-tools-for-stm32/gnu-tools-for-stm32/build-native/host-libs/usr --with-mpfr=/home/runner/work/gnu-tools-for-stm32/gnu-tools-for-stm32/build-native/host-libs/usr

## --------- ##
## Platform. ##
## --------- ##

hostname = runnervmf2e7y
uname -m = x86_64
uname -r = 6.11.0-1018-azure
uname -s = Linux
uname -v = #18~24.04.1-Ubuntu SMP Sat Jun 28 04:46:03 UTC 2025

/usr/bin/uname -p = x86_64
/bin/uname -X     = unknown

/bin/arch              = x86_64
/usr/bin/arch -k       = unknown
/usr/convex/getsysinfo = unknown
/usr/bin/hostinfo      = unknown
/bin/machine           = unknown
/usr/bin/oslevel       = unknown
/bin/universe          = unknown

PATH: /snap/bin/
PATH: /home/runner/.local/bin/
PATH: /opt/pipx_bin/
PATH: /home/runner/.cargo/bin/
PATH: /home/runner/.config/composer/vendor/bin/
PATH: /usr/local/.ghcup/bin/
PATH: /home/runner/.dotnet/tools/
PATH: /usr/local/sbin/
PATH: /usr/local/bin/
PATH: /usr/sbin/
PATH: /usr/bin/
PATH: /sbin/
PATH: /bin/
PATH: /usr/games/
PATH: /usr/local/games/
PATH: /snap/bin/


## ----------- ##
## Core tests. ##
## ----------- ##

configure:2444: looking for aux files: ltmain.sh ar-lib compile config.guess config.sub missing install-sh
configure:2457:  trying /home/runner/work/gnu-tools-for-stm32/gnu-tools-for-stm32/src/mpc/
configure:2486:   /home/runner/work/gnu-tools-for-stm32/gnu-tools-for-stm32/src/mpc/ltmain.sh found
configure:2486:   /home/runner/work/gnu-tools-for-stm32/gnu-tools-for-stm32/src/mpc/ar-lib found
configure:2486:   /home/runner/work/gnu-tools-for-stm32/gnu-tools-for-stm32/src/mpc/compile found
configure:2486:   /home/runner/work/gnu-tools-for-stm32/gnu-tools-for-stm32/src/mpc/config.guess found
configure:2486:   /home/runner/work/gnu-tools-for-stm32/gnu-tools-for-stm32/src/mpc/config.sub found
configure:2486:   /home/runner/work/gnu-tools-for-stm32/gnu-tools-for-stm32/src/mpc/missing found
configure:2468:   /home/runner/work/gnu-tools-for-stm32/gnu-tools-for-stm32/src/mpc/install-sh found
configure:2619: checking for a BSD-compatible install
configure:2692: result: /usr/bin/install -c
configure:2703: checking whether build environment is sane
configure:2758: result: yes
configure:2917: checking for a race-free mkdir -p
configure:2961: result: /usr/bin/mkdir -p
configure:2968: checking for gawk
configure:2989: found /usr/bin/gawk
configure:3000: result: gawk
configure:3011: checking whether make sets $(MAKE)
configure:3034: result: yes
configure:3064: checking whether make supports nested variables
configure:3082: result: yes
configure:3219: checking whether to enable maintainer-specific portions of Makefiles
configure:3229: result: no
configure:3252: checking build system type
configure:3267: result: x86_64-pc-linux-gnu
configure:3287: checking host system type
configure:3301: result: x86_64-pc-linux-gnu
configure:3499: checking for grep that handles long lines and -e
configure:3563: result: /usr/bin/grep
configure:3568: checking for egrep
configure:3636: result: /usr/bin/grep -E
configure:3641: checking for a sed that does not truncate output
configure:3711: result: /usr/bin/sed
configure:3718: checking for CC and CFLAGS in gmp.h
configure:3744: result: yes CC=gcc CFLAGS=-O2 -pedantic -fomit-frame-pointer -m64 -mtune=k8 -march=k8
configure:3750: checking for CC=gcc and CFLAGS=-O2 -pedantic -fomit-frame-pointer -m64 -mtune=k8 -march=k8
configure:3754: result: yes
configure:3786: checking for x86_64-linux-gnu-gcc
configure:3818: result: gcc
configure:4216: checking for C compiler version
configure:4225: gcc --version >&5
gcc (Ubuntu 13.3.0-6ubuntu2~24.04) 13.3.0
Copyright (C) 2023 Free Software Foundation, Inc.
This is free software; see the source for copying conditions.  There is NO
warranty; not even for MERCHANTABILITY or FITNESS FOR A PARTICULAR PURPOSE.

configure:4236: $? = 0
configure:4225: gcc -v >&5
Using built-in specs.
COLLECT_GCC=gcc
COLLECT_LTO_WRAPPER=/usr/libexec/gcc/x86_64-linux-gnu/13/lto-wrapper
OFFLOAD_TARGET_NAMES=nvptx-none:amdgcn-amdhsa
OFFLOAD_TARGET_DEFAULT=1
Target: x86_64-linux-gnu
Configured with: ../src/configure -v --with-pkgversion='Ubuntu 13.3.0-6ubuntu2~24.04' --with-bugurl=file:///usr/share/doc/gcc-13/README.Bugs --enable-languages=c,ada,c++,go,d,fortran,objc,obj-c++,m2 --prefix=/usr --with-gcc-major-version-only --program-suffix=-13 --program-prefix=x86_64-linux-gnu- --enable-shared --enable-linker-build-id --libexecdir=/usr/libexec --without-included-gettext --enable-threads=posix --libdir=/usr/lib --enable-nls --enable-bootstrap --enable-clocale=gnu --enable-libstdcxx-debug --enable-libstdcxx-time=yes --with-default-libstdcxx-abi=new --enable-libstdcxx-backtrace --enable-gnu-unique-object --disable-vtable-verify --enable-plugin --enable-default-pie --with-system-zlib --enable-libphobos-checking=release --with-target-system-zlib=auto --enable-objc-gc=auto --enable-multiarch --disable-werror --enable-cet --with-arch-32=i686 --with-abi=m64 --with-multilib-list=m32,m64,mx32 --enable-multilib --with-tune=generic --enable-offload-targets=nvptx-none=/build/gcc-13-fG75Ri/gcc-13-13.3.0/debian/tmp-nvptx/usr,amdgcn-amdhsa=/build/gcc-13-fG75Ri/gcc-13-13.3.0/debian/tmp-gcn/usr --enable-offload-defaulted --without-cuda-driver --enable-checking=release --build=x86_64-linux-gnu --host=x86_64-linux-gnu --target=x86_64-linux-gnu --with-build-config=bootstrap-lto-lean --enable-link-serialization=2
Thread model: posix
Supported LTO compression algorithms: zlib zstd
gcc version 13.3.0 (Ubuntu 13.3.0-6ubuntu2~24.04) 
... rest of stderr output deleted ...
configure:4236: $? = 0
configure:4225: gcc -V >&5
gcc: error: unrecognized command-line option '-V'
gcc: fatal error: no input files
compilation terminated.
configure:4236: $? = 1
configure:4225: gcc -qversion >&5
gcc: error: unrecognized command-line option '-qversion'; did you mean '--version'?
gcc: fatal error: no input files
compilation terminated.
configure:4236: $? = 1
configure:4225: gcc -version >&5
gcc: error: unrecognized command-line option '-version'
gcc: fatal error: no input files
compilation terminated.
configure:4236: $? = 1
configure:4256: checking whether the C compiler works
configure:4278: gcc -O2 -pedantic -fomit-frame-pointer -m64 -mtune=k8 -march=k8 -I/home/runner/work/gnu-tools-for-stm32/gnu-tools-for-stm32/build-native/host-libs/usr/include -I/home/runner/work/gnu-tools-for-stm32/gnu-tools-for-stm32/build-native/host-libs/usr/include  -L/home/runner/work/gnu-tools-for-stm32/gnu-tools-for-stm32/build-native/host-libs/usr/lib -L/home/runner/work/gnu-tools-for-stm32/gnu-tools-for-stm32/build-native/host-libs/usr/lib  conftest.c  >&5
configure:4282: $? = 0
configure:4332: result: yes
configure:4335: checking for C compiler default output file name
configure:4337: result: a.out
configure:4343: checking for suffix of executables
configure:4350: gcc -o conftest -O2 -pedantic -fomit-frame-pointer -m64 -mtune=k8 -march=k8 -I/home/runner/work/gnu-tools-for-stm32/gnu-tools-for-stm32/build-native/host-libs/usr/include -I/home/runner/work/gnu-tools-for-stm32/gnu-tools-for-stm32/build-native/host-libs/usr/include  -L/home/runner/work/gnu-tools-for-stm32/gnu-tools-for-stm32/build-native/host-libs/usr/lib -L/home/runner/work/gnu-tools-for-stm32/gnu-tools-for-stm32/build-native/host-libs/usr/lib  conftest.c  >&5
configure:4354: $? = 0
configure:4377: result: 
configure:4399: checking whether we are cross compiling
configure:4407: gcc -o conftest -O2 -pedantic -fomit-frame-pointer -m64 -mtune=k8 -march=k8 -I/home/runner/work/gnu-tools-for-stm32/gnu-tools-for-stm32/build-native/host-libs/usr/include -I/home/runner/work/gnu-tools-for-stm32/gnu-tools-for-stm32/build-native/host-libs/usr/include  -L/home/runner/work/gnu-tools-for-stm32/gnu-tools-for-stm32/build-native/host-libs/usr/lib -L/home/runner/work/gnu-tools-for-stm32/gnu-tools-for-stm32/build-native/host-libs/usr/lib  conftest.c  >&5
configure:4411: $? = 0
configure:4418: ./conftest
configure:4422: $? = 0
configure:4437: result: no
configure:4442: checking for suffix of object files
configure:4465: gcc -c -O2 -pedantic -fomit-frame-pointer -m64 -mtune=k8 -march=k8 -I/home/runner/work/gnu-tools-for-stm32/gnu-tools-for-stm32/build-native/host-libs/usr/include -I/home/runner/work/gnu-tools-for-stm32/gnu-tools-for-stm32/build-native/host-libs/usr/include  conftest.c >&5
configure:4469: $? = 0
configure:4491: result: o
configure:4495: checking whether the compiler supports GNU C
configure:4515: gcc -c -O2 -pedantic -fomit-frame-pointer -m64 -mtune=k8 -march=k8 -I/home/runner/work/gnu-tools-for-stm32/gnu-tools-for-stm32/build-native/host-libs/usr/include -I/home/runner/work/gnu-tools-for-stm32/gnu-tools-for-stm32/build-native/host-libs/usr/include  conftest.c >&5
configure:4515: $? = 0
configure:4525: result: yes
configure:4536: checking whether gcc accepts -g
configure:4557: gcc -c -g -I/home/runner/work/gnu-tools-for-stm32/gnu-tools-for-stm32/build-native/host-libs/usr/include -I/home/runner/work/gnu-tools-for-stm32/gnu-tools-for-stm32/build-native/host-libs/usr/include  conftest.c >&5
configure:4557: $? = 0
configure:4601: result: yes
configure:4621: checking for gcc option to enable C11 features
configure:4636: gcc  -c -O2 -pedantic -fomit-frame-pointer -m64 -mtune=k8 -march=k8 -I/home/runner/work/gnu-tools-for-stm32/gnu-tools-for-stm32/build-native/host-libs/usr/include -I/home/runner/work/gnu-tools-for-stm32/gnu-tools-for-stm32/build-native/host-libs/usr/include  conftest.c >&5
configure:4636: $? = 0
configure:4654: result: none needed
configure:4770: checking whether gcc understands -c and -o together
configure:4793: gcc -c conftest.c -o conftest2.o
configure:4796: $? = 0
configure:4793: gcc -c conftest.c -o conftest2.o
configure:4796: $? = 0
configure:4808: result: yes
configure:4828: checking whether make supports the include directive
configure:4843: make -f confmf.GNU && cat confinc.out
this is the am__doit target
configure:4846: $? = 0
configure:4865: result: yes (GNU style)
configure:4891: checking dependency style of gcc
configure:5003: result: gcc3
configure:5033: checking for x86_64-linux-gnu-ar
configure:5054: found /usr/bin/x86_64-linux-gnu-ar
configure:5065: result: x86_64-linux-gnu-ar
configure:5140: checking the archiver (x86_64-linux-gnu-ar) interface
configure:5157: gcc -c -O2 -pedantic -fomit-frame-pointer -m64 -mtune=k8 -march=k8 -I/home/runner/work/gnu-tools-for-stm32/gnu-tools-for-stm32/build-native/host-libs/usr/include -I/home/runner/work/gnu-tools-for-stm32/gnu-tools-for-stm32/build-native/host-libs/usr/include  conftest.c >&5
configure:5157: $? = 0
configure:5160: x86_64-linux-gnu-ar cru libconftest.a conftest.o >&5
x86_64-linux-gnu-ar: `u' modifier ignored since `D' is the default (see `U')
configure:5163: $? = 0
configure:5191: result: ar
configure:5260: checking how to print strings
configure:5287: result: printf
configure:5308: checking for a sed that does not truncate output
configure:5378: result: /usr/bin/sed
configure:5396: checking for fgrep
configure:5464: result: /usr/bin/grep -F
configure:5500: checking for ld used by gcc
configure:5568: result: /usr/bin/ld
configure:5575: checking if the linker (/usr/bin/ld) is GNU ld
configure:5591: result: yes
configure:5603: checking for BSD- or MS-compatible name lister (nm)
configure:5658: result: /usr/bin/x86_64-linux-gnu-nm -B
configure:5798: checking the name lister (/usr/bin/x86_64-linux-gnu-nm -B) interface
configure:5806: gcc -c -O2 -pedantic -fomit-frame-pointer -m64 -mtune=k8 -march=k8 -I/home/runner/work/gnu-tools-for-stm32/gnu-tools-for-stm32/build-native/host-libs/usr/include -I/home/runner/work/gnu-tools-for-stm32/gnu-tools-for-stm32/build-native/host-libs/usr/include  conftest.c >&5
configure:5809: /usr/bin/x86_64-linux-gnu-nm -B "conftest.o"
configure:5812: output
0000000000000000 B some_variable
configure:5819: result: BSD nm
configure:5822: checking whether ln -s works
configure:5826: result: yes
configure:5834: checking the maximum length of command line arguments
configure:5966: result: 3145728
configure:6014: checking how to convert x86_64-pc-linux-gnu file names to x86_64-pc-linux-gnu format
configure:6055: result: func_convert_file_noop
configure:6062: checking how to convert x86_64-pc-linux-gnu file names to toolchain format
configure:6083: result: func_convert_file_noop
configure:6090: checking for /usr/bin/ld option to reload object files
configure:6098: result: -r
configure:6132: checking for x86_64-linux-gnu-file
configure:6167: result: no
configure:6177: checking for file
configure:6198: found /usr/bin/file
configure:6209: result: file
configure:6240: checking for x86_64-linux-gnu-objdump
configure:6261: found /usr/bin/x86_64-linux-gnu-objdump
configure:6272: result: x86_64-linux-gnu-objdump
configure:6349: checking how to recognize dependent libraries
configure:6550: result: pass_all
configure:6595: checking for x86_64-linux-gnu-dlltool
configure:6630: result: no
configure:6640: checking for dlltool
configure:6675: result: no
configure:6705: checking how to associate runtime and link libraries
configure:6733: result: printf %s\n
configure:6749: checking for x86_64-linux-gnu-ar
configure:6781: result: x86_64-linux-gnu-ar
configure:6883: checking for archiver @FILE support
configure:6901: gcc -c -O2 -pedantic -fomit-frame-pointer -m64 -mtune=k8 -march=k8 -I/home/runner/work/gnu-tools-for-stm32/gnu-tools-for-stm32/build-native/host-libs/usr/include -I/home/runner/work/gnu-tools-for-stm32/gnu-tools-for-stm32/build-native/host-libs/usr/include  conftest.c >&5
configure:6901: $? = 0
configure:6905: x86_64-linux-gnu-ar cr libconftest.a @conftest.lst >&5
configure:6908: $? = 0
configure:6913: x86_64-linux-gnu-ar cr libconftest.a @conftest.lst >&5
x86_64-linux-gnu-ar: conftest.o: No such file or directory
configure:6916: $? = 1
configure:6928: result: @
configure:6946: checking for x86_64-linux-gnu-strip
configure:6967: found /usr/bin/x86_64-linux-gnu-strip
configure:6978: result: x86_64-linux-gnu-strip
configure:7055: checking for x86_64-linux-gnu-ranlib
configure:7076: found /usr/bin/x86_64-linux-gnu-ranlib
configure:7087: result: x86_64-linux-gnu-ranlib
configure:7234: checking command to parse /usr/bin/x86_64-linux-gnu-nm -B output from gcc object
configure:7388: gcc -c -O2 -pedantic -fomit-frame-pointer -m64 -mtune=k8 -march=k8 -I/home/runner/work/gnu-tools-for-stm32/gnu-tools-for-stm32/build-native/host-libs/usr/include -I/home/runner/work/gnu-tools-for-stm32/gnu-tools-for-stm32/build-native/host-libs/usr/include  conftest.c >&5
configure:7391: $? = 0
configure:7395: /usr/bin/x86_64-linux-gnu-nm -B conftest.o | /usr/bin/sed -n -e 's/^.*[	 ]\([ABCDGIRSTW][ABCDGIRSTW]*\)[	 ][	 ]*\([_A-Za-z][_A-Za-z0-9]*\)$/\1 \2 \2/p' | /usr/bin/sed '/ __gnu_lto/d' > conftest.nm
configure:7461: gcc -o conftest -O2 -pedantic -fomit-frame-pointer -m64 -mtune=k8 -march=k8 -I/home/runner/work/gnu-tools-for-stm32/gnu-tools-for-stm32/build-native/host-libs/usr/include -I/home/runner/work/gnu-tools-for-stm32/gnu-tools-for-stm32/build-native/host-libs/usr/include  -L/home/runner/work/gnu-tools-for-stm32/gnu-tools-for-stm32/build-native/host-libs/usr/lib -L/home/runner/work/gnu-tools-for-stm32/gnu-tools-for-stm32/build-native/host-libs/usr/lib  conftest.c conftstm.o >&5
conftest.c:29:20: warning: ISO C forbids conversion of function pointer to object pointer type [-Wpedantic]
   29 |   {"nm_test_func", (void *) &nm_test_func},
      |                    ^
configure:7464: $? = 0
configure:7502: result: ok
configure:7549: checking for sysroot
configure:7580: result: no
configure:7587: checking for a working dd
configure:7631: result: /usr/bin/dd
configure:7635: checking how to truncate binary pipes
configure:7651: result: /usr/bin/dd bs=4096 count=1
configure:7788: gcc -c -O2 -pedantic -fomit-frame-pointer -m64 -mtune=k8 -march=k8 -I/home/runner/work/gnu-tools-for-stm32/gnu-tools-for-stm32/build-native/host-libs/usr/include -I/home/runner/work/gnu-tools-for-stm32/gnu-tools-for-stm32/build-native/host-libs/usr/include  conftest.c >&5
configure:7791: $? = 0
configure:7943: checking for x86_64-linux-gnu-mt
configure:7978: result: no
configure:7988: checking for mt
configure:8009: found /usr/bin/mt
configure:8020: result: mt
configure:8043: checking if mt is a manifest tool
configure:8050: mt '-?'
configure:8058: result: no
configure:8783: checking for stdio.h
configure:8783: gcc -c -O2 -pedantic -fomit-frame-pointer -m64 -mtune=k8 -march=k8 -I/home/runner/work/gnu-tools-for-stm32/gnu-tools-for-stm32/build-native/host-libs/usr/include -I/home/runner/work/gnu-tools-for-stm32/gnu-tools-for-stm32/build-native/host-libs/usr/include  conftest.c >&5
configure:8783: $? = 0
configure:8783: result: yes
configure:8783: checking for stdlib.h
configure:8783: gcc -c -O2 -pedantic -fomit-frame-pointer -m64 -mtune=k8 -march=k8 -I/home/runner/work/gnu-tools-for-stm32/gnu-tools-for-stm32/build-native/host-libs/usr/include -I/home/runner/work/gnu-tools-for-stm32/gnu-tools-for-stm32/build-native/host-libs/usr/include  conftest.c >&5
configure:8783: $? = 0
configure:8783: result: yes
configure:8783: checking for string.h
configure:8783: gcc -c -O2 -pedantic -fomit-frame-pointer -m64 -mtune=k8 -march=k8 -I/home/runner/work/gnu-tools-for-stm32/gnu-tools-for-stm32/build-native/host-libs/usr/include -I/home/runner/work/gnu-tools-for-stm32/gnu-tools-for-stm32/build-native/host-libs/usr/include  conftest.c >&5
configure:8783: $? = 0
configure:8783: result: yes
configure:8783: checking for inttypes.h
configure:8783: gcc -c -O2 -pedantic -fomit-frame-pointer -m64 -mtune=k8 -march=k8 -I/home/runner/work/gnu-tools-for-stm32/gnu-tools-for-stm32/build-native/host-libs/usr/include -I/home/runner/work/gnu-tools-for-stm32/gnu-tools-for-stm32/build-native/host-libs/usr/include  conftest.c >&5
configure:8783: $? = 0
configure:8783: result: yes
configure:8783: checking for stdint.h
configure:8783: gcc -c -O2 -pedantic -fomit-frame-pointer -m64 -mtune=k8 -march=k8 -I/home/runner/work/gnu-tools-for-stm32/gnu-tools-for-stm32/build-native/host-libs/usr/include -I/home/runner/work/gnu-tools-for-stm32/gnu-tools-for-stm32/build-native/host-libs/usr/include  conftest.c >&5
configure:8783: $? = 0
configure:8783: result: yes
configure:8783: checking for strings.h
configure:8783: gcc -c -O2 -pedantic -fomit-frame-pointer -m64 -mtune=k8 -march=k8 -I/home/runner/work/gnu-tools-for-stm32/gnu-tools-for-stm32/build-native/host-libs/usr/include -I/home/runner/work/gnu-tools-for-stm32/gnu-tools-for-stm32/build-native/host-libs/usr/include  conftest.c >&5
configure:8783: $? = 0
configure:8783: result: yes
configure:8783: checking for sys/stat.h
configure:8783: gcc -c -O2 -pedantic -fomit-frame-pointer -m64 -mtune=k8 -march=k8 -I/home/runner/work/gnu-tools-for-stm32/gnu-tools-for-stm32/build-native/host-libs/usr/include -I/home/runner/work/gnu-tools-for-stm32/gnu-tools-for-stm32/build-native/host-libs/usr/include  conftest.c >&5
configure:8783: $? = 0
configure:8783: result: yes
configure:8783: checking for sys/types.h
configure:8783: gcc -c -O2 -pedantic -fomit-frame-pointer -m64 -mtune=k8 -march=k8 -I/home/runner/work/gnu-tools-for-stm32/gnu-tools-for-stm32/build-native/host-libs/usr/include -I/home/runner/work/gnu-tools-for-stm32/gnu-tools-for-stm32/build-native/host-libs/usr/include  conftest.c >&5
configure:8783: $? = 0
configure:8783: result: yes
configure:8783: checking for unistd.h
configure:8783: gcc -c -O2 -pedantic -fomit-frame-pointer -m64 -mtune=k8 -march=k8 -I/home/runner/work/gnu-tools-for-stm32/gnu-tools-for-stm32/build-native/host-libs/usr/include -I/home/runner/work/gnu-tools-for-stm32/gnu-tools-for-stm32/build-native/host-libs/usr/include  conftest.c >&5
configure:8783: $? = 0
configure:8783: result: yes
configure:8783: checking for sys/time.h
configure:8783: gcc -c -O2 -pedantic -fomit-frame-pointer -m64 -mtune=k8 -march=k8 -I/home/runner/work/gnu-tools-for-stm32/gnu-tools-for-stm32/build-native/host-libs/usr/include -I/home/runner/work/gnu-tools-for-stm32/gnu-tools-for-stm32/build-native/host-libs/usr/include  conftest.c >&5
configure:8783: $? = 0
configure:8783: result: yes
configure:8808: checking for dlfcn.h
configure:8808: gcc -c -O2 -pedantic -fomit-frame-pointer -m64 -mtune=k8 -march=k8 -I/home/runner/work/gnu-tools-for-stm32/gnu-tools-for-stm32/build-native/host-libs/usr/include -I/home/runner/work/gnu-tools-for-stm32/gnu-tools-for-stm32/build-native/host-libs/usr/include  conftest.c >&5
configure:8808: $? = 0
configure:8808: result: yes
configure:9067: checking for objdir
configure:9083: result: .libs
configure:9347: checking if gcc supports -fno-rtti -fno-exceptions
configure:9366: gcc -c -O2 -pedantic -fomit-frame-pointer -m64 -mtune=k8 -march=k8 -I/home/runner/work/gnu-tools-for-stm32/gnu-tools-for-stm32/build-native/host-libs/usr/include -I/home/runner/work/gnu-tools-for-stm32/gnu-tools-for-stm32/build-native/host-libs/usr/include  -fno-rtti -fno-exceptions conftest.c >&5
cc1: warning: command-line option '-fno-rtti' is valid for C++/D/ObjC++ but not for C
configure:9370: $? = 0
configure:9383: result: no
configure:9747: checking for gcc option to produce PIC
configure:9755: result: -fPIC -DPIC
configure:9763: checking if gcc PIC flag -fPIC -DPIC works
configure:9782: gcc -c -O2 -pedantic -fomit-frame-pointer -m64 -mtune=k8 -march=k8 -I/home/runner/work/gnu-tools-for-stm32/gnu-tools-for-stm32/build-native/host-libs/usr/include -I/home/runner/work/gnu-tools-for-stm32/gnu-tools-for-stm32/build-native/host-libs/usr/include  -fPIC -DPIC -DPIC conftest.c >&5
configure:9786: $? = 0
configure:9799: result: yes
configure:9828: checking if gcc static flag -static works
configure:9857: result: yes
configure:9872: checking if gcc supports -c -o file.o
configure:9894: gcc -c -O2 -pedantic -fomit-frame-pointer -m64 -mtune=k8 -march=k8 -I/home/runner/work/gnu-tools-for-stm32/gnu-tools-for-stm32/build-native/host-libs/usr/include -I/home/runner/work/gnu-tools-for-stm32/gnu-tools-for-stm32/build-native/host-libs/usr/include  -o out/conftest2.o conftest.c >&5
configure:9898: $? = 0
configure:9920: result: yes
configure:9928: checking if gcc supports -c -o file.o
configure:9976: result: yes
configure:10009: checking whether the gcc linker (/usr/bin/ld -m elf_x86_64) supports shared libraries
configure:11283: result: yes
configure:11524: checking dynamic linker characteristics
configure:12106: gcc -o conftest -O2 -pedantic -fomit-frame-pointer -m64 -mtune=k8 -march=k8 -I/home/runner/work/gnu-tools-for-stm32/gnu-tools-for-stm32/build-native/host-libs/usr/include -I/home/runner/work/gnu-tools-for-stm32/gnu-tools-for-stm32/build-native/host-libs/usr/include  -L/home/runner/work/gnu-tools-for-stm32/gnu-tools-for-stm32/build-native/host-libs/usr/lib -L/home/runner/work/gnu-tools-for-stm32/gnu-tools-for-stm32/build-native/host-libs/usr/lib  -Wl,-rpath -Wl,/foo conftest.c  >&5
configure:12106: $? = 0
configure:12357: result: GNU/Linux ld.so
configure:12479: checking how to hardcode library paths into programs
configure:12504: result: immediate
configure:13056: checking whether stripping libraries is possible
configure:13065: result: yes
configure:13107: checking if libtool supports shared libraries
configure:13109: result: yes
configure:13112: checking whether to build shared libraries
configure:13137: result: no
configure:13140: checking whether to build static libraries
configure:13144: result: yes
configure:13183: checking for gmp.h
configure:13191: gcc -c -O2 -pedantic -fomit-frame-pointer -m64 -mtune=k8 -march=k8 -I/home/runner/work/gnu-tools-for-stm32/gnu-tools-for-stm32/build-native/host-libs/usr/include -I/home/runner/work/gnu-tools-for-stm32/gnu-tools-for-stm32/build-native/host-libs/usr/include  conftest.c >&5
configure:13191: $? = 0
configure:13193: result: yes
configure:14096: checking for egrep
configure:14164: result: /usr/bin/grep -E
configure:14170: checking for locale.h
configure:14170: gcc -c -O2 -pedantic -fomit-frame-pointer -m64 -mtune=k8 -march=k8 -I/home/runner/work/gnu-tools-for-stm32/gnu-tools-for-stm32/build-native/host-libs/usr/include -I/home/runner/work/gnu-tools-for-stm32/gnu-tools-for-stm32/build-native/host-libs/usr/include  conftest.c >&5
configure:14170: $? = 0
configure:14170: result: yes
configure:14176: checking for inttypes.h
configure:14176: result: yes
configure:14182: checking for stdint.h
configure:14182: result: yes
configure:14188: checking for limits.h
configure:14188: gcc -c -O2 -pedantic -fomit-frame-pointer -m64 -mtune=k8 -march=k8 -I/home/runner/work/gnu-tools-for-stm32/gnu-tools-for-stm32/build-native/host-libs/usr/include -I/home/runner/work/gnu-tools-for-stm32/gnu-tools-for-stm32/build-native/host-libs/usr/include  conftest.c >&5
configure:14188: $? = 0
configure:14188: result: yes
configure:14194: checking for unistd.h
configure:14194: result: yes
configure:14200: checking for sys/time.h
configure:14200: result: yes
configure:14218: checking for complex.h
configure:14218: gcc -c -O2 -pedantic -fomit-frame-pointer -m64 -mtune=k8 -march=k8 -I/home/runner/work/gnu-tools-for-stm32/gnu-tools-for-stm32/build-native/host-libs/usr/include -I/home/runner/work/gnu-tools-for-stm32/gnu-tools-for-stm32/build-native/host-libs/usr/include  conftest.c >&5
configure:14218: $? = 0
configure:14218: result: yes
configure:14224: checking for library containing creal
configure:14254: gcc -o conftest -O2 -pedantic -fomit-frame-pointer -m64 -mtune=k8 -march=k8 -I/home/runner/work/gnu-tools-for-stm32/gnu-tools-for-stm32/build-native/host-libs/usr/include -I/home/runner/work/gnu-tools-for-stm32/gnu-tools-for-stm32/build-native/host-libs/usr/include  -L/home/runner/work/gnu-tools-for-stm32/gnu-tools-for-stm32/build-native/host-libs/usr/lib -L/home/runner/work/gnu-tools-for-stm32/gnu-tools-for-stm32/build-native/host-libs/usr/lib  conftest.c  >&5
conftest.c:35:6: warning: conflicting types for built-in function 'creal'; expected 'double(_Complex double)' [-Wbuiltin-declaration-mismatch]
   35 | char creal ();
      |      ^~~~~
conftest.c:1:1: note: 'creal' is declared in header '<complex.h>'
    1 | /* confdefs.h */
/usr/bin/ld: /tmp/ccL7iRYm.o: in function `main':
conftest.c:(.text.startup+0xb): undefined reference to `creal'
collect2: error: ld returned 1 exit status
configure:14254: $? = 1
configure: failed program was:
| /* confdefs.h */
| #define PACKAGE_NAME "mpc"
| #define PACKAGE_TARNAME "mpc"
| #define PACKAGE_VERSION "1.0.3"
| #define PACKAGE_STRING "mpc 1.0.3"
| #define PACKAGE_BUGREPORT "mpc-discuss@lists.gforge.inria.fr"
| #define PACKAGE_URL ""
| #define PACKAGE "mpc"
| #define VERSION "1.0.3"
| #define HAVE_STDIO_H 1
| #define HAVE_STDLIB_H 1
| #define HAVE_STRING_H 1
| #define HAVE_INTTYPES_H 1
| #define HAVE_STDINT_H 1
| #define HAVE_STRINGS_H 1
| #define HAVE_SYS_STAT_H 1
| #define HAVE_SYS_TYPES_H 1
| #define HAVE_UNISTD_H 1
| #define HAVE_SYS_TIME_H 1
| #define STDC_HEADERS 1
| #define HAVE_DLFCN_H 1
| #define LT_OBJDIR ".libs/"
| #define HAVE_LOCALE_H 1
| #define HAVE_INTTYPES_H 1
| #define HAVE_STDINT_H 1
| #define HAVE_LIMITS_H 1
| #define HAVE_UNISTD_H 1
| #define HAVE_SYS_TIME_H 1
| #define TIME_WITH_SYS_TIME 1
| /* end confdefs.h.  */
| 
| /* Override any GCC internal prototype to avoid an error.
|    Use char because int might match the return type of a GCC
|    builtin and then its argument prototype would still apply.  */
| char creal ();
| int
| main (void)
| {
| return creal ();
|   ;
|   return 0;
| }
configure:14254: gcc -o conftest -O2 -pedantic -fomit-frame-pointer -m64 -mtune=k8 -march=k8 -I/home/runner/work/gnu-tools-for-stm32/gnu-tools-for-stm32/build-native/host-libs/usr/include -I/home/runner/work/gnu-tools-for-stm32/gnu-tools-for-stm32/build-native/host-libs/usr/include  -L/home/runner/work/gnu-tools-for-stm32/gnu-tools-for-stm32/build-native/host-libs/usr/lib -L/home/runner/work/gnu-tools-for-stm32/gnu-tools-for-stm32/build-native/host-libs/usr/lib  conftest.c -lm   >&5
conftest.c:35:6: warning: conflicting types for built-in function 'creal'; expected 'double(_Complex double)' [-Wbuiltin-declaration-mismatch]
   35 | char creal ();
      |      ^~~~~
conftest.c:1:1: note: 'creal' is declared in header '<complex.h>'
    1 | /* confdefs.h */
configure:14254: $? = 0
configure:14274: result: -lm
configure:14284: checking whether creal, cimag and I can be used
configure:14301: gcc -o conftest -O2 -pedantic -fomit-frame-pointer -m64 -mtune=k8 -march=k8 -I/home/runner/work/gnu-tools-for-stm32/gnu-tools-for-stm32/build-native/host-libs/usr/include -I/home/runner/work/gnu-tools-for-stm32/gnu-tools-for-stm32/build-native/host-libs/usr/include  -L/home/runner/work/gnu-tools-for-stm32/gnu-tools-for-stm32/build-native/host-libs/usr/lib -L/home/runner/work/gnu-tools-for-stm32/gnu-tools-for-stm32/build-native/host-libs/usr/lib  conftest.c -lm  >&5
configure:14301: $? = 0
configure:14304: result: yes
configure:14326: checking for an ANSI C-conforming const
configure:14393: gcc -c -O2 -pedantic -fomit-frame-pointer -m64 -mtune=k8 -march=k8 -I/home/runner/work/gnu-tools-for-stm32/gnu-tools-for-stm32/build-native/host-libs/usr/include -I/home/runner/work/gnu-tools-for-stm32/gnu-tools-for-stm32/build-native/host-libs/usr/include  conftest.c >&5
configure:14393: $? = 0
configure:14401: result: yes
configure:14409: checking for size_t
configure:14409: gcc -c -O2 -pedantic -fomit-frame-pointer -m64 -mtune=k8 -march=k8 -I/home/runner/work/gnu-tools-for-stm32/gnu-tools-for-stm32/build-native/host-libs/usr/include -I/home/runner/work/gnu-tools-for-stm32/gnu-tools-for-stm32/build-native/host-libs/usr/include  conftest.c >&5
configure:14409: $? = 0
configure:14409: gcc -c -O2 -pedantic -fomit-frame-pointer -m64 -mtune=k8 -march=k8 -I/home/runner/work/gnu-tools-for-stm32/gnu-tools-for-stm32/build-native/host-libs/usr/include -I/home/runner/work/gnu-tools-for-stm32/gnu-tools-for-stm32/build-native/host-libs/usr/include  conftest.c >&5
conftest.c: In function 'main':
conftest.c:63:21: error: expected expression before ')' token
   63 | if (sizeof ((size_t)))
      |                     ^
configure:14409: $? = 1
configure: failed program was:
| /* confdefs.h */
| #define PACKAGE_NAME "mpc"
| #define PACKAGE_TARNAME "mpc"
| #define PACKAGE_VERSION "1.0.3"
| #define PACKAGE_STRING "mpc 1.0.3"
| #define PACKAGE_BUGREPORT "mpc-discuss@lists.gforge.inria.fr"
| #define PACKAGE_URL ""
| #define PACKAGE "mpc"
| #define VERSION "1.0.3"
| #define HAVE_STDIO_H 1
| #define HAVE_STDLIB_H 1
| #define HAVE_STRING_H 1
| #define HAVE_INTTYPES_H 1
| #define HAVE_STDINT_H 1
| #define HAVE_STRINGS_H 1
| #define HAVE_SYS_STAT_H 1
| #define HAVE_SYS_TYPES_H 1
| #define HAVE_UNISTD_H 1
| #define HAVE_SYS_TIME_H 1
| #define STDC_HEADERS 1
| #define HAVE_DLFCN_H 1
| #define LT_OBJDIR ".libs/"
| #define HAVE_LOCALE_H 1
| #define HAVE_INTTYPES_H 1
| #define HAVE_STDINT_H 1
| #define HAVE_LIMITS_H 1
| #define HAVE_UNISTD_H 1
| #define HAVE_SYS_TIME_H 1
| #define TIME_WITH_SYS_TIME 1
| #define HAVE_COMPLEX_H 1
| /* end confdefs.h.  */
| #include <stddef.h>
| #ifdef HAVE_STDIO_H
| # include <stdio.h>
| #endif
| #ifdef HAVE_STDLIB_H
| # include <stdlib.h>
| #endif
| #ifdef HAVE_STRING_H
| # include <string.h>
| #endif
| #ifdef HAVE_INTTYPES_H
| # include <inttypes.h>
| #endif
| #ifdef HAVE_STDINT_H
| # include <stdint.h>
| #endif
| #ifdef HAVE_STRINGS_H
| # include <strings.h>
| #endif
| #ifdef HAVE_SYS_TYPES_H
| # include <sys/types.h>
| #endif
| #ifdef HAVE_SYS_STAT_H
| # include <sys/stat.h>
| #endif
| #ifdef HAVE_UNISTD_H
| # include <unistd.h>
| #endif
| int
| main (void)
| {
| if (sizeof ((size_t)))
| 	    return 0;
|   ;
|   return 0;
| }
configure:14409: result: yes
configure:14421: checking for gettimeofday
configure:14421: gcc -o conftest -O2 -pedantic -fomit-frame-pointer -m64 -mtune=k8 -march=k8 -I/home/runner/work/gnu-tools-for-stm32/gnu-tools-for-stm32/build-native/host-libs/usr/include -I/home/runner/work/gnu-tools-for-stm32/gnu-tools-for-stm32/build-native/host-libs/usr/include  -L/home/runner/work/gnu-tools-for-stm32/gnu-tools-for-stm32/build-native/host-libs/usr/lib -L/home/runner/work/gnu-tools-for-stm32/gnu-tools-for-stm32/build-native/host-libs/usr/lib  conftest.c -lm  >&5
configure:14421: $? = 0
configure:14421: result: yes
configure:14427: checking for localeconv
configure:14427: gcc -o conftest -O2 -pedantic -fomit-frame-pointer -m64 -mtune=k8 -march=k8 -I/home/runner/work/gnu-tools-for-stm32/gnu-tools-for-stm32/build-native/host-libs/usr/include -I/home/runner/work/gnu-tools-for-stm32/gnu-tools-for-stm32/build-native/host-libs/usr/include  -L/home/runner/work/gnu-tools-for-stm32/gnu-tools-for-stm32/build-native/host-libs/usr/lib -L/home/runner/work/gnu-tools-for-stm32/gnu-tools-for-stm32/build-native/host-libs/usr/lib  conftest.c -lm  >&5
configure:14427: $? = 0
configure:14427: result: yes
configure:14433: checking for setlocale
configure:14433: gcc -o conftest -O2 -pedantic -fomit-frame-pointer -m64 -mtune=k8 -march=k8 -I/home/runner/work/gnu-tools-for-stm32/gnu-tools-for-stm32/build-native/host-libs/usr/include -I/home/runner/work/gnu-tools-for-stm32/gnu-tools-for-stm32/build-native/host-libs/usr/include  -L/home/runner/work/gnu-tools-for-stm32/gnu-tools-for-stm32/build-native/host-libs/usr/lib -L/home/runner/work/gnu-tools-for-stm32/gnu-tools-for-stm32/build-native/host-libs/usr/lib  conftest.c -lm  >&5
configure:14433: $? = 0
configure:14433: result: yes
configure:14444: checking for dup
configure:14444: gcc -o conftest -O2 -pedantic -fomit-frame-pointer -m64 -mtune=k8 -march=k8 -I/home/runner/work/gnu-tools-for-stm32/gnu-tools-for-stm32/build-native/host-libs/usr/include -I/home/runner/work/gnu-tools-for-stm32/gnu-tools-for-stm32/build-native/host-libs/usr/include  -L/home/runner/work/gnu-tools-for-stm32/gnu-tools-for-stm32/build-native/host-libs/usr/lib -L/home/runner/work/gnu-tools-for-stm32/gnu-tools-for-stm32/build-native/host-libs/usr/lib  conftest.c -lm  >&5
configure:14444: $? = 0
configure:14444: result: yes
configure:14444: checking for dup2
configure:14444: gcc -o conftest -O2 -pedantic -fomit-frame-pointer -m64 -mtune=k8 -march=k8 -I/home/runner/work/gnu-tools-for-stm32/gnu-tools-for-stm32/build-native/host-libs/usr/include -I/home/runner/work/gnu-tools-for-stm32/gnu-tools-for-stm32/build-native/host-libs/usr/include  -L/home/runner/work/gnu-tools-for-stm32/gnu-tools-for-stm32/build-native/host-libs/usr/lib -L/home/runner/work/gnu-tools-for-stm32/gnu-tools-for-stm32/build-native/host-libs/usr/lib  conftest.c -lm  >&5
configure:14444: $? = 0
configure:14444: result: yes
configure:14459: checking for __gmpz_init in -lgmp
configure:14482: gcc -o conftest -O2 -pedantic -fomit-frame-pointer -m64 -mtune=k8 -march=k8 -I/home/runner/work/gnu-tools-for-stm32/gnu-tools-for-stm32/build-native/host-libs/usr/include -I/home/runner/work/gnu-tools-for-stm32/gnu-tools-for-stm32/build-native/host-libs/usr/include  -L/home/runner/work/gnu-tools-for-stm32/gnu-tools-for-stm32/build-native/host-libs/usr/lib -L/home/runner/work/gnu-tools-for-stm32/gnu-tools-for-stm32/build-native/host-libs/usr/lib  conftest.c -lgmp  -lm  >&5
configure:14482: $? = 0
configure:14492: result: yes
configure:14502: checking for MPFR
configure:14517: gcc -o conftest -O2 -pedantic -fomit-frame-pointer -m64 -mtune=k8 -march=k8 -I/home/runner/work/gnu-tools-for-stm32/gnu-tools-for-stm32/build-native/host-libs/usr/include -I/home/runner/work/gnu-tools-for-stm32/gnu-tools-for-stm32/build-native/host-libs/usr/include  -L/home/runner/work/gnu-tools-for-stm32/gnu-tools-for-stm32/build-native/host-libs/usr/lib -L/home/runner/work/gnu-tools-for-stm32/gnu-tools-for-stm32/build-native/host-libs/usr/lib  conftest.c -lmpfr -lgmp -lm  >&5
configure:14517: $? = 0
configure:14519: result: yes
configure:14537: checking for recent GMP
configure:14549: gcc -c -O2 -pedantic -fomit-frame-pointer -m64 -mtune=k8 -march=k8 -I/home/runner/work/gnu-tools-for-stm32/gnu-tools-for-stm32/build-native/host-libs/usr/include -I/home/runner/work/gnu-tools-for-stm32/gnu-tools-for-stm32/build-native/host-libs/usr/include  conftest.c >&5
configure:14549: $? = 0
configure:14551: result: yes
configure:14565: checking for recent MPFR
configure:14577: gcc -c -O2 -pedantic -fomit-frame-pointer -m64 -mtune=k8 -march=k8 -I/home/runner/work/gnu-tools-for-stm32/gnu-tools-for-stm32/build-native/host-libs/usr/include -I/home/runner/work/gnu-tools-for-stm32/gnu-tools-for-stm32/build-native/host-libs/usr/include  conftest.c >&5
configure:14577: $? = 0
configure:14579: result: yes
configure:15129: checking if gcc accepts -dumpversion option
configure:15156: cat conftest.c 1>&5
int main()
{
	return 0;
}
configure:15159: $? = 0
configure:15163: gcc  -dumpversion -c conftest.c 1>&5
13
configure:15166: $? = 0
configure:15170: result: yes
configure:15199: checking gcc version
configure:15215: result: 13
configure:15398: checking that generated files are newer than configure
configure:15404: result: done
configure:15431: creating ./config.status

## ---------------------- ##
## Running config.status. ##
## ---------------------- ##

This file was extended by mpc config.status 1.0.3, which was
generated by GNU Autoconf 2.71.  Invocation command line was

  CONFIG_FILES    = 
  CONFIG_HEADERS  = 
  CONFIG_LINKS    = 
  CONFIG_COMMANDS = 
  $ ./config.status 

on runnervmf2e7y

config.status:1115: creating Makefile
config.status:1115: creating src/Makefile
config.status:1115: creating tests/Makefile
config.status:1115: creating doc/Makefile
config.status:1115: creating config.h
config.status:1329: executing depfiles commands
config.status:1406: cd src       && sed -e '/# am--include-marker/d' Makefile         | make -f - am--depfiles
config.status:1411: $? = 0
config.status:1406: cd tests       && sed -e '/# am--include-marker/d' Makefile         | make -f - am--depfiles
config.status:1411: $? = 0
config.status:1329: executing libtool commands

## ---------------- ##
## Cache variables. ##
## ---------------- ##

ac_cv_build=x86_64-pc-linux-gnu
ac_cv_c_compiler_gnu=yes
ac_cv_c_const=yes
ac_cv_env_CC_set=
ac_cv_env_CC_value=
ac_cv_env_CFLAGS_set=
ac_cv_env_CFLAGS_value=
ac_cv_env_CPPFLAGS_set=
ac_cv_env_CPPFLAGS_value=
ac_cv_env_LDFLAGS_set=
ac_cv_env_LDFLAGS_value=
ac_cv_env_LIBS_set=
ac_cv_env_LIBS_value=
ac_cv_env_LT_SYS_LIBRARY_PATH_set=
ac_cv_env_LT_SYS_LIBRARY_PATH_value=
ac_cv_env_build_alias_set=set
ac_cv_env_build_alias_value=x86_64-linux-gnu
ac_cv_env_host_alias_set=set
ac_cv_env_host_alias_value=x86_64-linux-gnu
ac_cv_env_target_alias_set=set
ac_cv_env_target_alias_value=arm-none-eabi
ac_cv_func_dup2=yes
ac_cv_func_dup=yes
ac_cv_func_gettimeofday=yes
ac_cv_func_localeconv=yes
ac_cv_func_setlocale=yes
ac_cv_header_complex_h=yes
ac_cv_header_dlfcn_h=yes
ac_cv_header_inttypes_h=yes
ac_cv_header_limits_h=yes
ac_cv_header_locale_h=yes
ac_cv_header_stdint_h=yes
ac_cv_header_stdio_h=yes
ac_cv_header_stdlib_h=yes
ac_cv_header_string_h=yes
ac_cv_header_strings_h=yes
ac_cv_header_sys_stat_h=yes
ac_cv_header_sys_time_h=yes
ac_cv_header_sys_types_h=yes
ac_cv_header_unistd_h=yes
ac_cv_host=x86_64-pc-linux-gnu
ac_cv_lib_gmp___gmpz_init=yes
ac_cv_objext=o
ac_cv_path_EGREP='/usr/bin/grep -E'
ac_cv_path_FGREP='/usr/bin/grep -F'
ac_cv_path_GREP=/usr/bin/grep
ac_cv_path_SED=/usr/bin/sed
ac_cv_path_install='/usr/bin/install -c'
ac_cv_path_lt_DD=/usr/bin/dd
ac_cv_path_mkdir=/usr/bin/mkdir
ac_cv_prog_AR=x86_64-linux-gnu-ar
ac_cv_prog_AWK=gawk
ac_cv_prog_CC=gcc
ac_cv_prog_OBJDUMP=x86_64-linux-gnu-objdump
ac_cv_prog_RANLIB=x86_64-linux-gnu-ranlib
ac_cv_prog_STRIP=x86_64-linux-gnu-strip
ac_cv_prog_ac_ct_FILECMD=file
ac_cv_prog_ac_ct_MANIFEST_TOOL=mt
ac_cv_prog_cc_c11=
ac_cv_prog_cc_g=yes
ac_cv_prog_cc_stdc=
ac_cv_prog_make_make_set=yes
ac_cv_search_creal=-lm
ac_cv_type_size_t=yes
am_cv_CC_dependencies_compiler_type=gcc3
am_cv_ar_interface=ar
am_cv_make_support_nested_variables=yes
am_cv_prog_cc_c_o=yes
ax_cv_gcc_version=13
lt_cv_ar_at_file=@
lt_cv_deplibs_check_method=pass_all
lt_cv_file_magic_cmd='$MAGIC_CMD'
lt_cv_file_magic_test_file=
lt_cv_ld_reload_flag=-r
lt_cv_nm_interface='BSD nm'
lt_cv_objdir=.libs
lt_cv_path_LD=/usr/bin/ld
lt_cv_path_NM='/usr/bin/x86_64-linux-gnu-nm -B'
lt_cv_path_mainfest_tool=no
lt_cv_prog_compiler_c_o=yes
lt_cv_prog_compiler_pic='-fPIC -DPIC'
lt_cv_prog_compiler_pic_works=yes
lt_cv_prog_compiler_rtti_exceptions=no
lt_cv_prog_compiler_static_works=yes
lt_cv_prog_gnu_ld=yes
lt_cv_sharedlib_from_linklib_cmd='printf %s\n'
lt_cv_shlibpath_overrides_runpath=yes
lt_cv_sys_global_symbol_pipe='/usr/bin/sed -n -e '\''s/^.*[	 ]\([ABCDGIRSTW][ABCDGIRSTW]*\)[	 ][	 ]*\([_A-Za-z][_A-Za-z0-9]*\)$/\1 \2 \2/p'\'' | /usr/bin/sed '\''/ __gnu_lto/d'\'''
lt_cv_sys_global_symbol_to_c_name_address='/usr/bin/sed -n -e '\''s/^: \(.*\) .*$/  {"\1", (void *) 0},/p'\'' -e '\''s/^[ABCDGIRSTW][ABCDGIRSTW]* .* \(.*\)$/  {"\1", (void *) \&\1},/p'\'''
lt_cv_sys_global_symbol_to_c_name_address_lib_prefix='/usr/bin/sed -n -e '\''s/^: \(.*\) .*$/  {"\1", (void *) 0},/p'\'' -e '\''s/^[ABCDGIRSTW][ABCDGIRSTW]* .* \(lib.*\)$/  {"\1", (void *) \&\1},/p'\'' -e '\''s/^[ABCDGIRSTW][ABCDGIRSTW]* .* \(.*\)$/  {"lib\1", (void *) \&\1},/p'\'''
lt_cv_sys_global_symbol_to_cdecl='/usr/bin/sed -n -e '\''s/^T .* \(.*\)$/extern int \1();/p'\'' -e '\''s/^[ABCDGIRSTW][ABCDGIRSTW]* .* \(.*\)$/extern char \1;/p'\'''
lt_cv_sys_global_symbol_to_import=
lt_cv_sys_max_cmd_len=3145728
lt_cv_to_host_file_cmd=func_convert_file_noop
lt_cv_to_tool_file_cmd=func_convert_file_noop
lt_cv_truncate_bin='/usr/bin/dd bs=4096 count=1'

## ----------------- ##
## Output variables. ##
## ----------------- ##

ACLOCAL='${SHELL} '\''/home/runner/work/gnu-tools-for-stm32/gnu-tools-for-stm32/src/mpc/missing'\'' aclocal-1.16'
AMDEPBACKSLASH='\'
AMDEP_FALSE='#'
AMDEP_TRUE=''
AMTAR='$${TAR-tar}'
AM_BACKSLASH='\'
AM_DEFAULT_V='$(AM_DEFAULT_VERBOSITY)'
AM_DEFAULT_VERBOSITY='1'
AM_V='$(V)'
AR='x86_64-linux-gnu-ar'
AS='as'
AUTOCONF='${SHELL} '\''/home/runner/work/gnu-tools-for-stm32/gnu-tools-for-stm32/src/mpc/missing'\'' autoconf'
AUTOHEADER='${SHELL} '\''/home/runner/work/gnu-tools-for-stm32/gnu-tools-for-stm32/src/mpc/missing'\'' autoheader'
AUTOMAKE='${SHELL} '\''/home/runner/work/gnu-tools-for-stm32/gnu-tools-for-stm32/src/mpc/missing'\'' automake-1.16'
AWK='gawk'
CC='gcc'
CCDEPMODE='depmode=gcc3'
CFLAGS='-O2 -pedantic -fomit-frame-pointer -m64 -mtune=k8 -march=k8'
CPPFLAGS='-I/home/runner/work/gnu-tools-for-stm32/gnu-tools-for-stm32/build-native/host-libs/usr/include -I/home/runner/work/gnu-tools-for-stm32/gnu-tools-for-stm32/build-native/host-libs/usr/include '
CSCOPE='cscope'
CTAGS='ctags'
CYGPATH_W='echo'
DEFS='-DHAVE_CONFIG_H'
DEPDIR='.deps'
DLLTOOL='false'
DSYMUTIL=''
DUMPBIN=''
ECHO_C=''
ECHO_N='-n'
ECHO_T=''
EGREP='/usr/bin/grep -E'
ETAGS='etags'
EXEEXT=''
FGREP='/usr/bin/grep -F'
FILECMD='file'
GCC_VERSION='13'
GITVERSION=''
GREP='/usr/bin/grep'
HASGIT=''
INSTALL_DATA='${INSTALL} -m 644'
INSTALL_PROGRAM='${INSTALL}'
INSTALL_SCRIPT='${INSTALL}'
INSTALL_STRIP_PROGRAM='$(install_sh) -c -s'
LD='/usr/bin/ld -m elf_x86_64'
LDFLAGS='-L/home/runner/work/gnu-tools-for-stm32/gnu-tools-for-stm32/build-native/host-libs/usr/lib -L/home/runner/work/gnu-tools-for-stm32/gnu-tools-for-stm32/build-native/host-libs/usr/lib '
LIBOBJS=''
LIBS='-lmpfr -lgmp -lm '
LIBTOOL='$(SHELL) $(top_builddir)/libtool'
LIPO=''
LN_S='ln -s'
LTLIBOBJS=''
LT_SYS_LIBRARY_PATH=''
MAINT='#'
MAINTAINER_MODE_FALSE=''
MAINTAINER_MODE_TRUE='#'
MAKEINFO='${SHELL} '\''/home/runner/work/gnu-tools-for-stm32/gnu-tools-for-stm32/src/mpc/missing'\'' makeinfo'
MANIFEST_TOOL=':'
MKDIR_P='/usr/bin/mkdir -p'
MPC_LDFLAGS=''
MPC_LOG_H=''
NM='/usr/bin/x86_64-linux-gnu-nm -B'
NMEDIT=''
OBJDUMP='x86_64-linux-gnu-objdump'
OBJEXT='o'
OTOOL64=''
OTOOL=''
PACKAGE='mpc'
PACKAGE_BUGREPORT='mpc-discuss@lists.gforge.inria.fr'
PACKAGE_NAME='mpc'
PACKAGE_STRING='mpc 1.0.3'
PACKAGE_TARNAME='mpc'
PACKAGE_URL=''
PACKAGE_VERSION='1.0.3'
PATH_SEPARATOR=':'
RANLIB='x86_64-linux-gnu-ranlib'
SED='/usr/bin/sed'
SET_MAKE=''
SHELL='/bin/bash'
STRIP='x86_64-linux-gnu-strip'
VALGRIND=''
VERSION='1.0.3'
ac_ct_AR=''
ac_ct_CC=''
ac_ct_DUMPBIN=''
am__EXEEXT_FALSE=''
am__EXEEXT_TRUE='#'
am__fastdepCC_FALSE='#'
am__fastdepCC_TRUE=''
am__include='include'
am__isrc=' -I$(srcdir)'
am__leading_dot='.'
am__nodep='_no'
am__quote=''
am__tar='$${TAR-tar} chof - "$$tardir"'
am__untar='$${TAR-tar} xf -'
bindir='${exec_prefix}/bin'
build='x86_64-pc-linux-gnu'
build_alias='x86_64-linux-gnu'
build_cpu='x86_64'
build_os='linux-gnu'
build_vendor='pc'
datadir='${datarootdir}'
datarootdir='${prefix}/share'
docdir='${datarootdir}/doc/${PACKAGE_TARNAME}'
dvidir='${docdir}'
exec_prefix='${prefix}'
host='x86_64-pc-linux-gnu'
host_alias='x86_64-linux-gnu'
host_cpu='x86_64'
host_os='linux-gnu'
host_vendor='pc'
htmldir='${docdir}'
includedir='${prefix}/include'
infodir='${datarootdir}/info'
install_sh='${SHELL} /home/runner/work/gnu-tools-for-stm32/gnu-tools-for-stm32/src/mpc/install-sh'
libdir='${exec_prefix}/lib'
libexecdir='${exec_prefix}/libexec'
localedir='${datarootdir}/locale'
localstatedir='${prefix}/var'
mandir='${datarootdir}/man'
mkdir_p='$(MKDIR_P)'
oldincludedir='/usr/include'
pdfdir='${docdir}'
prefix='/home/runner/work/gnu-tools-for-stm32/gnu-tools-for-stm32/build-native/host-libs/usr'
program_transform_name='s,x,x,'
psdir='${docdir}'
runstatedir='${localstatedir}/run'
sbindir='${exec_prefix}/sbin'
sharedstatedir='${prefix}/com'
sysconfdir='${prefix}/etc'
target_alias='arm-none-eabi'

## ----------- ##
## confdefs.h. ##
## ----------- ##

/* confdefs.h */
#define PACKAGE_NAME "mpc"
#define PACKAGE_TARNAME "mpc"
#define PACKAGE_VERSION "1.0.3"
#define PACKAGE_STRING "mpc 1.0.3"
#define PACKAGE_BUGREPORT "mpc-discuss@lists.gforge.inria.fr"
#define PACKAGE_URL ""
#define PACKAGE "mpc"
#define VERSION "1.0.3"
#define HAVE_STDIO_H 1
#define HAVE_STDLIB_H 1
#define HAVE_STRING_H 1
#define HAVE_INTTYPES_H 1
#define HAVE_STDINT_H 1
#define HAVE_STRINGS_H 1
#define HAVE_SYS_STAT_H 1
#define HAVE_SYS_TYPES_H 1
#define HAVE_UNISTD_H 1
#define HAVE_SYS_TIME_H 1
#define STDC_HEADERS 1
#define HAVE_DLFCN_H 1
#define LT_OBJDIR ".libs/"
#define HAVE_LOCALE_H 1
#define HAVE_INTTYPES_H 1
#define HAVE_STDINT_H 1
#define HAVE_LIMITS_H 1
#define HAVE_UNISTD_H 1
#define HAVE_SYS_TIME_H 1
#define TIME_WITH_SYS_TIME 1
#define HAVE_COMPLEX_H 1
#define HAVE_GETTIMEOFDAY 1
#define HAVE_LOCALECONV 1
#define HAVE_SETLOCALE 1
#define HAVE_DUP 1
#define HAVE_DUP2 1
#define MPC_GCC "yes"
#define MPC_CC "gcc"
#define MPC_GCC_VERSION "13"

configure: exit 0
