This file contains any messages produced by compilers while
running configure, to aid debugging if configure makes a mistake.

It was created by fixincludes configure  , which was
generated by GNU Autoconf 2.69.  Invocation command line was

  $ /home/runner/work/gnu-tools-for-stm32/gnu-tools-for-stm32/src/gcc/fixincludes/configure --srcdir=/home/runner/work/gnu-tools-for-stm32/gnu-tools-for-stm32/src/gcc/fixincludes --cache-file=./config.cache --prefix=/home/runner/work/gnu-tools-for-stm32/gnu-tools-for-stm32/install-native --libexecdir=/home/runner/work/gnu-tools-for-stm32/gnu-tools-for-stm32/install-native/lib --infodir=/home/runner/work/gnu-tools-for-stm32/gnu-tools-for-stm32/install-native/share/doc/gcc-arm-none-eabi/info --mandir=/home/runner/work/gnu-tools-for-stm32/gnu-tools-for-stm32/install-native/share/doc/gcc-arm-none-eabi/man --htmldir=/home/runner/work/gnu-tools-for-stm32/gnu-tools-for-stm32/install-native/share/doc/gcc-arm-none-eabi/html --pdfdir=/home/runner/work/gnu-tools-for-stm32/gnu-tools-for-stm32/install-native/share/doc/gcc-arm-none-eabi/pdf --enable-checking=release --disable-decimal-float --disable-libffi --disable-libgomp --disable-libmudflap --disable-libquadmath --disable-libssp --disable-libstdcxx-pch --disable-nls --disable-shared --disable-threads --disable-tls --with-gnu-as --with-gnu-ld --with-newlib --without-headers --with-python-dir=share/gcc-arm-none-eabi --with-sysroot=/home/runner/work/gnu-tools-for-stm32/gnu-tools-for-stm32/install-native/arm-none-eabi --with-gmp=/home/runner/work/gnu-tools-for-stm32/gnu-tools-for-stm32/build-native/host-libs/usr --with-mpfr=/home/runner/work/gnu-tools-for-stm32/gnu-tools-for-stm32/build-native/host-libs/usr --with-mpc=/home/runner/work/gnu-tools-for-stm32/gnu-tools-for-stm32/build-native/host-libs/usr --with-isl=/home/runner/work/gnu-tools-for-stm32/gnu-tools-for-stm32/build-native/host-libs/usr --with-host-libstdcxx=-static-libgcc -Wl,-Bstatic,-lstdc++,-Bdynamic -lm --with-pkgversion=GNU Tools for STM32 13.3-Rel1~c1c8ba1c7968ee004fdd94aa9fd79d96c8802dfd --with-multilib-list=rmprofile,aprofile --enable-languages=c,lto --program-transform-name=s&^&arm-none-eabi-& --disable-option-checking --with-build-subdir=build-x86_64-linux-gnu --build=x86_64-linux-gnu --host=x86_64-linux-gnu --target=arm-none-eabi

## --------- ##
## Platform. ##
## --------- ##

hostname = runnervmf2e7y
uname -m = x86_64
uname -r = 6.11.0-1018-azure
uname -s = Linux
uname -v = #18~24.04.1-Ubuntu SMP Sat Jun 28 04:46:03 UTC 2025

/usr/bin/uname -p = x86_64
/bin/uname -X     = unknown

/bin/arch              = x86_64
/usr/bin/arch -k       = unknown
/usr/convex/getsysinfo = unknown
/usr/bin/hostinfo      = unknown
/bin/machine           = unknown
/usr/bin/oslevel       = unknown
/bin/universe          = unknown

PATH: /snap/bin
PATH: /home/runner/.local/bin
PATH: /opt/pipx_bin
PATH: /home/runner/.cargo/bin
PATH: /home/runner/.config/composer/vendor/bin
PATH: /usr/local/.ghcup/bin
PATH: /home/runner/.dotnet/tools
PATH: /usr/local/sbin
PATH: /usr/local/bin
PATH: /usr/sbin
PATH: /usr/bin
PATH: /sbin
PATH: /bin
PATH: /usr/games
PATH: /usr/local/games
PATH: /snap/bin


## ----------- ##
## Core tests. ##
## ----------- ##

configure:2088: creating cache ./config.cache
configure:3285: checking build system type
configure:3299: result: x86_64-pc-linux-gnu
configure:3319: checking host system type
configure:3332: result: x86_64-pc-linux-gnu
configure:3352: checking target system type
configure:3365: result: arm-none-eabi
configure:3400: checking for x86_64-linux-gnu-gcc
configure:3427: result: x86_64-linux-gnu-gcc
configure:3696: checking for C compiler version
configure:3705: x86_64-linux-gnu-gcc --version >&5
x86_64-linux-gnu-gcc (Ubuntu 13.3.0-6ubuntu2~24.04) 13.3.0
Copyright (C) 2023 Free Software Foundation, Inc.
This is free software; see the source for copying conditions.  There is NO
warranty; not even for MERCHANTABILITY or FITNESS FOR A PARTICULAR PURPOSE.

configure:3716: $? = 0
configure:3705: x86_64-linux-gnu-gcc -v >&5
Using built-in specs.
COLLECT_GCC=x86_64-linux-gnu-gcc
COLLECT_LTO_WRAPPER=/usr/libexec/gcc/x86_64-linux-gnu/13/lto-wrapper
OFFLOAD_TARGET_NAMES=nvptx-none:amdgcn-amdhsa
OFFLOAD_TARGET_DEFAULT=1
Target: x86_64-linux-gnu
Configured with: ../src/configure -v --with-pkgversion='Ubuntu 13.3.0-6ubuntu2~24.04' --with-bugurl=file:///usr/share/doc/gcc-13/README.Bugs --enable-languages=c,ada,c++,go,d,fortran,objc,obj-c++,m2 --prefix=/usr --with-gcc-major-version-only --program-suffix=-13 --program-prefix=x86_64-linux-gnu- --enable-shared --enable-linker-build-id --libexecdir=/usr/libexec --without-included-gettext --enable-threads=posix --libdir=/usr/lib --enable-nls --enable-bootstrap --enable-clocale=gnu --enable-libstdcxx-debug --enable-libstdcxx-time=yes --with-default-libstdcxx-abi=new --enable-libstdcxx-backtrace --enable-gnu-unique-object --disable-vtable-verify --enable-plugin --enable-default-pie --with-system-zlib --enable-libphobos-checking=release --with-target-system-zlib=auto --enable-objc-gc=auto --enable-multiarch --disable-werror --enable-cet --with-arch-32=i686 --with-abi=m64 --with-multilib-list=m32,m64,mx32 --enable-multilib --with-tune=generic --enable-offload-targets=nvptx-none=/build/gcc-13-fG75Ri/gcc-13-13.3.0/debian/tmp-nvptx/usr,amdgcn-amdhsa=/build/gcc-13-fG75Ri/gcc-13-13.3.0/debian/tmp-gcn/usr --enable-offload-defaulted --without-cuda-driver --enable-checking=release --build=x86_64-linux-gnu --host=x86_64-linux-gnu --target=x86_64-linux-gnu --with-build-config=bootstrap-lto-lean --enable-link-serialization=2
Thread model: posix
Supported LTO compression algorithms: zlib zstd
gcc version 13.3.0 (Ubuntu 13.3.0-6ubuntu2~24.04) 
... rest of stderr output deleted ...
configure:3716: $? = 0
configure:3705: x86_64-linux-gnu-gcc -V >&5
x86_64-linux-gnu-gcc: error: unrecognized command-line option '-V'
x86_64-linux-gnu-gcc: fatal error: no input files
compilation terminated.
configure:3716: $? = 1
configure:3705: x86_64-linux-gnu-gcc -qversion >&5
x86_64-linux-gnu-gcc: error: unrecognized command-line option '-qversion'; did you mean '--version'?
x86_64-linux-gnu-gcc: fatal error: no input files
compilation terminated.
configure:3716: $? = 1
configure:3736: checking whether the C compiler works
configure:3758: x86_64-linux-gnu-gcc -I/home/runner/work/gnu-tools-for-stm32/gnu-tools-for-stm32/build-native/host-libs/zlib/include -g -O2  -I/home/runner/work/gnu-tools-for-stm32/gnu-tools-for-stm32/build-native/host-libs/zlib/include -I/home/runner/work/gnu-tools-for-stm32/gnu-tools-for-stm32/build-native/host-libs/usr/include  -L/home/runner/work/gnu-tools-for-stm32/gnu-tools-for-stm32/build-native/host-libs/zlib/lib -L/home/runner/work/gnu-tools-for-stm32/gnu-tools-for-stm32/build-native/host-libs/usr/lib  conftest.c  >&5
configure:3762: $? = 0
configure:3810: result: yes
configure:3813: checking for C compiler default output file name
configure:3815: result: a.out
configure:3821: checking for suffix of executables
configure:3828: x86_64-linux-gnu-gcc -o conftest -I/home/runner/work/gnu-tools-for-stm32/gnu-tools-for-stm32/build-native/host-libs/zlib/include -g -O2  -I/home/runner/work/gnu-tools-for-stm32/gnu-tools-for-stm32/build-native/host-libs/zlib/include -I/home/runner/work/gnu-tools-for-stm32/gnu-tools-for-stm32/build-native/host-libs/usr/include  -L/home/runner/work/gnu-tools-for-stm32/gnu-tools-for-stm32/build-native/host-libs/zlib/lib -L/home/runner/work/gnu-tools-for-stm32/gnu-tools-for-stm32/build-native/host-libs/usr/lib  conftest.c  >&5
configure:3832: $? = 0
configure:3854: result: 
configure:3876: checking whether we are cross compiling
configure:3884: x86_64-linux-gnu-gcc -o conftest -I/home/runner/work/gnu-tools-for-stm32/gnu-tools-for-stm32/build-native/host-libs/zlib/include -g -O2  -I/home/runner/work/gnu-tools-for-stm32/gnu-tools-for-stm32/build-native/host-libs/zlib/include -I/home/runner/work/gnu-tools-for-stm32/gnu-tools-for-stm32/build-native/host-libs/usr/include  -L/home/runner/work/gnu-tools-for-stm32/gnu-tools-for-stm32/build-native/host-libs/zlib/lib -L/home/runner/work/gnu-tools-for-stm32/gnu-tools-for-stm32/build-native/host-libs/usr/lib  conftest.c  >&5
configure:3888: $? = 0
configure:3895: ./conftest
configure:3899: $? = 0
configure:3914: result: no
configure:3919: checking for suffix of object files
configure:3941: x86_64-linux-gnu-gcc -c -I/home/runner/work/gnu-tools-for-stm32/gnu-tools-for-stm32/build-native/host-libs/zlib/include -g -O2  -I/home/runner/work/gnu-tools-for-stm32/gnu-tools-for-stm32/build-native/host-libs/zlib/include -I/home/runner/work/gnu-tools-for-stm32/gnu-tools-for-stm32/build-native/host-libs/usr/include  conftest.c >&5
configure:3945: $? = 0
configure:3966: result: o
configure:3970: checking whether we are using the GNU C compiler
configure:3989: x86_64-linux-gnu-gcc -c -I/home/runner/work/gnu-tools-for-stm32/gnu-tools-for-stm32/build-native/host-libs/zlib/include -g -O2  -I/home/runner/work/gnu-tools-for-stm32/gnu-tools-for-stm32/build-native/host-libs/zlib/include -I/home/runner/work/gnu-tools-for-stm32/gnu-tools-for-stm32/build-native/host-libs/usr/include  conftest.c >&5
configure:3989: $? = 0
configure:3998: result: yes
configure:4007: checking whether x86_64-linux-gnu-gcc accepts -g
configure:4027: x86_64-linux-gnu-gcc -c -g -I/home/runner/work/gnu-tools-for-stm32/gnu-tools-for-stm32/build-native/host-libs/zlib/include -I/home/runner/work/gnu-tools-for-stm32/gnu-tools-for-stm32/build-native/host-libs/usr/include  conftest.c >&5
configure:4027: $? = 0
configure:4068: result: yes
configure:4085: checking for x86_64-linux-gnu-gcc option to accept ISO C89
configure:4148: x86_64-linux-gnu-gcc  -c -I/home/runner/work/gnu-tools-for-stm32/gnu-tools-for-stm32/build-native/host-libs/zlib/include -g -O2  -I/home/runner/work/gnu-tools-for-stm32/gnu-tools-for-stm32/build-native/host-libs/zlib/include -I/home/runner/work/gnu-tools-for-stm32/gnu-tools-for-stm32/build-native/host-libs/usr/include  conftest.c >&5
configure:4148: $? = 0
configure:4161: result: none needed
configure:4187: checking how to run the C preprocessor
configure:4218: x86_64-linux-gnu-gcc -E -I/home/runner/work/gnu-tools-for-stm32/gnu-tools-for-stm32/build-native/host-libs/zlib/include -I/home/runner/work/gnu-tools-for-stm32/gnu-tools-for-stm32/build-native/host-libs/usr/include  conftest.c
configure:4218: $? = 0
configure:4232: x86_64-linux-gnu-gcc -E -I/home/runner/work/gnu-tools-for-stm32/gnu-tools-for-stm32/build-native/host-libs/zlib/include -I/home/runner/work/gnu-tools-for-stm32/gnu-tools-for-stm32/build-native/host-libs/usr/include  conftest.c
conftest.c:9:10: fatal error: ac_nonexistent.h: No such file or directory
    9 | #include <ac_nonexistent.h>
      |          ^~~~~~~~~~~~~~~~~~
compilation terminated.
configure:4232: $? = 1
configure: failed program was:
| /* confdefs.h */
| #define PACKAGE_NAME "fixincludes"
| #define PACKAGE_TARNAME "fixincludes"
| #define PACKAGE_VERSION " "
| #define PACKAGE_STRING "fixincludes  "
| #define PACKAGE_BUGREPORT ""
| #define PACKAGE_URL ""
| /* end confdefs.h.  */
| #include <ac_nonexistent.h>
configure:4257: result: x86_64-linux-gnu-gcc -E
configure:4277: x86_64-linux-gnu-gcc -E -I/home/runner/work/gnu-tools-for-stm32/gnu-tools-for-stm32/build-native/host-libs/zlib/include -I/home/runner/work/gnu-tools-for-stm32/gnu-tools-for-stm32/build-native/host-libs/usr/include  conftest.c
configure:4277: $? = 0
configure:4291: x86_64-linux-gnu-gcc -E -I/home/runner/work/gnu-tools-for-stm32/gnu-tools-for-stm32/build-native/host-libs/zlib/include -I/home/runner/work/gnu-tools-for-stm32/gnu-tools-for-stm32/build-native/host-libs/usr/include  conftest.c
conftest.c:9:10: fatal error: ac_nonexistent.h: No such file or directory
    9 | #include <ac_nonexistent.h>
      |          ^~~~~~~~~~~~~~~~~~
compilation terminated.
configure:4291: $? = 1
configure: failed program was:
| /* confdefs.h */
| #define PACKAGE_NAME "fixincludes"
| #define PACKAGE_TARNAME "fixincludes"
| #define PACKAGE_VERSION " "
| #define PACKAGE_STRING "fixincludes  "
| #define PACKAGE_BUGREPORT ""
| #define PACKAGE_URL ""
| /* end confdefs.h.  */
| #include <ac_nonexistent.h>
configure:4320: checking for grep that handles long lines and -e
configure:4378: result: /usr/bin/grep
configure:4383: checking for egrep
configure:4445: result: /usr/bin/grep -E
configure:4450: checking for ANSI C header files
configure:4470: x86_64-linux-gnu-gcc -c -I/home/runner/work/gnu-tools-for-stm32/gnu-tools-for-stm32/build-native/host-libs/zlib/include -g -O2  -I/home/runner/work/gnu-tools-for-stm32/gnu-tools-for-stm32/build-native/host-libs/zlib/include -I/home/runner/work/gnu-tools-for-stm32/gnu-tools-for-stm32/build-native/host-libs/usr/include  conftest.c >&5
configure:4470: $? = 0
configure:4543: x86_64-linux-gnu-gcc -o conftest -I/home/runner/work/gnu-tools-for-stm32/gnu-tools-for-stm32/build-native/host-libs/zlib/include -g -O2  -I/home/runner/work/gnu-tools-for-stm32/gnu-tools-for-stm32/build-native/host-libs/zlib/include -I/home/runner/work/gnu-tools-for-stm32/gnu-tools-for-stm32/build-native/host-libs/usr/include  -L/home/runner/work/gnu-tools-for-stm32/gnu-tools-for-stm32/build-native/host-libs/zlib/lib -L/home/runner/work/gnu-tools-for-stm32/gnu-tools-for-stm32/build-native/host-libs/usr/lib  conftest.c  >&5
configure:4543: $? = 0
configure:4543: ./conftest
configure:4543: $? = 0
configure:4554: result: yes
configure:4567: checking for sys/types.h
configure:4567: x86_64-linux-gnu-gcc -c -I/home/runner/work/gnu-tools-for-stm32/gnu-tools-for-stm32/build-native/host-libs/zlib/include -g -O2  -I/home/runner/work/gnu-tools-for-stm32/gnu-tools-for-stm32/build-native/host-libs/zlib/include -I/home/runner/work/gnu-tools-for-stm32/gnu-tools-for-stm32/build-native/host-libs/usr/include  conftest.c >&5
configure:4567: $? = 0
configure:4567: result: yes
configure:4567: checking for sys/stat.h
configure:4567: x86_64-linux-gnu-gcc -c -I/home/runner/work/gnu-tools-for-stm32/gnu-tools-for-stm32/build-native/host-libs/zlib/include -g -O2  -I/home/runner/work/gnu-tools-for-stm32/gnu-tools-for-stm32/build-native/host-libs/zlib/include -I/home/runner/work/gnu-tools-for-stm32/gnu-tools-for-stm32/build-native/host-libs/usr/include  conftest.c >&5
configure:4567: $? = 0
configure:4567: result: yes
configure:4567: checking for stdlib.h
configure:4567: x86_64-linux-gnu-gcc -c -I/home/runner/work/gnu-tools-for-stm32/gnu-tools-for-stm32/build-native/host-libs/zlib/include -g -O2  -I/home/runner/work/gnu-tools-for-stm32/gnu-tools-for-stm32/build-native/host-libs/zlib/include -I/home/runner/work/gnu-tools-for-stm32/gnu-tools-for-stm32/build-native/host-libs/usr/include  conftest.c >&5
configure:4567: $? = 0
configure:4567: result: yes
configure:4567: checking for string.h
configure:4567: x86_64-linux-gnu-gcc -c -I/home/runner/work/gnu-tools-for-stm32/gnu-tools-for-stm32/build-native/host-libs/zlib/include -g -O2  -I/home/runner/work/gnu-tools-for-stm32/gnu-tools-for-stm32/build-native/host-libs/zlib/include -I/home/runner/work/gnu-tools-for-stm32/gnu-tools-for-stm32/build-native/host-libs/usr/include  conftest.c >&5
configure:4567: $? = 0
configure:4567: result: yes
configure:4567: checking for memory.h
configure:4567: x86_64-linux-gnu-gcc -c -I/home/runner/work/gnu-tools-for-stm32/gnu-tools-for-stm32/build-native/host-libs/zlib/include -g -O2  -I/home/runner/work/gnu-tools-for-stm32/gnu-tools-for-stm32/build-native/host-libs/zlib/include -I/home/runner/work/gnu-tools-for-stm32/gnu-tools-for-stm32/build-native/host-libs/usr/include  conftest.c >&5
configure:4567: $? = 0
configure:4567: result: yes
configure:4567: checking for strings.h
configure:4567: x86_64-linux-gnu-gcc -c -I/home/runner/work/gnu-tools-for-stm32/gnu-tools-for-stm32/build-native/host-libs/zlib/include -g -O2  -I/home/runner/work/gnu-tools-for-stm32/gnu-tools-for-stm32/build-native/host-libs/zlib/include -I/home/runner/work/gnu-tools-for-stm32/gnu-tools-for-stm32/build-native/host-libs/usr/include  conftest.c >&5
configure:4567: $? = 0
configure:4567: result: yes
configure:4567: checking for inttypes.h
configure:4567: x86_64-linux-gnu-gcc -c -I/home/runner/work/gnu-tools-for-stm32/gnu-tools-for-stm32/build-native/host-libs/zlib/include -g -O2  -I/home/runner/work/gnu-tools-for-stm32/gnu-tools-for-stm32/build-native/host-libs/zlib/include -I/home/runner/work/gnu-tools-for-stm32/gnu-tools-for-stm32/build-native/host-libs/usr/include  conftest.c >&5
configure:4567: $? = 0
configure:4567: result: yes
configure:4567: checking for stdint.h
configure:4567: x86_64-linux-gnu-gcc -c -I/home/runner/work/gnu-tools-for-stm32/gnu-tools-for-stm32/build-native/host-libs/zlib/include -g -O2  -I/home/runner/work/gnu-tools-for-stm32/gnu-tools-for-stm32/build-native/host-libs/zlib/include -I/home/runner/work/gnu-tools-for-stm32/gnu-tools-for-stm32/build-native/host-libs/usr/include  conftest.c >&5
configure:4567: $? = 0
configure:4567: result: yes
configure:4567: checking for unistd.h
configure:4567: x86_64-linux-gnu-gcc -c -I/home/runner/work/gnu-tools-for-stm32/gnu-tools-for-stm32/build-native/host-libs/zlib/include -g -O2  -I/home/runner/work/gnu-tools-for-stm32/gnu-tools-for-stm32/build-native/host-libs/zlib/include -I/home/runner/work/gnu-tools-for-stm32/gnu-tools-for-stm32/build-native/host-libs/usr/include  conftest.c >&5
configure:4567: $? = 0
configure:4567: result: yes
configure:4580: checking minix/config.h usability
configure:4580: x86_64-linux-gnu-gcc -c -I/home/runner/work/gnu-tools-for-stm32/gnu-tools-for-stm32/build-native/host-libs/zlib/include -g -O2  -I/home/runner/work/gnu-tools-for-stm32/gnu-tools-for-stm32/build-native/host-libs/zlib/include -I/home/runner/work/gnu-tools-for-stm32/gnu-tools-for-stm32/build-native/host-libs/usr/include  conftest.c >&5
conftest.c:52:10: fatal error: minix/config.h: No such file or directory
   52 | #include <minix/config.h>
      |          ^~~~~~~~~~~~~~~~
compilation terminated.
configure:4580: $? = 1
configure: failed program was:
| /* confdefs.h */
| #define PACKAGE_NAME "fixincludes"
| #define PACKAGE_TARNAME "fixincludes"
| #define PACKAGE_VERSION " "
| #define PACKAGE_STRING "fixincludes  "
| #define PACKAGE_BUGREPORT ""
| #define PACKAGE_URL ""
| #define STDC_HEADERS 1
| #define HAVE_SYS_TYPES_H 1
| #define HAVE_SYS_STAT_H 1
| #define HAVE_STDLIB_H 1
| #define HAVE_STRING_H 1
| #define HAVE_MEMORY_H 1
| #define HAVE_STRINGS_H 1
| #define HAVE_INTTYPES_H 1
| #define HAVE_STDINT_H 1
| #define HAVE_UNISTD_H 1
| /* end confdefs.h.  */
| #include <stdio.h>
| #ifdef HAVE_SYS_TYPES_H
| # include <sys/types.h>
| #endif
| #ifdef HAVE_SYS_STAT_H
| # include <sys/stat.h>
| #endif
| #ifdef STDC_HEADERS
| # include <stdlib.h>
| # include <stddef.h>
| #else
| # ifdef HAVE_STDLIB_H
| #  include <stdlib.h>
| # endif
| #endif
| #ifdef HAVE_STRING_H
| # if !defined STDC_HEADERS && defined HAVE_MEMORY_H
| #  include <memory.h>
| # endif
| # include <string.h>
| #endif
| #ifdef HAVE_STRINGS_H
| # include <strings.h>
| #endif
| #ifdef HAVE_INTTYPES_H
| # include <inttypes.h>
| #endif
| #ifdef HAVE_STDINT_H
| # include <stdint.h>
| #endif
| #ifdef HAVE_UNISTD_H
| # include <unistd.h>
| #endif
| #include <minix/config.h>
configure:4580: result: no
configure:4580: checking minix/config.h presence
configure:4580: x86_64-linux-gnu-gcc -E -I/home/runner/work/gnu-tools-for-stm32/gnu-tools-for-stm32/build-native/host-libs/zlib/include -I/home/runner/work/gnu-tools-for-stm32/gnu-tools-for-stm32/build-native/host-libs/usr/include  conftest.c
conftest.c:19:10: fatal error: minix/config.h: No such file or directory
   19 | #include <minix/config.h>
      |          ^~~~~~~~~~~~~~~~
compilation terminated.
configure:4580: $? = 1
configure: failed program was:
| /* confdefs.h */
| #define PACKAGE_NAME "fixincludes"
| #define PACKAGE_TARNAME "fixincludes"
| #define PACKAGE_VERSION " "
| #define PACKAGE_STRING "fixincludes  "
| #define PACKAGE_BUGREPORT ""
| #define PACKAGE_URL ""
| #define STDC_HEADERS 1
| #define HAVE_SYS_TYPES_H 1
| #define HAVE_SYS_STAT_H 1
| #define HAVE_STDLIB_H 1
| #define HAVE_STRING_H 1
| #define HAVE_MEMORY_H 1
| #define HAVE_STRINGS_H 1
| #define HAVE_INTTYPES_H 1
| #define HAVE_STDINT_H 1
| #define HAVE_UNISTD_H 1
| /* end confdefs.h.  */
| #include <minix/config.h>
configure:4580: result: no
configure:4580: checking for minix/config.h
configure:4580: result: no
configure:4601: checking whether it is safe to define __EXTENSIONS__
configure:4619: x86_64-linux-gnu-gcc -c -I/home/runner/work/gnu-tools-for-stm32/gnu-tools-for-stm32/build-native/host-libs/zlib/include -g -O2  -I/home/runner/work/gnu-tools-for-stm32/gnu-tools-for-stm32/build-native/host-libs/zlib/include -I/home/runner/work/gnu-tools-for-stm32/gnu-tools-for-stm32/build-native/host-libs/usr/include  conftest.c >&5
configure:4619: $? = 0
configure:4626: result: yes
configure:4640: checking for a sed that does not truncate output
configure:4704: result: /usr/bin/sed

## ---------------- ##
## Cache variables. ##
## ---------------- ##

ac_cv_build=x86_64-pc-linux-gnu
ac_cv_c_compiler_gnu=yes
ac_cv_env_CC_set=set
ac_cv_env_CC_value=x86_64-linux-gnu-gcc
ac_cv_env_CFLAGS_set=set
ac_cv_env_CFLAGS_value='-I/home/runner/work/gnu-tools-for-stm32/gnu-tools-for-stm32/build-native/host-libs/zlib/include -g -O2 '
ac_cv_env_CPPFLAGS_set=set
ac_cv_env_CPPFLAGS_value='-I/home/runner/work/gnu-tools-for-stm32/gnu-tools-for-stm32/build-native/host-libs/zlib/include -I/home/runner/work/gnu-tools-for-stm32/gnu-tools-for-stm32/build-native/host-libs/usr/include '
ac_cv_env_CPP_set=set
ac_cv_env_CPP_value=
ac_cv_env_LDFLAGS_set=set
ac_cv_env_LDFLAGS_value='-L/home/runner/work/gnu-tools-for-stm32/gnu-tools-for-stm32/build-native/host-libs/zlib/lib -L/home/runner/work/gnu-tools-for-stm32/gnu-tools-for-stm32/build-native/host-libs/usr/lib '
ac_cv_env_LIBS_set=
ac_cv_env_LIBS_value=
ac_cv_env_build_alias_set=set
ac_cv_env_build_alias_value=x86_64-linux-gnu
ac_cv_env_host_alias_set=set
ac_cv_env_host_alias_value=x86_64-linux-gnu
ac_cv_env_target_alias_set=set
ac_cv_env_target_alias_value=arm-none-eabi
ac_cv_header_inttypes_h=yes
ac_cv_header_memory_h=yes
ac_cv_header_minix_config_h=no
ac_cv_header_stdc=yes
ac_cv_header_stdint_h=yes
ac_cv_header_stdlib_h=yes
ac_cv_header_string_h=yes
ac_cv_header_strings_h=yes
ac_cv_header_sys_stat_h=yes
ac_cv_header_sys_types_h=yes
ac_cv_header_unistd_h=yes
ac_cv_host=x86_64-pc-linux-gnu
ac_cv_objext=o
ac_cv_path_EGREP='/usr/bin/grep -E'
ac_cv_path_GREP=/usr/bin/grep
ac_cv_path_SED=/usr/bin/sed
ac_cv_prog_CC=x86_64-linux-gnu-gcc
ac_cv_prog_CPP='x86_64-linux-gnu-gcc -E'
ac_cv_prog_cc_c89=
ac_cv_prog_cc_g=yes
ac_cv_safe_to_define___extensions__=yes
ac_cv_target=arm-none-eabi

## ----------------- ##
## Output variables. ##
## ----------------- ##

CC='x86_64-linux-gnu-gcc'
CFLAGS='-I/home/runner/work/gnu-tools-for-stm32/gnu-tools-for-stm32/build-native/host-libs/zlib/include -g -O2 '
CPP='x86_64-linux-gnu-gcc -E'
CPPFLAGS='-I/home/runner/work/gnu-tools-for-stm32/gnu-tools-for-stm32/build-native/host-libs/zlib/include -I/home/runner/work/gnu-tools-for-stm32/gnu-tools-for-stm32/build-native/host-libs/usr/include '
DEFS=''
ECHO_C=''
ECHO_N='-n'
ECHO_T=''
EGREP='/usr/bin/grep -E'
EXEEXT=''
GREP='/usr/bin/grep'
LDFLAGS='-L/home/runner/work/gnu-tools-for-stm32/gnu-tools-for-stm32/build-native/host-libs/zlib/lib -L/home/runner/work/gnu-tools-for-stm32/gnu-tools-for-stm32/build-native/host-libs/usr/lib '
LIBOBJS=''
LIBS=''
LTLIBOBJS=''
MAINT=''
OBJEXT='o'
PACKAGE_BUGREPORT=''
PACKAGE_NAME='fixincludes'
PACKAGE_STRING='fixincludes  '
PACKAGE_TARNAME='fixincludes'
PACKAGE_URL=''
PACKAGE_VERSION=' '
PATH_SEPARATOR=':'
SED='/usr/bin/sed'
SHELL='/bin/bash'
TARGET=''
ac_ct_CC=''
bindir='${exec_prefix}/bin'
build='x86_64-pc-linux-gnu'
build_alias='x86_64-linux-gnu'
build_cpu='x86_64'
build_os='linux-gnu'
build_vendor='pc'
datadir='${datarootdir}'
datarootdir='${prefix}/share'
docdir='${datarootdir}/doc/${PACKAGE_TARNAME}'
dvidir='${docdir}'
exec_prefix='NONE'
host='x86_64-pc-linux-gnu'
host_alias='x86_64-linux-gnu'
host_cpu='x86_64'
host_os='linux-gnu'
host_vendor='pc'
htmldir='/home/runner/work/gnu-tools-for-stm32/gnu-tools-for-stm32/install-native/share/doc/gcc-arm-none-eabi/html'
includedir='${prefix}/include'
infodir='/home/runner/work/gnu-tools-for-stm32/gnu-tools-for-stm32/install-native/share/doc/gcc-arm-none-eabi/info'
libdir='${exec_prefix}/lib'
libexecdir='/home/runner/work/gnu-tools-for-stm32/gnu-tools-for-stm32/install-native/lib'
localedir='${datarootdir}/locale'
localstatedir='${prefix}/var'
mandir='/home/runner/work/gnu-tools-for-stm32/gnu-tools-for-stm32/install-native/share/doc/gcc-arm-none-eabi/man'
oldincludedir='/usr/include'
pdfdir='/home/runner/work/gnu-tools-for-stm32/gnu-tools-for-stm32/install-native/share/doc/gcc-arm-none-eabi/pdf'
prefix='/home/runner/work/gnu-tools-for-stm32/gnu-tools-for-stm32/install-native'
program_transform_name='s&^&arm-none-eabi-&'
psdir='${docdir}'
sbindir='${exec_prefix}/sbin'
sharedstatedir='${prefix}/com'
sysconfdir='${prefix}/etc'
target='arm-none-eabi'
target_alias='arm-none-eabi'
target_cpu='arm'
target_os='eabi'
target_vendor='none'

## ----------- ##
## confdefs.h. ##
## ----------- ##

/* confdefs.h */
#define PACKAGE_NAME "fixincludes"
#define PACKAGE_TARNAME "fixincludes"
#define PACKAGE_VERSION " "
#define PACKAGE_STRING "fixincludes  "
#define PACKAGE_BUGREPORT ""
#define PACKAGE_URL ""
#define STDC_HEADERS 1
#define HAVE_SYS_TYPES_H 1
#define HAVE_SYS_STAT_H 1
#define HAVE_STDLIB_H 1
#define HAVE_STRING_H 1
#define HAVE_MEMORY_H 1
#define HAVE_STRINGS_H 1
#define HAVE_INTTYPES_H 1
#define HAVE_STDINT_H 1
#define HAVE_UNISTD_H 1
#define __EXTENSIONS__ 1
#define _ALL_SOURCE 1
#define _GNU_SOURCE 1
#define _POSIX_PTHREAD_SEMANTICS 1
#define _TANDEM_SOURCE 1

configure: exit 2
