This file contains any messages produced by compilers while
running configure, to aid debugging if configure makes a mistake.

It was created by configure, which was
generated by GNU Autoconf 2.69.  Invocation command line was

  $ /home/runner/work/gnu-tools-for-stm32/gnu-tools-for-stm32/src/gcc/configure --target=arm-none-eabi --prefix=/home/runner/work/gnu-tools-for-stm32/gnu-tools-for-stm32/install-native --libexecdir=/home/runner/work/gnu-tools-for-stm32/gnu-tools-for-stm32/install-native/lib --infodir=/home/runner/work/gnu-tools-for-stm32/gnu-tools-for-stm32/install-native/share/doc/gcc-arm-none-eabi/info --mandir=/home/runner/work/gnu-tools-for-stm32/gnu-tools-for-stm32/install-native/share/doc/gcc-arm-none-eabi/man --htmldir=/home/runner/work/gnu-tools-for-stm32/gnu-tools-for-stm32/install-native/share/doc/gcc-arm-none-eabi/html --pdfdir=/home/runner/work/gnu-tools-for-stm32/gnu-tools-for-stm32/install-native/share/doc/gcc-arm-none-eabi/pdf --enable-checking=release --enable-languages=c --disable-decimal-float --disable-libffi --disable-libgomp --disable-libmudflap --disable-libquadmath --disable-libssp --disable-libstdcxx-pch --disable-nls --disable-shared --disable-threads --disable-tls --with-gnu-as --with-gnu-ld --with-newlib --without-headers --with-python-dir=share/gcc-arm-none-eabi --with-sysroot=/home/runner/work/gnu-tools-for-stm32/gnu-tools-for-stm32/install-native/arm-none-eabi --build=x86_64-linux-gnu --host=x86_64-linux-gnu --build=x86_64-linux-gnu --host=x86_64-linux-gnu --with-gmp=/home/runner/work/gnu-tools-for-stm32/gnu-tools-for-stm32/build-native/host-libs/usr --with-mpfr=/home/runner/work/gnu-tools-for-stm32/gnu-tools-for-stm32/build-native/host-libs/usr --with-mpc=/home/runner/work/gnu-tools-for-stm32/gnu-tools-for-stm32/build-native/host-libs/usr --with-isl=/home/runner/work/gnu-tools-for-stm32/gnu-tools-for-stm32/build-native/host-libs/usr --with-host-libstdcxx=-static-libgcc -Wl,-Bstatic,-lstdc++,-Bdynamic -lm --with-pkgversion=GNU Tools for STM32 13.3-Rel1~c1c8ba1c7968ee004fdd94aa9fd79d96c8802dfd --with-multilib-list=rmprofile,aprofile

## --------- ##
## Platform. ##
## --------- ##

hostname = runnervmf2e7y
uname -m = x86_64
uname -r = 6.11.0-1018-azure
uname -s = Linux
uname -v = #18~24.04.1-Ubuntu SMP Sat Jun 28 04:46:03 UTC 2025

/usr/bin/uname -p = x86_64
/bin/uname -X     = unknown

/bin/arch              = x86_64
/usr/bin/arch -k       = unknown
/usr/convex/getsysinfo = unknown
/usr/bin/hostinfo      = unknown
/bin/machine           = unknown
/usr/bin/oslevel       = unknown
/bin/universe          = unknown

PATH: /snap/bin
PATH: /home/runner/.local/bin
PATH: /opt/pipx_bin
PATH: /home/runner/.cargo/bin
PATH: /home/runner/.config/composer/vendor/bin
PATH: /usr/local/.ghcup/bin
PATH: /home/runner/.dotnet/tools
PATH: /usr/local/sbin
PATH: /usr/local/bin
PATH: /usr/sbin
PATH: /usr/bin
PATH: /sbin
PATH: /bin
PATH: /usr/games
PATH: /usr/local/games
PATH: /snap/bin


## ----------- ##
## Core tests. ##
## ----------- ##

configure:2381: checking build system type
configure:2395: result: x86_64-pc-linux-gnu
configure:2442: checking host system type
configure:2455: result: x86_64-pc-linux-gnu
configure:2475: checking target system type
configure:2488: result: arm-none-eabi
configure:2542: checking for a BSD-compatible install
configure:2610: result: /usr/bin/install -c
configure:2621: checking whether ln works
configure:2643: result: yes
configure:2647: checking whether ln -s works
configure:2651: result: yes
configure:2658: checking for a sed that does not truncate output
configure:2722: result: /usr/bin/sed
configure:2731: checking for gawk
configure:2747: found /usr/bin/gawk
configure:2758: result: gawk
configure:3238: checking for libatomic support
configure:3244: result: no
configure:3257: checking for libitm support
configure:3263: result: no
configure:3276: checking for libsanitizer support
configure:3282: result: no
configure:3295: checking for libvtv support
configure:3301: result: no
configure:3425: checking for libphobos support
configure:3431: result: no
configure:4091: checking for x86_64-linux-gnu-gcc
configure:4107: found /usr/bin/x86_64-linux-gnu-gcc
configure:4118: result: x86_64-linux-gnu-gcc
configure:4387: checking for C compiler version
configure:4396: x86_64-linux-gnu-gcc --version >&5
x86_64-linux-gnu-gcc (Ubuntu 13.3.0-6ubuntu2~24.04) 13.3.0
Copyright (C) 2023 Free Software Foundation, Inc.
This is free software; see the source for copying conditions.  There is NO
warranty; not even for MERCHANTABILITY or FITNESS FOR A PARTICULAR PURPOSE.

configure:4407: $? = 0
configure:4396: x86_64-linux-gnu-gcc -v >&5
Using built-in specs.
COLLECT_GCC=x86_64-linux-gnu-gcc
COLLECT_LTO_WRAPPER=/usr/libexec/gcc/x86_64-linux-gnu/13/lto-wrapper
OFFLOAD_TARGET_NAMES=nvptx-none:amdgcn-amdhsa
OFFLOAD_TARGET_DEFAULT=1
Target: x86_64-linux-gnu
Configured with: ../src/configure -v --with-pkgversion='Ubuntu 13.3.0-6ubuntu2~24.04' --with-bugurl=file:///usr/share/doc/gcc-13/README.Bugs --enable-languages=c,ada,c++,go,d,fortran,objc,obj-c++,m2 --prefix=/usr --with-gcc-major-version-only --program-suffix=-13 --program-prefix=x86_64-linux-gnu- --enable-shared --enable-linker-build-id --libexecdir=/usr/libexec --without-included-gettext --enable-threads=posix --libdir=/usr/lib --enable-nls --enable-bootstrap --enable-clocale=gnu --enable-libstdcxx-debug --enable-libstdcxx-time=yes --with-default-libstdcxx-abi=new --enable-libstdcxx-backtrace --enable-gnu-unique-object --disable-vtable-verify --enable-plugin --enable-default-pie --with-system-zlib --enable-libphobos-checking=release --with-target-system-zlib=auto --enable-objc-gc=auto --enable-multiarch --disable-werror --enable-cet --with-arch-32=i686 --with-abi=m64 --with-multilib-list=m32,m64,mx32 --enable-multilib --with-tune=generic --enable-offload-targets=nvptx-none=/build/gcc-13-fG75Ri/gcc-13-13.3.0/debian/tmp-nvptx/usr,amdgcn-amdhsa=/build/gcc-13-fG75Ri/gcc-13-13.3.0/debian/tmp-gcn/usr --enable-offload-defaulted --without-cuda-driver --enable-checking=release --build=x86_64-linux-gnu --host=x86_64-linux-gnu --target=x86_64-linux-gnu --with-build-config=bootstrap-lto-lean --enable-link-serialization=2
Thread model: posix
Supported LTO compression algorithms: zlib zstd
gcc version 13.3.0 (Ubuntu 13.3.0-6ubuntu2~24.04) 
... rest of stderr output deleted ...
configure:4407: $? = 0
configure:4396: x86_64-linux-gnu-gcc -V >&5
x86_64-linux-gnu-gcc: error: unrecognized command-line option '-V'
x86_64-linux-gnu-gcc: fatal error: no input files
compilation terminated.
configure:4407: $? = 1
configure:4396: x86_64-linux-gnu-gcc -qversion >&5
x86_64-linux-gnu-gcc: error: unrecognized command-line option '-qversion'; did you mean '--version'?
x86_64-linux-gnu-gcc: fatal error: no input files
compilation terminated.
configure:4407: $? = 1
configure:4427: checking whether the C compiler works
configure:4449: x86_64-linux-gnu-gcc  -I/home/runner/work/gnu-tools-for-stm32/gnu-tools-for-stm32/build-native/host-libs/zlib/include -g -O2   -I/home/runner/work/gnu-tools-for-stm32/gnu-tools-for-stm32/build-native/host-libs/zlib/include -I/home/runner/work/gnu-tools-for-stm32/gnu-tools-for-stm32/build-native/host-libs/usr/include   -L/home/runner/work/gnu-tools-for-stm32/gnu-tools-for-stm32/build-native/host-libs/zlib/lib -L/home/runner/work/gnu-tools-for-stm32/gnu-tools-for-stm32/build-native/host-libs/usr/lib  conftest.c  >&5
configure:4453: $? = 0
configure:4501: result: yes
configure:4504: checking for C compiler default output file name
configure:4506: result: a.out
configure:4512: checking for suffix of executables
configure:4519: x86_64-linux-gnu-gcc -o conftest  -I/home/runner/work/gnu-tools-for-stm32/gnu-tools-for-stm32/build-native/host-libs/zlib/include -g -O2   -I/home/runner/work/gnu-tools-for-stm32/gnu-tools-for-stm32/build-native/host-libs/zlib/include -I/home/runner/work/gnu-tools-for-stm32/gnu-tools-for-stm32/build-native/host-libs/usr/include   -L/home/runner/work/gnu-tools-for-stm32/gnu-tools-for-stm32/build-native/host-libs/zlib/lib -L/home/runner/work/gnu-tools-for-stm32/gnu-tools-for-stm32/build-native/host-libs/usr/lib  conftest.c  >&5
configure:4523: $? = 0
configure:4545: result: 
configure:4567: checking whether we are cross compiling
configure:4575: x86_64-linux-gnu-gcc -o conftest  -I/home/runner/work/gnu-tools-for-stm32/gnu-tools-for-stm32/build-native/host-libs/zlib/include -g -O2   -I/home/runner/work/gnu-tools-for-stm32/gnu-tools-for-stm32/build-native/host-libs/zlib/include -I/home/runner/work/gnu-tools-for-stm32/gnu-tools-for-stm32/build-native/host-libs/usr/include   -L/home/runner/work/gnu-tools-for-stm32/gnu-tools-for-stm32/build-native/host-libs/zlib/lib -L/home/runner/work/gnu-tools-for-stm32/gnu-tools-for-stm32/build-native/host-libs/usr/lib  conftest.c  >&5
configure:4579: $? = 0
configure:4586: ./conftest
configure:4590: $? = 0
configure:4605: result: no
configure:4610: checking for suffix of object files
configure:4632: x86_64-linux-gnu-gcc -c  -I/home/runner/work/gnu-tools-for-stm32/gnu-tools-for-stm32/build-native/host-libs/zlib/include -g -O2   -I/home/runner/work/gnu-tools-for-stm32/gnu-tools-for-stm32/build-native/host-libs/zlib/include -I/home/runner/work/gnu-tools-for-stm32/gnu-tools-for-stm32/build-native/host-libs/usr/include  conftest.c >&5
configure:4636: $? = 0
configure:4657: result: o
configure:4661: checking whether we are using the GNU C compiler
configure:4680: x86_64-linux-gnu-gcc -c  -I/home/runner/work/gnu-tools-for-stm32/gnu-tools-for-stm32/build-native/host-libs/zlib/include -g -O2   -I/home/runner/work/gnu-tools-for-stm32/gnu-tools-for-stm32/build-native/host-libs/zlib/include -I/home/runner/work/gnu-tools-for-stm32/gnu-tools-for-stm32/build-native/host-libs/usr/include  conftest.c >&5
configure:4680: $? = 0
configure:4689: result: yes
configure:4698: checking whether x86_64-linux-gnu-gcc accepts -g
configure:4718: x86_64-linux-gnu-gcc -c -g  -I/home/runner/work/gnu-tools-for-stm32/gnu-tools-for-stm32/build-native/host-libs/zlib/include -I/home/runner/work/gnu-tools-for-stm32/gnu-tools-for-stm32/build-native/host-libs/usr/include  conftest.c >&5
configure:4718: $? = 0
configure:4759: result: yes
configure:4776: checking for x86_64-linux-gnu-gcc option to accept ISO C89
configure:4839: x86_64-linux-gnu-gcc  -c  -I/home/runner/work/gnu-tools-for-stm32/gnu-tools-for-stm32/build-native/host-libs/zlib/include -g -O2   -I/home/runner/work/gnu-tools-for-stm32/gnu-tools-for-stm32/build-native/host-libs/zlib/include -I/home/runner/work/gnu-tools-for-stm32/gnu-tools-for-stm32/build-native/host-libs/usr/include  conftest.c >&5
configure:4839: $? = 0
configure:4852: result: none needed
configure:4872: checking for x86_64-linux-gnu-gcc option to accept ISO C99
configure:5021: x86_64-linux-gnu-gcc  -c  -I/home/runner/work/gnu-tools-for-stm32/gnu-tools-for-stm32/build-native/host-libs/zlib/include -g -O2   -I/home/runner/work/gnu-tools-for-stm32/gnu-tools-for-stm32/build-native/host-libs/zlib/include -I/home/runner/work/gnu-tools-for-stm32/gnu-tools-for-stm32/build-native/host-libs/usr/include  conftest.c >&5
configure:5021: $? = 0
configure:5034: result: none needed
configure:5063: checking for x86_64-linux-gnu-g++
configure:5079: found /usr/bin/x86_64-linux-gnu-g++
configure:5090: result: x86_64-linux-gnu-g++
configure:5161: checking for C++ compiler version
configure:5170: x86_64-linux-gnu-g++ --version >&5
x86_64-linux-gnu-g++ (Ubuntu 13.3.0-6ubuntu2~24.04) 13.3.0
Copyright (C) 2023 Free Software Foundation, Inc.
This is free software; see the source for copying conditions.  There is NO
warranty; not even for MERCHANTABILITY or FITNESS FOR A PARTICULAR PURPOSE.

configure:5181: $? = 0
configure:5170: x86_64-linux-gnu-g++ -v >&5
Using built-in specs.
COLLECT_GCC=x86_64-linux-gnu-g++
COLLECT_LTO_WRAPPER=/usr/libexec/gcc/x86_64-linux-gnu/13/lto-wrapper
OFFLOAD_TARGET_NAMES=nvptx-none:amdgcn-amdhsa
OFFLOAD_TARGET_DEFAULT=1
Target: x86_64-linux-gnu
Configured with: ../src/configure -v --with-pkgversion='Ubuntu 13.3.0-6ubuntu2~24.04' --with-bugurl=file:///usr/share/doc/gcc-13/README.Bugs --enable-languages=c,ada,c++,go,d,fortran,objc,obj-c++,m2 --prefix=/usr --with-gcc-major-version-only --program-suffix=-13 --program-prefix=x86_64-linux-gnu- --enable-shared --enable-linker-build-id --libexecdir=/usr/libexec --without-included-gettext --enable-threads=posix --libdir=/usr/lib --enable-nls --enable-bootstrap --enable-clocale=gnu --enable-libstdcxx-debug --enable-libstdcxx-time=yes --with-default-libstdcxx-abi=new --enable-libstdcxx-backtrace --enable-gnu-unique-object --disable-vtable-verify --enable-plugin --enable-default-pie --with-system-zlib --enable-libphobos-checking=release --with-target-system-zlib=auto --enable-objc-gc=auto --enable-multiarch --disable-werror --enable-cet --with-arch-32=i686 --with-abi=m64 --with-multilib-list=m32,m64,mx32 --enable-multilib --with-tune=generic --enable-offload-targets=nvptx-none=/build/gcc-13-fG75Ri/gcc-13-13.3.0/debian/tmp-nvptx/usr,amdgcn-amdhsa=/build/gcc-13-fG75Ri/gcc-13-13.3.0/debian/tmp-gcn/usr --enable-offload-defaulted --without-cuda-driver --enable-checking=release --build=x86_64-linux-gnu --host=x86_64-linux-gnu --target=x86_64-linux-gnu --with-build-config=bootstrap-lto-lean --enable-link-serialization=2
Thread model: posix
Supported LTO compression algorithms: zlib zstd
gcc version 13.3.0 (Ubuntu 13.3.0-6ubuntu2~24.04) 
... rest of stderr output deleted ...
configure:5181: $? = 0
configure:5170: x86_64-linux-gnu-g++ -V >&5
x86_64-linux-gnu-g++: error: unrecognized command-line option '-V'
x86_64-linux-gnu-g++: fatal error: no input files
compilation terminated.
configure:5181: $? = 1
configure:5170: x86_64-linux-gnu-g++ -qversion >&5
x86_64-linux-gnu-g++: error: unrecognized command-line option '-qversion'; did you mean '--version'?
x86_64-linux-gnu-g++: fatal error: no input files
compilation terminated.
configure:5181: $? = 1
configure:5185: checking whether we are using the GNU C++ compiler
configure:5204: x86_64-linux-gnu-g++ -c   -I/home/runner/work/gnu-tools-for-stm32/gnu-tools-for-stm32/build-native/host-libs/zlib/include -I/home/runner/work/gnu-tools-for-stm32/gnu-tools-for-stm32/build-native/host-libs/usr/include  conftest.cpp >&5
configure:5204: $? = 0
configure:5213: result: yes
configure:5222: checking whether x86_64-linux-gnu-g++ accepts -g
configure:5242: x86_64-linux-gnu-g++ -c -g  -I/home/runner/work/gnu-tools-for-stm32/gnu-tools-for-stm32/build-native/host-libs/zlib/include -I/home/runner/work/gnu-tools-for-stm32/gnu-tools-for-stm32/build-native/host-libs/usr/include  conftest.cpp >&5
configure:5242: $? = 0
configure:5283: result: yes
configure:5332: checking whether g++ accepts -static-libstdc++ -static-libgcc
configure:5349: x86_64-linux-gnu-g++ -o conftest -g -O2  -I/home/runner/work/gnu-tools-for-stm32/gnu-tools-for-stm32/build-native/host-libs/zlib/include -I/home/runner/work/gnu-tools-for-stm32/gnu-tools-for-stm32/build-native/host-libs/usr/include   -L/home/runner/work/gnu-tools-for-stm32/gnu-tools-for-stm32/build-native/host-libs/zlib/lib -L/home/runner/work/gnu-tools-for-stm32/gnu-tools-for-stm32/build-native/host-libs/usr/lib  -static-libstdc++ -static-libgcc conftest.cpp  >&5
configure:5349: $? = 0
configure:5350: result: yes
configure:5374: checking for x86_64-linux-gnu-gnatbind
configure:5404: result: no
configure:5414: checking for gnatbind
configure:5444: result: no
configure:5466: checking for x86_64-linux-gnu-gnatmake
configure:5496: result: no
configure:5506: checking for gnatmake
configure:5536: result: no
configure:5555: checking whether compiler driver understands Ada and is recent enough
configure:5582: result: no
configure:5596: checking for x86_64-linux-gnu-gdc
configure:5626: result: no
configure:5636: checking for gdc
configure:5666: result: no
configure:5685: checking whether the D compiler works
configure:5702: result: no
configure:5710: checking how to compare bootstrapped objects
configure:5735: result: cmp --ignore-initial=16 $$f1 $$f2
configure:5802: checking whether x86_64-linux-gnu-g++ supports C++11 features by default
configure:6098: x86_64-linux-gnu-g++ -c -g -O2  -I/home/runner/work/gnu-tools-for-stm32/gnu-tools-for-stm32/build-native/host-libs/zlib/include -I/home/runner/work/gnu-tools-for-stm32/gnu-tools-for-stm32/build-native/host-libs/usr/include  conftest.cpp >&5
configure:6098: $? = 0
configure:6105: result: yes
configure:7879: checking for objdir
configure:7894: result: .libs
configure:8064: checking for the correct version of gmp.h
configure:8083: x86_64-linux-gnu-gcc -c  -I/home/runner/work/gnu-tools-for-stm32/gnu-tools-for-stm32/build-native/host-libs/zlib/include -g -O2  -I/home/runner/work/gnu-tools-for-stm32/gnu-tools-for-stm32/build-native/host-libs/usr/include -I/home/runner/work/gnu-tools-for-stm32/gnu-tools-for-stm32/build-native/host-libs/usr/include -I/home/runner/work/gnu-tools-for-stm32/gnu-tools-for-stm32/build-native/host-libs/usr/include   -I/home/runner/work/gnu-tools-for-stm32/gnu-tools-for-stm32/build-native/host-libs/zlib/include -I/home/runner/work/gnu-tools-for-stm32/gnu-tools-for-stm32/build-native/host-libs/usr/include  conftest.c >&5
configure:8083: $? = 0
configure:8101: x86_64-linux-gnu-gcc -c  -I/home/runner/work/gnu-tools-for-stm32/gnu-tools-for-stm32/build-native/host-libs/zlib/include -g -O2  -I/home/runner/work/gnu-tools-for-stm32/gnu-tools-for-stm32/build-native/host-libs/usr/include -I/home/runner/work/gnu-tools-for-stm32/gnu-tools-for-stm32/build-native/host-libs/usr/include -I/home/runner/work/gnu-tools-for-stm32/gnu-tools-for-stm32/build-native/host-libs/usr/include   -I/home/runner/work/gnu-tools-for-stm32/gnu-tools-for-stm32/build-native/host-libs/zlib/include -I/home/runner/work/gnu-tools-for-stm32/gnu-tools-for-stm32/build-native/host-libs/usr/include  conftest.c >&5
configure:8101: $? = 0
configure:8102: result: yes
configure:8118: checking for the correct version of mpfr.h
configure:8136: x86_64-linux-gnu-gcc -c  -I/home/runner/work/gnu-tools-for-stm32/gnu-tools-for-stm32/build-native/host-libs/zlib/include -g -O2  -I/home/runner/work/gnu-tools-for-stm32/gnu-tools-for-stm32/build-native/host-libs/usr/include -I/home/runner/work/gnu-tools-for-stm32/gnu-tools-for-stm32/build-native/host-libs/usr/include -I/home/runner/work/gnu-tools-for-stm32/gnu-tools-for-stm32/build-native/host-libs/usr/include   -I/home/runner/work/gnu-tools-for-stm32/gnu-tools-for-stm32/build-native/host-libs/zlib/include -I/home/runner/work/gnu-tools-for-stm32/gnu-tools-for-stm32/build-native/host-libs/usr/include  conftest.c >&5
configure:8136: $? = 0
configure:8153: x86_64-linux-gnu-gcc -c  -I/home/runner/work/gnu-tools-for-stm32/gnu-tools-for-stm32/build-native/host-libs/zlib/include -g -O2  -I/home/runner/work/gnu-tools-for-stm32/gnu-tools-for-stm32/build-native/host-libs/usr/include -I/home/runner/work/gnu-tools-for-stm32/gnu-tools-for-stm32/build-native/host-libs/usr/include -I/home/runner/work/gnu-tools-for-stm32/gnu-tools-for-stm32/build-native/host-libs/usr/include   -I/home/runner/work/gnu-tools-for-stm32/gnu-tools-for-stm32/build-native/host-libs/zlib/include -I/home/runner/work/gnu-tools-for-stm32/gnu-tools-for-stm32/build-native/host-libs/usr/include  conftest.c >&5
configure:8153: $? = 0
configure:8154: result: yes
configure:8171: checking for the correct version of mpc.h
configure:8188: x86_64-linux-gnu-gcc -c  -I/home/runner/work/gnu-tools-for-stm32/gnu-tools-for-stm32/build-native/host-libs/zlib/include -g -O2  -I/home/runner/work/gnu-tools-for-stm32/gnu-tools-for-stm32/build-native/host-libs/usr/include -I/home/runner/work/gnu-tools-for-stm32/gnu-tools-for-stm32/build-native/host-libs/usr/include -I/home/runner/work/gnu-tools-for-stm32/gnu-tools-for-stm32/build-native/host-libs/usr/include   -I/home/runner/work/gnu-tools-for-stm32/gnu-tools-for-stm32/build-native/host-libs/zlib/include -I/home/runner/work/gnu-tools-for-stm32/gnu-tools-for-stm32/build-native/host-libs/usr/include  conftest.c >&5
configure:8188: $? = 0
configure:8204: x86_64-linux-gnu-gcc -c  -I/home/runner/work/gnu-tools-for-stm32/gnu-tools-for-stm32/build-native/host-libs/zlib/include -g -O2  -I/home/runner/work/gnu-tools-for-stm32/gnu-tools-for-stm32/build-native/host-libs/usr/include -I/home/runner/work/gnu-tools-for-stm32/gnu-tools-for-stm32/build-native/host-libs/usr/include -I/home/runner/work/gnu-tools-for-stm32/gnu-tools-for-stm32/build-native/host-libs/usr/include   -I/home/runner/work/gnu-tools-for-stm32/gnu-tools-for-stm32/build-native/host-libs/zlib/include -I/home/runner/work/gnu-tools-for-stm32/gnu-tools-for-stm32/build-native/host-libs/usr/include  conftest.c >&5
configure:8204: $? = 0
configure:8205: result: yes
configure:8223: checking for the correct version of the gmp/mpfr libraries
configure:8247: x86_64-linux-gnu-gcc -o conftest  -I/home/runner/work/gnu-tools-for-stm32/gnu-tools-for-stm32/build-native/host-libs/zlib/include -g -O2  -I/home/runner/work/gnu-tools-for-stm32/gnu-tools-for-stm32/build-native/host-libs/usr/include -I/home/runner/work/gnu-tools-for-stm32/gnu-tools-for-stm32/build-native/host-libs/usr/include -I/home/runner/work/gnu-tools-for-stm32/gnu-tools-for-stm32/build-native/host-libs/usr/include   -I/home/runner/work/gnu-tools-for-stm32/gnu-tools-for-stm32/build-native/host-libs/zlib/include -I/home/runner/work/gnu-tools-for-stm32/gnu-tools-for-stm32/build-native/host-libs/usr/include   -L/home/runner/work/gnu-tools-for-stm32/gnu-tools-for-stm32/build-native/host-libs/zlib/lib -L/home/runner/work/gnu-tools-for-stm32/gnu-tools-for-stm32/build-native/host-libs/usr/lib  conftest.c  -L/home/runner/work/gnu-tools-for-stm32/gnu-tools-for-stm32/build-native/host-libs/usr/lib -L/home/runner/work/gnu-tools-for-stm32/gnu-tools-for-stm32/build-native/host-libs/usr/lib -L/home/runner/work/gnu-tools-for-stm32/gnu-tools-for-stm32/build-native/host-libs/usr/lib -lmpc -lmpfr -lgmp >&5
configure:8247: $? = 0
configure:8248: result: yes
configure:8263: checking for the correct version of the mpc libraries
configure:8284: x86_64-linux-gnu-gcc -o conftest  -I/home/runner/work/gnu-tools-for-stm32/gnu-tools-for-stm32/build-native/host-libs/zlib/include -g -O2  -I/home/runner/work/gnu-tools-for-stm32/gnu-tools-for-stm32/build-native/host-libs/usr/include -I/home/runner/work/gnu-tools-for-stm32/gnu-tools-for-stm32/build-native/host-libs/usr/include -I/home/runner/work/gnu-tools-for-stm32/gnu-tools-for-stm32/build-native/host-libs/usr/include   -I/home/runner/work/gnu-tools-for-stm32/gnu-tools-for-stm32/build-native/host-libs/zlib/include -I/home/runner/work/gnu-tools-for-stm32/gnu-tools-for-stm32/build-native/host-libs/usr/include   -L/home/runner/work/gnu-tools-for-stm32/gnu-tools-for-stm32/build-native/host-libs/zlib/lib -L/home/runner/work/gnu-tools-for-stm32/gnu-tools-for-stm32/build-native/host-libs/usr/lib  conftest.c  -L/home/runner/work/gnu-tools-for-stm32/gnu-tools-for-stm32/build-native/host-libs/usr/lib -L/home/runner/work/gnu-tools-for-stm32/gnu-tools-for-stm32/build-native/host-libs/usr/lib -L/home/runner/work/gnu-tools-for-stm32/gnu-tools-for-stm32/build-native/host-libs/usr/lib -lmpc -lmpfr -lgmp >&5
configure:8284: $? = 0
configure:8285: result: yes
configure:8496: checking for isl 0.15 or later
configure:8509: x86_64-linux-gnu-gcc -o conftest  -I/home/runner/work/gnu-tools-for-stm32/gnu-tools-for-stm32/build-native/host-libs/zlib/include -g -O2  -I/home/runner/work/gnu-tools-for-stm32/gnu-tools-for-stm32/build-native/host-libs/usr/include -I/home/runner/work/gnu-tools-for-stm32/gnu-tools-for-stm32/build-native/host-libs/usr/include -I/home/runner/work/gnu-tools-for-stm32/gnu-tools-for-stm32/build-native/host-libs/usr/include -I/home/runner/work/gnu-tools-for-stm32/gnu-tools-for-stm32/build-native/host-libs/usr/include   -I/home/runner/work/gnu-tools-for-stm32/gnu-tools-for-stm32/build-native/host-libs/zlib/include -I/home/runner/work/gnu-tools-for-stm32/gnu-tools-for-stm32/build-native/host-libs/usr/include   -L/home/runner/work/gnu-tools-for-stm32/gnu-tools-for-stm32/build-native/host-libs/zlib/lib -L/home/runner/work/gnu-tools-for-stm32/gnu-tools-for-stm32/build-native/host-libs/usr/lib  -L/home/runner/work/gnu-tools-for-stm32/gnu-tools-for-stm32/build-native/host-libs/usr/lib -lisl -L/home/runner/work/gnu-tools-for-stm32/gnu-tools-for-stm32/build-native/host-libs/usr/lib -L/home/runner/work/gnu-tools-for-stm32/gnu-tools-for-stm32/build-native/host-libs/usr/lib -L/home/runner/work/gnu-tools-for-stm32/gnu-tools-for-stm32/build-native/host-libs/usr/lib -lmpc -lmpfr -lgmp conftest.c  -lisl -lgmp >&5
configure:8509: $? = 0
configure:8516: result: yes
configure:9685: checking for default BUILD_CONFIG
configure:9717: result: 
configure:9722: checking for --enable-vtable-verify
configure:9735: result: no
configure:10382: checking for bison
configure:10398: found /usr/bin/bison
configure:10409: result: bison -y
configure:10429: checking for bison
configure:10445: found /usr/bin/bison
configure:10456: result: bison
configure:10476: checking for gm4
configure:10506: result: no
configure:10476: checking for gnum4
configure:10506: result: no
configure:10476: checking for m4
configure:10492: found /usr/bin/m4
configure:10503: result: m4
configure:10523: checking for flex
configure:10539: found /usr/bin/flex
configure:10550: result: flex
configure:10571: checking for flex
configure:10587: found /usr/bin/flex
configure:10598: result: flex
configure:10618: checking for makeinfo
configure:10634: found /usr/bin/makeinfo
configure:10645: result: makeinfo
configure:10679: checking for expect
configure:10709: result: no
configure:10728: checking for runtest
configure:10758: result: no
configure:10834: checking for x86_64-linux-gnu-ar
configure:10850: found /usr/bin/x86_64-linux-gnu-ar
configure:10861: result: x86_64-linux-gnu-ar
configure:10975: checking for x86_64-linux-gnu-as
configure:10991: found /usr/bin/x86_64-linux-gnu-as
configure:11002: result: x86_64-linux-gnu-as
configure:11116: checking for x86_64-linux-gnu-dlltool
configure:11146: result: no
configure:11155: checking for dlltool
configure:11185: result: no
configure:11257: checking for x86_64-linux-gnu-dsymutil
configure:11287: result: no
configure:11296: checking for dsymutil
configure:11326: result: no
configure:11398: checking for x86_64-linux-gnu-ld
configure:11414: found /usr/bin/x86_64-linux-gnu-ld
configure:11425: result: x86_64-linux-gnu-ld
configure:11539: checking for x86_64-linux-gnu-lipo
configure:11569: result: no
configure:11578: checking for lipo
configure:11608: result: no
configure:11680: checking for x86_64-linux-gnu-nm
configure:11696: found /usr/bin/x86_64-linux-gnu-nm
configure:11707: result: x86_64-linux-gnu-nm
configure:11821: checking for x86_64-linux-gnu-ranlib
configure:11837: found /usr/bin/x86_64-linux-gnu-ranlib
configure:11848: result: x86_64-linux-gnu-ranlib
configure:11957: checking for x86_64-linux-gnu-strip
configure:11973: found /usr/bin/x86_64-linux-gnu-strip
configure:11984: result: x86_64-linux-gnu-strip
configure:12093: checking for x86_64-linux-gnu-windres
configure:12123: result: no
configure:12132: checking for windres
configure:12162: result: no
configure:12234: checking for x86_64-linux-gnu-windmc
configure:12264: result: no
configure:12273: checking for windmc
configure:12303: result: no
configure:12375: checking for x86_64-linux-gnu-objcopy
configure:12391: found /usr/bin/x86_64-linux-gnu-objcopy
configure:12402: result: x86_64-linux-gnu-objcopy
configure:12516: checking for x86_64-linux-gnu-objdump
configure:12532: found /usr/bin/x86_64-linux-gnu-objdump
configure:12543: result: x86_64-linux-gnu-objdump
configure:12657: checking for x86_64-linux-gnu-otool
configure:12687: result: no
configure:12696: checking for otool
configure:12726: result: no
configure:12798: checking for x86_64-linux-gnu-readelf
configure:12814: found /usr/bin/x86_64-linux-gnu-readelf
configure:12825: result: x86_64-linux-gnu-readelf
configure:12980: checking for arm-none-eabi-cc
configure:13010: result: no
configure:12980: checking for arm-none-eabi-gcc
configure:13010: result: no
configure:13141: checking for arm-none-eabi-c++
configure:13171: result: no
configure:13141: checking for arm-none-eabi-g++
configure:13171: result: no
configure:13141: checking for arm-none-eabi-cxx
configure:13171: result: no
configure:13141: checking for arm-none-eabi-gxx
configure:13171: result: no
configure:13302: checking for arm-none-eabi-gcc
configure:13332: result: no
configure:13458: checking for arm-none-eabi-gfortran
configure:13488: result: no
configure:13619: checking for arm-none-eabi-gccgo
configure:13649: result: no
configure:13780: checking for arm-none-eabi-gdc
configure:13810: result: no
configure:13941: checking for arm-none-eabi-gm2
configure:13971: result: no
configure:14071: checking for ar
configure:14089: found /home/runner/work/gnu-tools-for-stm32/gnu-tools-for-stm32/install-native/arm-none-eabi/bin/ar
configure:14101: result: /home/runner/work/gnu-tools-for-stm32/gnu-tools-for-stm32/install-native/arm-none-eabi/bin/ar
configure:14301: checking for as
configure:14319: found /home/runner/work/gnu-tools-for-stm32/gnu-tools-for-stm32/install-native/arm-none-eabi/bin/as
configure:14331: result: /home/runner/work/gnu-tools-for-stm32/gnu-tools-for-stm32/install-native/arm-none-eabi/bin/as
configure:14531: checking for dlltool
configure:14564: result: no
configure:14642: checking for arm-none-eabi-dlltool
configure:14672: result: no
configure:14761: checking for dsymutil
configure:14794: result: no
configure:14872: checking for arm-none-eabi-dsymutil
configure:14902: result: no
configure:14991: checking for ld
configure:15009: found /home/runner/work/gnu-tools-for-stm32/gnu-tools-for-stm32/install-native/arm-none-eabi/bin/ld
configure:15021: result: /home/runner/work/gnu-tools-for-stm32/gnu-tools-for-stm32/install-native/arm-none-eabi/bin/ld
configure:15221: checking for lipo
configure:15254: result: no
configure:15332: checking for arm-none-eabi-lipo
configure:15362: result: no
configure:15451: checking for nm
configure:15469: found /home/runner/work/gnu-tools-for-stm32/gnu-tools-for-stm32/install-native/arm-none-eabi/bin/nm
configure:15481: result: /home/runner/work/gnu-tools-for-stm32/gnu-tools-for-stm32/install-native/arm-none-eabi/bin/nm
configure:15681: checking for objcopy
configure:15699: found /home/runner/work/gnu-tools-for-stm32/gnu-tools-for-stm32/install-native/arm-none-eabi/bin/objcopy
configure:15711: result: /home/runner/work/gnu-tools-for-stm32/gnu-tools-for-stm32/install-native/arm-none-eabi/bin/objcopy
configure:15911: checking for objdump
configure:15929: found /home/runner/work/gnu-tools-for-stm32/gnu-tools-for-stm32/install-native/arm-none-eabi/bin/objdump
configure:15941: result: /home/runner/work/gnu-tools-for-stm32/gnu-tools-for-stm32/install-native/arm-none-eabi/bin/objdump
configure:16141: checking for otool
configure:16174: result: no
configure:16252: checking for arm-none-eabi-otool
configure:16282: result: no
configure:16371: checking for ranlib
configure:16389: found /home/runner/work/gnu-tools-for-stm32/gnu-tools-for-stm32/install-native/arm-none-eabi/bin/ranlib
configure:16401: result: /home/runner/work/gnu-tools-for-stm32/gnu-tools-for-stm32/install-native/arm-none-eabi/bin/ranlib
configure:16601: checking for readelf
configure:16619: found /home/runner/work/gnu-tools-for-stm32/gnu-tools-for-stm32/install-native/arm-none-eabi/bin/readelf
configure:16631: result: /home/runner/work/gnu-tools-for-stm32/gnu-tools-for-stm32/install-native/arm-none-eabi/bin/readelf
configure:16831: checking for strip
configure:16849: found /home/runner/work/gnu-tools-for-stm32/gnu-tools-for-stm32/install-native/arm-none-eabi/bin/strip
configure:16861: result: /home/runner/work/gnu-tools-for-stm32/gnu-tools-for-stm32/install-native/arm-none-eabi/bin/strip
configure:17061: checking for windres
configure:17094: result: no
configure:17172: checking for arm-none-eabi-windres
configure:17202: result: no
configure:17291: checking for windmc
configure:17324: result: no
configure:17402: checking for arm-none-eabi-windmc
configure:17432: result: no
configure:17499: checking where to find the target ar
configure:17527: result: pre-installed in /home/runner/work/gnu-tools-for-stm32/gnu-tools-for-stm32/install-native/arm-none-eabi/bin
configure:17541: checking where to find the target as
configure:17569: result: pre-installed in /home/runner/work/gnu-tools-for-stm32/gnu-tools-for-stm32/install-native/arm-none-eabi/bin
configure:17583: checking where to find the target cc
configure:17606: result: just compiled
configure:17625: checking where to find the target c++
configure:17665: result: pre-installed
configure:17670: checking where to find the target c++ for libstdc++
configure:17710: result: pre-installed
configure:17715: checking where to find the target dlltool
configure:17752: result: pre-installed
configure:17757: checking where to find the target dsymutil
configure:17783: result: pre-installed
configure:17788: checking where to find the target gcc
configure:17811: result: just compiled
configure:17830: checking where to find the target gfortran
configure:17870: result: pre-installed
configure:17875: checking where to find the target gccgo
configure:17915: result: pre-installed
configure:17920: checking where to find the target gdc
configure:17960: result: pre-installed
configure:17965: checking where to find the target gm2
configure:18005: result: pre-installed
configure:18010: checking where to find the target ld
configure:18038: result: pre-installed in /home/runner/work/gnu-tools-for-stm32/gnu-tools-for-stm32/install-native/arm-none-eabi/bin
configure:18052: checking where to find the target lipo
configure:18078: result: pre-installed
configure:18083: checking where to find the target nm
configure:18111: result: pre-installed in /home/runner/work/gnu-tools-for-stm32/gnu-tools-for-stm32/install-native/arm-none-eabi/bin
configure:18125: checking where to find the target objcopy
configure:18153: result: pre-installed in /home/runner/work/gnu-tools-for-stm32/gnu-tools-for-stm32/install-native/arm-none-eabi/bin
configure:18167: checking where to find the target objdump
configure:18195: result: pre-installed in /home/runner/work/gnu-tools-for-stm32/gnu-tools-for-stm32/install-native/arm-none-eabi/bin
configure:18209: checking where to find the target otool
configure:18235: result: pre-installed
configure:18240: checking where to find the target ranlib
configure:18268: result: pre-installed in /home/runner/work/gnu-tools-for-stm32/gnu-tools-for-stm32/install-native/arm-none-eabi/bin
configure:18282: checking where to find the target readelf
configure:18310: result: pre-installed in /home/runner/work/gnu-tools-for-stm32/gnu-tools-for-stm32/install-native/arm-none-eabi/bin
configure:18324: checking where to find the target strip
configure:18352: result: pre-installed in /home/runner/work/gnu-tools-for-stm32/gnu-tools-for-stm32/install-native/arm-none-eabi/bin
configure:18366: checking where to find the target windres
configure:18403: result: pre-installed
configure:18408: checking where to find the target windmc
configure:18445: result: pre-installed
configure:18478: checking whether to enable maintainer-specific portions of Makefiles
configure:18487: result: no
configure:18724: creating ./config.status

## ---------------------- ##
## Running config.status. ##
## ---------------------- ##

This file was extended by config.status, which was
generated by GNU Autoconf 2.69.  Invocation command line was

  CONFIG_FILES    = 
  CONFIG_HEADERS  = 
  CONFIG_LINKS    = 
  CONFIG_COMMANDS = 
  $ ./config.status 

on runnervmf2e7y

config.status:1058: creating Makefile

## ---------------- ##
## Cache variables. ##
## ---------------- ##

ac_cv_build=x86_64-pc-linux-gnu
ac_cv_c_compiler_gnu=yes
ac_cv_cxx_compiler_gnu=yes
ac_cv_env_AR_FOR_TARGET_set=
ac_cv_env_AR_FOR_TARGET_value=
ac_cv_env_AR_set=
ac_cv_env_AR_value=
ac_cv_env_AS_FOR_TARGET_set=
ac_cv_env_AS_FOR_TARGET_value=
ac_cv_env_AS_set=
ac_cv_env_AS_value=
ac_cv_env_CCC_set=
ac_cv_env_CCC_value=
ac_cv_env_CC_FOR_TARGET_set=
ac_cv_env_CC_FOR_TARGET_value=
ac_cv_env_CC_set=
ac_cv_env_CC_value=
ac_cv_env_CFLAGS_set=set
ac_cv_env_CFLAGS_value=' -I/home/runner/work/gnu-tools-for-stm32/gnu-tools-for-stm32/build-native/host-libs/zlib/include -g -O2 '
ac_cv_env_CPPFLAGS_set=set
ac_cv_env_CPPFLAGS_value=' -I/home/runner/work/gnu-tools-for-stm32/gnu-tools-for-stm32/build-native/host-libs/zlib/include -I/home/runner/work/gnu-tools-for-stm32/gnu-tools-for-stm32/build-native/host-libs/usr/include '
ac_cv_env_CXXFLAGS_set=
ac_cv_env_CXXFLAGS_value=
ac_cv_env_CXX_FOR_TARGET_set=
ac_cv_env_CXX_FOR_TARGET_value=
ac_cv_env_CXX_set=
ac_cv_env_CXX_value=
ac_cv_env_DLLTOOL_FOR_TARGET_set=
ac_cv_env_DLLTOOL_FOR_TARGET_value=
ac_cv_env_DLLTOOL_set=
ac_cv_env_DLLTOOL_value=
ac_cv_env_DSYMUTIL_FOR_TARGET_set=
ac_cv_env_DSYMUTIL_FOR_TARGET_value=
ac_cv_env_DSYMUTIL_set=
ac_cv_env_DSYMUTIL_value=
ac_cv_env_GCC_FOR_TARGET_set=
ac_cv_env_GCC_FOR_TARGET_value=
ac_cv_env_GDC_FOR_TARGET_set=
ac_cv_env_GDC_FOR_TARGET_value=
ac_cv_env_GFORTRAN_FOR_TARGET_set=
ac_cv_env_GFORTRAN_FOR_TARGET_value=
ac_cv_env_GM2_FOR_TARGET_set=
ac_cv_env_GM2_FOR_TARGET_value=
ac_cv_env_GOC_FOR_TARGET_set=
ac_cv_env_GOC_FOR_TARGET_value=
ac_cv_env_LDFLAGS_set=set
ac_cv_env_LDFLAGS_value=' -L/home/runner/work/gnu-tools-for-stm32/gnu-tools-for-stm32/build-native/host-libs/zlib/lib -L/home/runner/work/gnu-tools-for-stm32/gnu-tools-for-stm32/build-native/host-libs/usr/lib '
ac_cv_env_LD_FOR_TARGET_set=
ac_cv_env_LD_FOR_TARGET_value=
ac_cv_env_LD_set=
ac_cv_env_LD_value=
ac_cv_env_LIBS_set=
ac_cv_env_LIBS_value=
ac_cv_env_LIPO_FOR_TARGET_set=
ac_cv_env_LIPO_FOR_TARGET_value=
ac_cv_env_LIPO_set=
ac_cv_env_LIPO_value=
ac_cv_env_NM_FOR_TARGET_set=
ac_cv_env_NM_FOR_TARGET_value=
ac_cv_env_NM_set=
ac_cv_env_NM_value=
ac_cv_env_OBJCOPY_FOR_TARGET_set=
ac_cv_env_OBJCOPY_FOR_TARGET_value=
ac_cv_env_OBJCOPY_set=
ac_cv_env_OBJCOPY_value=
ac_cv_env_OBJDUMP_FOR_TARGET_set=
ac_cv_env_OBJDUMP_FOR_TARGET_value=
ac_cv_env_OBJDUMP_set=
ac_cv_env_OBJDUMP_value=
ac_cv_env_OTOOL_FOR_TARGET_set=
ac_cv_env_OTOOL_FOR_TARGET_value=
ac_cv_env_OTOOL_set=
ac_cv_env_OTOOL_value=
ac_cv_env_RANLIB_FOR_TARGET_set=
ac_cv_env_RANLIB_FOR_TARGET_value=
ac_cv_env_RANLIB_set=
ac_cv_env_RANLIB_value=
ac_cv_env_READELF_FOR_TARGET_set=
ac_cv_env_READELF_FOR_TARGET_value=
ac_cv_env_READELF_set=
ac_cv_env_READELF_value=
ac_cv_env_STRIP_FOR_TARGET_set=
ac_cv_env_STRIP_FOR_TARGET_value=
ac_cv_env_STRIP_set=
ac_cv_env_STRIP_value=
ac_cv_env_WINDMC_FOR_TARGET_set=
ac_cv_env_WINDMC_FOR_TARGET_value=
ac_cv_env_WINDMC_set=
ac_cv_env_WINDMC_value=
ac_cv_env_WINDRES_FOR_TARGET_set=
ac_cv_env_WINDRES_FOR_TARGET_value=
ac_cv_env_WINDRES_set=
ac_cv_env_WINDRES_value=
ac_cv_env_build_alias_set=set
ac_cv_env_build_alias_value=x86_64-linux-gnu
ac_cv_env_build_configargs_set=
ac_cv_env_build_configargs_value=
ac_cv_env_host_alias_set=set
ac_cv_env_host_alias_value=x86_64-linux-gnu
ac_cv_env_host_configargs_set=
ac_cv_env_host_configargs_value=
ac_cv_env_target_alias_set=set
ac_cv_env_target_alias_value=arm-none-eabi
ac_cv_env_target_configargs_set=
ac_cv_env_target_configargs_value=
ac_cv_host=x86_64-pc-linux-gnu
ac_cv_objext=o
ac_cv_path_AR_FOR_TARGET=/home/runner/work/gnu-tools-for-stm32/gnu-tools-for-stm32/install-native/arm-none-eabi/bin/ar
ac_cv_path_AS_FOR_TARGET=/home/runner/work/gnu-tools-for-stm32/gnu-tools-for-stm32/install-native/arm-none-eabi/bin/as
ac_cv_path_LD_FOR_TARGET=/home/runner/work/gnu-tools-for-stm32/gnu-tools-for-stm32/install-native/arm-none-eabi/bin/ld
ac_cv_path_NM_FOR_TARGET=/home/runner/work/gnu-tools-for-stm32/gnu-tools-for-stm32/install-native/arm-none-eabi/bin/nm
ac_cv_path_OBJCOPY_FOR_TARGET=/home/runner/work/gnu-tools-for-stm32/gnu-tools-for-stm32/install-native/arm-none-eabi/bin/objcopy
ac_cv_path_OBJDUMP_FOR_TARGET=/home/runner/work/gnu-tools-for-stm32/gnu-tools-for-stm32/install-native/arm-none-eabi/bin/objdump
ac_cv_path_RANLIB_FOR_TARGET=/home/runner/work/gnu-tools-for-stm32/gnu-tools-for-stm32/install-native/arm-none-eabi/bin/ranlib
ac_cv_path_READELF_FOR_TARGET=/home/runner/work/gnu-tools-for-stm32/gnu-tools-for-stm32/install-native/arm-none-eabi/bin/readelf
ac_cv_path_SED=/usr/bin/sed
ac_cv_path_STRIP_FOR_TARGET=/home/runner/work/gnu-tools-for-stm32/gnu-tools-for-stm32/install-native/arm-none-eabi/bin/strip
ac_cv_path_install='/usr/bin/install -c'
ac_cv_prog_AR=x86_64-linux-gnu-ar
ac_cv_prog_AS=x86_64-linux-gnu-as
ac_cv_prog_AWK=gawk
ac_cv_prog_BISON=bison
ac_cv_prog_CC=x86_64-linux-gnu-gcc
ac_cv_prog_CXX=x86_64-linux-gnu-g++
ac_cv_prog_FLEX=flex
ac_cv_prog_LD=x86_64-linux-gnu-ld
ac_cv_prog_LEX=flex
ac_cv_prog_M4=m4
ac_cv_prog_MAKEINFO=makeinfo
ac_cv_prog_NM=x86_64-linux-gnu-nm
ac_cv_prog_OBJCOPY=x86_64-linux-gnu-objcopy
ac_cv_prog_OBJDUMP=x86_64-linux-gnu-objdump
ac_cv_prog_RANLIB=x86_64-linux-gnu-ranlib
ac_cv_prog_READELF=x86_64-linux-gnu-readelf
ac_cv_prog_STRIP=x86_64-linux-gnu-strip
ac_cv_prog_YACC='bison -y'
ac_cv_prog_cc_c89=
ac_cv_prog_cc_c99=
ac_cv_prog_cc_g=yes
ac_cv_prog_cxx_g=yes
ac_cv_target=arm-none-eabi
acx_cv_cc_gcc_supports_ada=no
acx_cv_d_compiler_works=no
acx_cv_prog_LN=ln
ax_cv_cxx_compile_cxx11=yes
gcc_cv_isl=yes
gcc_cv_prog_cmp_skip='cmp --ignore-initial=16 $$f1 $$f2'
gcc_cv_tool_dirs=/home/runner/work/gnu-tools-for-stm32/gnu-tools-for-stm32/install-native/libexec/gcc/arm-none-eabi/13.3.1:/home/runner/work/gnu-tools-for-stm32/gnu-tools-for-stm32/install-native/libexec/gcc/arm-none-eabi:/usr/lib/gcc/arm-none-eabi/13.3.1:/usr/lib/gcc/arm-none-eabi:/home/runner/work/gnu-tools-for-stm32/gnu-tools-for-stm32/install-native/arm-none-eabi/bin/arm-none-eabi/13.3.1:/home/runner/work/gnu-tools-for-stm32/gnu-tools-for-stm32/install-native/arm-none-eabi/bin:
gcc_cv_tool_prefix=/home/runner/work/gnu-tools-for-stm32/gnu-tools-for-stm32/install-native
lt_cv_objdir=.libs

## ----------------- ##
## Output variables. ##
## ----------------- ##

AR='x86_64-linux-gnu-ar'
AR_FOR_BUILD='$(AR)'
AR_FOR_TARGET='/home/runner/work/gnu-tools-for-stm32/gnu-tools-for-stm32/install-native/arm-none-eabi/bin/ar'
AS='x86_64-linux-gnu-as'
AS_FOR_BUILD='$(AS)'
AS_FOR_TARGET='/home/runner/work/gnu-tools-for-stm32/gnu-tools-for-stm32/install-native/arm-none-eabi/bin/as'
AWK='gawk'
BISON='bison'
BUILD_CONFIG=''
CC='x86_64-linux-gnu-gcc'
CC_FOR_BUILD='$(CC)'
CC_FOR_TARGET='$$r/$(HOST_SUBDIR)/gcc/xgcc -B$$r/$(HOST_SUBDIR)/gcc/'
CFLAGS=' -I/home/runner/work/gnu-tools-for-stm32/gnu-tools-for-stm32/build-native/host-libs/zlib/include -g -O2 '
CFLAGS_FOR_BUILD=' -I/home/runner/work/gnu-tools-for-stm32/gnu-tools-for-stm32/build-native/host-libs/zlib/include -g -O2 '
CFLAGS_FOR_TARGET='-g -O2'
COMPILER_AS_FOR_TARGET='$$r/$(HOST_SUBDIR)/gcc/as'
COMPILER_LD_FOR_TARGET='$$r/$(HOST_SUBDIR)/gcc/collect-ld'
COMPILER_NM_FOR_TARGET='$$r/$(HOST_SUBDIR)/gcc/nm'
CONFIGURE_GDB_TK=''
CPPFLAGS=' -I/home/runner/work/gnu-tools-for-stm32/gnu-tools-for-stm32/build-native/host-libs/zlib/include -I/home/runner/work/gnu-tools-for-stm32/gnu-tools-for-stm32/build-native/host-libs/usr/include '
CPPFLAGS_FOR_BUILD=' -I/home/runner/work/gnu-tools-for-stm32/gnu-tools-for-stm32/build-native/host-libs/zlib/include -I/home/runner/work/gnu-tools-for-stm32/gnu-tools-for-stm32/build-native/host-libs/usr/include '
CPP_FOR_BUILD=''
CXX='x86_64-linux-gnu-g++'
CXXFLAGS='-g -O2'
CXXFLAGS_FOR_BUILD='-g -O2'
CXXFLAGS_FOR_TARGET='-g -O2'
CXX_FOR_BUILD='$(CXX)'
CXX_FOR_TARGET='arm-none-eabi-c++'
DEBUG_PREFIX_CFLAGS_FOR_TARGET=''
DEFS='-DPACKAGE_NAME=\"\" -DPACKAGE_TARNAME=\"\" -DPACKAGE_VERSION=\"\" -DPACKAGE_STRING=\"\" -DPACKAGE_BUGREPORT=\"\" -DPACKAGE_URL=\"\" -DHAVE_CXX11=1 -DLT_OBJDIR=\".libs/\"'
DLLTOOL='dlltool'
DLLTOOL_FOR_BUILD='$(DLLTOOL)'
DLLTOOL_FOR_TARGET='arm-none-eabi-dlltool'
DSYMUTIL='dsymutil'
DSYMUTIL_FOR_BUILD='$(DSYMUTIL)'
DSYMUTIL_FOR_TARGET='arm-none-eabi-dsymutil'
ECHO_C=''
ECHO_N='-n'
ECHO_T=''
EXEEXT=''
EXPECT='expect'
FLAGS_FOR_TARGET=' -B$(build_tooldir)/bin/ -B$(build_tooldir)/lib/ -isystem $(build_tooldir)/include -isystem $(build_tooldir)/sys-include'
FLEX='flex'
GCC_FOR_TARGET='$$r/$(HOST_SUBDIR)/gcc/xgcc -B$$r/$(HOST_SUBDIR)/gcc/'
GCC_SHLIB_SUBDIR=''
GDB_TK=''
GDC='no'
GDCFLAGS=''
GDC_FOR_BUILD='$(GDC)'
GDC_FOR_TARGET='arm-none-eabi-gdc'
GFORTRAN_FOR_BUILD='$(GFORTRAN)'
GFORTRAN_FOR_TARGET='arm-none-eabi-gfortran'
GM2_FOR_TARGET='arm-none-eabi-gm2'
GNATBIND='no'
GNATMAKE='no'
GOC_FOR_BUILD='$(GOC)'
GOC_FOR_TARGET='arm-none-eabi-gccgo'
HAVE_CXX11='1'
HAVE_CXX11_FOR_BUILD=''
INSTALL_DATA='${INSTALL} -m 644'
INSTALL_GDB_TK=''
INSTALL_PROGRAM='${INSTALL}'
INSTALL_SCRIPT='${INSTALL}'
LD='x86_64-linux-gnu-ld'
LDFLAGS=' -L/home/runner/work/gnu-tools-for-stm32/gnu-tools-for-stm32/build-native/host-libs/zlib/lib -L/home/runner/work/gnu-tools-for-stm32/gnu-tools-for-stm32/build-native/host-libs/usr/lib '
LDFLAGS_FOR_BUILD=' -L/home/runner/work/gnu-tools-for-stm32/gnu-tools-for-stm32/build-native/host-libs/zlib/lib -L/home/runner/work/gnu-tools-for-stm32/gnu-tools-for-stm32/build-native/host-libs/usr/lib '
LDFLAGS_FOR_TARGET=''
LD_FOR_BUILD='$(LD)'
LD_FOR_TARGET='/home/runner/work/gnu-tools-for-stm32/gnu-tools-for-stm32/install-native/arm-none-eabi/bin/ld'
LEX='flex'
LIBOBJS=''
LIBS=''
LIPO='lipo'
LIPO_FOR_TARGET='arm-none-eabi-lipo'
LN='ln'
LN_S='ln -s'
LTLIBOBJS=''
M4='m4'
MAINT='#'
MAINTAINER_MODE_FALSE=''
MAINTAINER_MODE_TRUE='#'
MAKEINFO='makeinfo'
NM='x86_64-linux-gnu-nm'
NM_FOR_BUILD='$(NM)'
NM_FOR_TARGET='/home/runner/work/gnu-tools-for-stm32/gnu-tools-for-stm32/install-native/arm-none-eabi/bin/nm'
OBJCOPY='x86_64-linux-gnu-objcopy'
OBJCOPY_FOR_TARGET='/home/runner/work/gnu-tools-for-stm32/gnu-tools-for-stm32/install-native/arm-none-eabi/bin/objcopy'
OBJDUMP='x86_64-linux-gnu-objdump'
OBJDUMP_FOR_TARGET='/home/runner/work/gnu-tools-for-stm32/gnu-tools-for-stm32/install-native/arm-none-eabi/bin/objdump'
OBJEXT='o'
OTOOL='otool'
OTOOL_FOR_TARGET='arm-none-eabi-otool'
PACKAGE_BUGREPORT=''
PACKAGE_NAME=''
PACKAGE_STRING=''
PACKAGE_TARNAME=''
PACKAGE_URL=''
PACKAGE_VERSION=''
PATH_SEPARATOR=':'
PGO_BUILD_GEN_CFLAGS=''
PGO_BUILD_LTO_CFLAGS=''
PGO_BUILD_USE_CFLAGS=''
RANLIB='x86_64-linux-gnu-ranlib'
RANLIB_FOR_BUILD='$(RANLIB)'
RANLIB_FOR_TARGET='/home/runner/work/gnu-tools-for-stm32/gnu-tools-for-stm32/install-native/arm-none-eabi/bin/ranlib'
RAW_CXX_FOR_TARGET='arm-none-eabi-c++'
READELF='x86_64-linux-gnu-readelf'
READELF_FOR_TARGET='/home/runner/work/gnu-tools-for-stm32/gnu-tools-for-stm32/install-native/arm-none-eabi/bin/readelf'
RPATH_ENVVAR='LD_LIBRARY_PATH'
RUNTEST='runtest'
SED='/usr/bin/sed'
SHELL='/bin/bash'
STRIP='x86_64-linux-gnu-strip'
STRIP_FOR_TARGET='/home/runner/work/gnu-tools-for-stm32/gnu-tools-for-stm32/install-native/arm-none-eabi/bin/strip'
SYSROOT_CFLAGS_FOR_TARGET=''
TOPLEVEL_CONFIGURE_ARGUMENTS='/home/runner/work/gnu-tools-for-stm32/gnu-tools-for-stm32/src/gcc/configure --target=arm-none-eabi --prefix=/home/runner/work/gnu-tools-for-stm32/gnu-tools-for-stm32/install-native --libexecdir=/home/runner/work/gnu-tools-for-stm32/gnu-tools-for-stm32/install-native/lib --infodir=/home/runner/work/gnu-tools-for-stm32/gnu-tools-for-stm32/install-native/share/doc/gcc-arm-none-eabi/info --mandir=/home/runner/work/gnu-tools-for-stm32/gnu-tools-for-stm32/install-native/share/doc/gcc-arm-none-eabi/man --htmldir=/home/runner/work/gnu-tools-for-stm32/gnu-tools-for-stm32/install-native/share/doc/gcc-arm-none-eabi/html --pdfdir=/home/runner/work/gnu-tools-for-stm32/gnu-tools-for-stm32/install-native/share/doc/gcc-arm-none-eabi/pdf --enable-checking=release --enable-languages=c --disable-decimal-float --disable-libffi --disable-libgomp --disable-libmudflap --disable-libquadmath --disable-libssp --disable-libstdcxx-pch --disable-nls --disable-shared --disable-threads --disable-tls --with-gnu-as --with-gnu-ld --with-newlib --without-headers --with-python-dir=share/gcc-arm-none-eabi --with-sysroot=/home/runner/work/gnu-tools-for-stm32/gnu-tools-for-stm32/install-native/arm-none-eabi --build=x86_64-linux-gnu --host=x86_64-linux-gnu --build=x86_64-linux-gnu --host=x86_64-linux-gnu --with-gmp=/home/runner/work/gnu-tools-for-stm32/gnu-tools-for-stm32/build-native/host-libs/usr --with-mpfr=/home/runner/work/gnu-tools-for-stm32/gnu-tools-for-stm32/build-native/host-libs/usr --with-mpc=/home/runner/work/gnu-tools-for-stm32/gnu-tools-for-stm32/build-native/host-libs/usr --with-isl=/home/runner/work/gnu-tools-for-stm32/gnu-tools-for-stm32/build-native/host-libs/usr --with-host-libstdcxx='\''-static-libgcc -Wl,-Bstatic,-lstdc++,-Bdynamic -lm'\'' --with-pkgversion='\''GNU Tools for STM32 13.3-Rel1~c1c8ba1c7968ee004fdd94aa9fd79d96c8802dfd'\'' --with-multilib-list=rmprofile,aprofile'
WINDMC='windmc'
WINDMC_FOR_BUILD='$(WINDMC)'
WINDMC_FOR_TARGET='arm-none-eabi-windmc'
WINDRES='windres'
WINDRES_FOR_BUILD='$(WINDRES)'
WINDRES_FOR_TARGET='arm-none-eabi-windres'
YACC='bison -y'
ac_ct_CC=''
ac_ct_CXX=''
bindir='${exec_prefix}/bin'
build='x86_64-pc-linux-gnu'
build_alias='x86_64-linux-gnu'
build_configargs=' --cache-file=./config.cache '\''--prefix=/home/runner/work/gnu-tools-for-stm32/gnu-tools-for-stm32/install-native'\'' '\''--libexecdir=/home/runner/work/gnu-tools-for-stm32/gnu-tools-for-stm32/install-native/lib'\'' '\''--infodir=/home/runner/work/gnu-tools-for-stm32/gnu-tools-for-stm32/install-native/share/doc/gcc-arm-none-eabi/info'\'' '\''--mandir=/home/runner/work/gnu-tools-for-stm32/gnu-tools-for-stm32/install-native/share/doc/gcc-arm-none-eabi/man'\'' '\''--htmldir=/home/runner/work/gnu-tools-for-stm32/gnu-tools-for-stm32/install-native/share/doc/gcc-arm-none-eabi/html'\'' '\''--pdfdir=/home/runner/work/gnu-tools-for-stm32/gnu-tools-for-stm32/install-native/share/doc/gcc-arm-none-eabi/pdf'\'' '\''--enable-checking=release'\'' '\''--disable-decimal-float'\'' '\''--disable-libffi'\'' '\''--disable-libgomp'\'' '\''--disable-libmudflap'\'' '\''--disable-libquadmath'\'' '\''--disable-libssp'\'' '\''--disable-libstdcxx-pch'\'' '\''--disable-nls'\'' '\''--disable-shared'\'' '\''--disable-threads'\'' '\''--disable-tls'\'' '\''--with-gnu-as'\'' '\''--with-gnu-ld'\'' '\''--with-newlib'\'' '\''--without-headers'\'' '\''--with-python-dir=share/gcc-arm-none-eabi'\'' '\''--with-sysroot=/home/runner/work/gnu-tools-for-stm32/gnu-tools-for-stm32/install-native/arm-none-eabi'\'' '\''--with-gmp=/home/runner/work/gnu-tools-for-stm32/gnu-tools-for-stm32/build-native/host-libs/usr'\'' '\''--with-mpfr=/home/runner/work/gnu-tools-for-stm32/gnu-tools-for-stm32/build-native/host-libs/usr'\'' '\''--with-mpc=/home/runner/work/gnu-tools-for-stm32/gnu-tools-for-stm32/build-native/host-libs/usr'\'' '\''--with-isl=/home/runner/work/gnu-tools-for-stm32/gnu-tools-for-stm32/build-native/host-libs/usr'\'' '\''--with-host-libstdcxx=-static-libgcc -Wl,-Bstatic,-lstdc++,-Bdynamic -lm'\'' '\''--with-pkgversion=GNU Tools for STM32 13.3-Rel1~c1c8ba1c7968ee004fdd94aa9fd79d96c8802dfd'\'' '\''--with-multilib-list=rmprofile,aprofile'\'' '\''--enable-languages=c,lto'\'' --program-transform-name='\''s&^&arm-none-eabi-&'\'' --disable-option-checking'
build_configdirs=' libiberty libcpp fixincludes'
build_cpu='x86_64'
build_libsubdir='build-x86_64-linux-gnu'
build_noncanonical='x86_64-linux-gnu'
build_os='linux-gnu'
build_subdir='build-x86_64-linux-gnu'
build_tooldir='${exec_prefix}/arm-none-eabi'
build_vendor='pc'
compare_exclusions='gcc/cc*-checksum$(objext) | gcc/ada/*tools/* | gcc/m2/gm2-compiler-boot/M2Version* | gcc/m2/gm2-compiler-boot/SYSTEM* | gcc/m2/gm2version*'
configdirs=' libiberty zlib libbacktrace libcpp libcody libdecnumber fixincludes gcc libcc1 c++tools lto-plugin'
datadir='${datarootdir}'
datarootdir='${prefix}/share'
do_compare='cmp --ignore-initial=16 $$f1 $$f2'
docdir='${datarootdir}/doc/${PACKAGE}'
dvidir='${docdir}'
exec_prefix='${prefix}'
extra_host_libiberty_configure_flags='--enable-shared'
extra_host_zlib_configure_flags=''
extra_isl_gmp_configure_flags=''
extra_linker_plugin_configure_flags=''
extra_linker_plugin_flags=''
extra_mpc_gmp_configure_flags=''
extra_mpc_mpfr_configure_flags=''
extra_mpfr_configure_flags=''
get_gcc_base_ver='cat'
gmpinc='-I/home/runner/work/gnu-tools-for-stm32/gnu-tools-for-stm32/build-native/host-libs/usr/include -I/home/runner/work/gnu-tools-for-stm32/gnu-tools-for-stm32/build-native/host-libs/usr/include -I/home/runner/work/gnu-tools-for-stm32/gnu-tools-for-stm32/build-native/host-libs/usr/include '
gmplibs='-L/home/runner/work/gnu-tools-for-stm32/gnu-tools-for-stm32/build-native/host-libs/usr/lib -L/home/runner/work/gnu-tools-for-stm32/gnu-tools-for-stm32/build-native/host-libs/usr/lib -L/home/runner/work/gnu-tools-for-stm32/gnu-tools-for-stm32/build-native/host-libs/usr/lib -lmpc -lmpfr -lgmp'
host='x86_64-pc-linux-gnu'
host_alias='x86_64-linux-gnu'
host_configargs=' --cache-file=./config.cache  '\''--prefix=/home/runner/work/gnu-tools-for-stm32/gnu-tools-for-stm32/install-native'\'' '\''--libexecdir=/home/runner/work/gnu-tools-for-stm32/gnu-tools-for-stm32/install-native/lib'\'' '\''--infodir=/home/runner/work/gnu-tools-for-stm32/gnu-tools-for-stm32/install-native/share/doc/gcc-arm-none-eabi/info'\'' '\''--mandir=/home/runner/work/gnu-tools-for-stm32/gnu-tools-for-stm32/install-native/share/doc/gcc-arm-none-eabi/man'\'' '\''--htmldir=/home/runner/work/gnu-tools-for-stm32/gnu-tools-for-stm32/install-native/share/doc/gcc-arm-none-eabi/html'\'' '\''--pdfdir=/home/runner/work/gnu-tools-for-stm32/gnu-tools-for-stm32/install-native/share/doc/gcc-arm-none-eabi/pdf'\'' '\''--enable-checking=release'\'' '\''--disable-decimal-float'\'' '\''--disable-libffi'\'' '\''--disable-libgomp'\'' '\''--disable-libmudflap'\'' '\''--disable-libquadmath'\'' '\''--disable-libssp'\'' '\''--disable-libstdcxx-pch'\'' '\''--disable-nls'\'' '\''--disable-shared'\'' '\''--disable-threads'\'' '\''--disable-tls'\'' '\''--with-gnu-as'\'' '\''--with-gnu-ld'\'' '\''--with-newlib'\'' '\''--without-headers'\'' '\''--with-python-dir=share/gcc-arm-none-eabi'\'' '\''--with-sysroot=/home/runner/work/gnu-tools-for-stm32/gnu-tools-for-stm32/install-native/arm-none-eabi'\'' '\''--with-gmp=/home/runner/work/gnu-tools-for-stm32/gnu-tools-for-stm32/build-native/host-libs/usr'\'' '\''--with-mpfr=/home/runner/work/gnu-tools-for-stm32/gnu-tools-for-stm32/build-native/host-libs/usr'\'' '\''--with-mpc=/home/runner/work/gnu-tools-for-stm32/gnu-tools-for-stm32/build-native/host-libs/usr'\'' '\''--with-isl=/home/runner/work/gnu-tools-for-stm32/gnu-tools-for-stm32/build-native/host-libs/usr'\'' '\''--with-host-libstdcxx=-static-libgcc -Wl,-Bstatic,-lstdc++,-Bdynamic -lm'\'' '\''--with-pkgversion=GNU Tools for STM32 13.3-Rel1~c1c8ba1c7968ee004fdd94aa9fd79d96c8802dfd'\'' '\''--with-multilib-list=rmprofile,aprofile'\'' '\''--enable-languages=c,lto'\'' --program-transform-name='\''s&^&arm-none-eabi-&'\'' --disable-option-checking'
host_cpu='x86_64'
host_libs_picflag=''
host_noncanonical='x86_64-linux-gnu'
host_os='linux-gnu'
host_shared='no'
host_subdir='.'
host_vendor='pc'
htmldir='/home/runner/work/gnu-tools-for-stm32/gnu-tools-for-stm32/install-native/share/doc/gcc-arm-none-eabi/html'
includedir='${prefix}/include'
infodir='/home/runner/work/gnu-tools-for-stm32/gnu-tools-for-stm32/install-native/share/doc/gcc-arm-none-eabi/info'
islinc='-I/home/runner/work/gnu-tools-for-stm32/gnu-tools-for-stm32/build-native/host-libs/usr/include'
isllibs='-L/home/runner/work/gnu-tools-for-stm32/gnu-tools-for-stm32/build-native/host-libs/usr/lib -lisl'
libdir='${exec_prefix}/lib'
libexecdir='/home/runner/work/gnu-tools-for-stm32/gnu-tools-for-stm32/install-native/lib'
localedir='${datarootdir}/locale'
localstatedir='${prefix}/var'
mandir='/home/runner/work/gnu-tools-for-stm32/gnu-tools-for-stm32/install-native/share/doc/gcc-arm-none-eabi/man'
oldincludedir='/usr/include'
pdfdir='/home/runner/work/gnu-tools-for-stm32/gnu-tools-for-stm32/install-native/share/doc/gcc-arm-none-eabi/pdf'
poststage1_ldflags='-static-libstdc++ -static-libgcc'
poststage1_libs=''
prefix='/home/runner/work/gnu-tools-for-stm32/gnu-tools-for-stm32/install-native'
program_transform_name='s&^&arm-none-eabi-&'
psdir='${docdir}'
sbindir='${exec_prefix}/sbin'
sharedstatedir='${prefix}/com'
stage1_cflags='-g'
stage1_checking='--enable-checking=release,types'
stage1_languages='c,lto'
stage1_ldflags='-static-libstdc++ -static-libgcc'
stage1_libs=''
stage2_werror_flag=''
sysconfdir='${prefix}/etc'
target='arm-none-eabi'
target_alias='arm-none-eabi'
target_configargs='--cache-file=./config.cache --enable-multilib --with-cross-host=x86_64-linux-gnu   '\''--prefix=/home/runner/work/gnu-tools-for-stm32/gnu-tools-for-stm32/install-native'\'' '\''--libexecdir=/home/runner/work/gnu-tools-for-stm32/gnu-tools-for-stm32/install-native/lib'\'' '\''--infodir=/home/runner/work/gnu-tools-for-stm32/gnu-tools-for-stm32/install-native/share/doc/gcc-arm-none-eabi/info'\'' '\''--mandir=/home/runner/work/gnu-tools-for-stm32/gnu-tools-for-stm32/install-native/share/doc/gcc-arm-none-eabi/man'\'' '\''--htmldir=/home/runner/work/gnu-tools-for-stm32/gnu-tools-for-stm32/install-native/share/doc/gcc-arm-none-eabi/html'\'' '\''--pdfdir=/home/runner/work/gnu-tools-for-stm32/gnu-tools-for-stm32/install-native/share/doc/gcc-arm-none-eabi/pdf'\'' '\''--enable-checking=release'\'' '\''--disable-decimal-float'\'' '\''--disable-libffi'\'' '\''--disable-libgomp'\'' '\''--disable-libmudflap'\'' '\''--disable-libquadmath'\'' '\''--disable-libssp'\'' '\''--disable-libstdcxx-pch'\'' '\''--disable-nls'\'' '\''--disable-shared'\'' '\''--disable-threads'\'' '\''--disable-tls'\'' '\''--with-gnu-as'\'' '\''--with-gnu-ld'\'' '\''--with-newlib'\'' '\''--without-headers'\'' '\''--with-python-dir=share/gcc-arm-none-eabi'\'' '\''--with-sysroot=/home/runner/work/gnu-tools-for-stm32/gnu-tools-for-stm32/install-native/arm-none-eabi'\'' '\''--with-host-libstdcxx=-static-libgcc -Wl,-Bstatic,-lstdc++,-Bdynamic -lm'\'' '\''--with-pkgversion=GNU Tools for STM32 13.3-Rel1~c1c8ba1c7968ee004fdd94aa9fd79d96c8802dfd'\'' '\''--with-multilib-list=rmprofile,aprofile'\'' '\''--enable-languages=c,lto'\'' --program-transform-name='\''s&^&arm-none-eabi-&'\'' --disable-option-checking'
target_configdirs=' libgcc'
target_cpu='arm'
target_noncanonical='arm-none-eabi'
target_os='eabi'
target_subdir='arm-none-eabi'
target_vendor='none'
tooldir='${exec_prefix}/arm-none-eabi'

## ------------------- ##
## File substitutions. ##
## ------------------- ##

alphaieee_frag='/dev/null'
host_makefile_frag='/dev/null'
ospace_frag='/dev/null'
serialization_dependencies='serdep.tmp'
target_makefile_frag='/dev/null'

## ----------- ##
## confdefs.h. ##
## ----------- ##

/* confdefs.h */
#define PACKAGE_NAME ""
#define PACKAGE_TARNAME ""
#define PACKAGE_VERSION ""
#define PACKAGE_STRING ""
#define PACKAGE_BUGREPORT ""
#define PACKAGE_URL ""
#define HAVE_CXX11 1
#define LT_OBJDIR ".libs/"

configure: exit 0
