This file contains any messages produced by compilers while
running configure, to aid debugging if configure makes a mistake.

It was created by MPFR configure 3.1.6, which was
generated by GNU Autoconf 2.71.  Invocation command line was

  $ /home/runner/work/gnu-tools-for-stm32/gnu-tools-for-stm32/src/mpfr/configure --build=x86_64-linux-gnu --host=x86_64-linux-gnu --target=arm-none-eabi --prefix=/home/runner/work/gnu-tools-for-stm32/gnu-tools-for-stm32/build-native/host-libs/usr --disable-shared --with-gmp=/home/runner/work/gnu-tools-for-stm32/gnu-tools-for-stm32/build-native/host-libs/usr

## --------- ##
## Platform. ##
## --------- ##

hostname = runnervmf2e7y
uname -m = x86_64
uname -r = 6.11.0-1018-azure
uname -s = Linux
uname -v = #18~24.04.1-Ubuntu SMP Sat Jun 28 04:46:03 UTC 2025

/usr/bin/uname -p = x86_64
/bin/uname -X     = unknown

/bin/arch              = x86_64
/usr/bin/arch -k       = unknown
/usr/convex/getsysinfo = unknown
/usr/bin/hostinfo      = unknown
/bin/machine           = unknown
/usr/bin/oslevel       = unknown
/bin/universe          = unknown

PATH: /snap/bin/
PATH: /home/runner/.local/bin/
PATH: /opt/pipx_bin/
PATH: /home/runner/.cargo/bin/
PATH: /home/runner/.config/composer/vendor/bin/
PATH: /usr/local/.ghcup/bin/
PATH: /home/runner/.dotnet/tools/
PATH: /usr/local/sbin/
PATH: /usr/local/bin/
PATH: /usr/sbin/
PATH: /usr/bin/
PATH: /sbin/
PATH: /bin/
PATH: /usr/games/
PATH: /usr/local/games/
PATH: /snap/bin/


## ----------- ##
## Core tests. ##
## ----------- ##

configure:2830: looking for aux files: ltmain.sh ar-lib compile config.guess config.sub missing install-sh
configure:2843:  trying /home/runner/work/gnu-tools-for-stm32/gnu-tools-for-stm32/src/mpfr/
configure:2872:   /home/runner/work/gnu-tools-for-stm32/gnu-tools-for-stm32/src/mpfr/ltmain.sh found
configure:2872:   /home/runner/work/gnu-tools-for-stm32/gnu-tools-for-stm32/src/mpfr/ar-lib found
configure:2872:   /home/runner/work/gnu-tools-for-stm32/gnu-tools-for-stm32/src/mpfr/compile found
configure:2872:   /home/runner/work/gnu-tools-for-stm32/gnu-tools-for-stm32/src/mpfr/config.guess found
configure:2872:   /home/runner/work/gnu-tools-for-stm32/gnu-tools-for-stm32/src/mpfr/config.sub found
configure:2872:   /home/runner/work/gnu-tools-for-stm32/gnu-tools-for-stm32/src/mpfr/missing found
configure:2854:   /home/runner/work/gnu-tools-for-stm32/gnu-tools-for-stm32/src/mpfr/install-sh found
configure:3002: checking for a BSD-compatible install
configure:3075: result: /usr/bin/install -c
configure:3086: checking whether build environment is sane
configure:3141: result: yes
configure:3300: checking for a race-free mkdir -p
configure:3344: result: /usr/bin/mkdir -p
configure:3351: checking for gawk
configure:3372: found /usr/bin/gawk
configure:3383: result: gawk
configure:3394: checking whether make sets $(MAKE)
configure:3417: result: yes
configure:3447: checking whether make supports nested variables
configure:3465: result: yes
configure:3597: checking whether to enable maintainer-specific portions of Makefiles
configure:3607: result: yes
configure:3637: checking build system type
configure:3652: result: x86_64-pc-linux-gnu
configure:3672: checking host system type
configure:3686: result: x86_64-pc-linux-gnu
configure:3707: checking for grep that handles long lines and -e
configure:3771: result: /usr/bin/grep
configure:3776: checking for egrep
configure:3844: result: /usr/bin/grep -E
configure:3849: checking for a sed that does not truncate output
configure:3919: result: /usr/bin/sed
configure:4169: checking for CC and CFLAGS in gmp.h
configure:4205: result: yes CC=gcc CFLAGS=-O2 -pedantic -fomit-frame-pointer -m64 -mtune=k8 -march=k8
configure:4211: checking for CC=gcc and CFLAGS=-O2 -pedantic -fomit-frame-pointer -m64 -mtune=k8 -march=k8
configure:4215: result: yes
configure:4246: checking for x86_64-linux-gnu-gcc
configure:4278: result: gcc
configure:4676: checking for C compiler version
configure:4685: gcc --version >&5
gcc (Ubuntu 13.3.0-6ubuntu2~24.04) 13.3.0
Copyright (C) 2023 Free Software Foundation, Inc.
This is free software; see the source for copying conditions.  There is NO
warranty; not even for MERCHANTABILITY or FITNESS FOR A PARTICULAR PURPOSE.

configure:4696: $? = 0
configure:4685: gcc -v >&5
Using built-in specs.
COLLECT_GCC=gcc
COLLECT_LTO_WRAPPER=/usr/libexec/gcc/x86_64-linux-gnu/13/lto-wrapper
OFFLOAD_TARGET_NAMES=nvptx-none:amdgcn-amdhsa
OFFLOAD_TARGET_DEFAULT=1
Target: x86_64-linux-gnu
Configured with: ../src/configure -v --with-pkgversion='Ubuntu 13.3.0-6ubuntu2~24.04' --with-bugurl=file:///usr/share/doc/gcc-13/README.Bugs --enable-languages=c,ada,c++,go,d,fortran,objc,obj-c++,m2 --prefix=/usr --with-gcc-major-version-only --program-suffix=-13 --program-prefix=x86_64-linux-gnu- --enable-shared --enable-linker-build-id --libexecdir=/usr/libexec --without-included-gettext --enable-threads=posix --libdir=/usr/lib --enable-nls --enable-bootstrap --enable-clocale=gnu --enable-libstdcxx-debug --enable-libstdcxx-time=yes --with-default-libstdcxx-abi=new --enable-libstdcxx-backtrace --enable-gnu-unique-object --disable-vtable-verify --enable-plugin --enable-default-pie --with-system-zlib --enable-libphobos-checking=release --with-target-system-zlib=auto --enable-objc-gc=auto --enable-multiarch --disable-werror --enable-cet --with-arch-32=i686 --with-abi=m64 --with-multilib-list=m32,m64,mx32 --enable-multilib --with-tune=generic --enable-offload-targets=nvptx-none=/build/gcc-13-fG75Ri/gcc-13-13.3.0/debian/tmp-nvptx/usr,amdgcn-amdhsa=/build/gcc-13-fG75Ri/gcc-13-13.3.0/debian/tmp-gcn/usr --enable-offload-defaulted --without-cuda-driver --enable-checking=release --build=x86_64-linux-gnu --host=x86_64-linux-gnu --target=x86_64-linux-gnu --with-build-config=bootstrap-lto-lean --enable-link-serialization=2
Thread model: posix
Supported LTO compression algorithms: zlib zstd
gcc version 13.3.0 (Ubuntu 13.3.0-6ubuntu2~24.04) 
... rest of stderr output deleted ...
configure:4696: $? = 0
configure:4685: gcc -V >&5
gcc: error: unrecognized command-line option '-V'
gcc: fatal error: no input files
compilation terminated.
configure:4696: $? = 1
configure:4685: gcc -qversion >&5
gcc: error: unrecognized command-line option '-qversion'; did you mean '--version'?
gcc: fatal error: no input files
compilation terminated.
configure:4696: $? = 1
configure:4685: gcc -version >&5
gcc: error: unrecognized command-line option '-version'
gcc: fatal error: no input files
compilation terminated.
configure:4696: $? = 1
configure:4716: checking whether the C compiler works
configure:4738: gcc -O2 -pedantic -fomit-frame-pointer -m64 -mtune=k8 -march=k8  -I/home/runner/work/gnu-tools-for-stm32/gnu-tools-for-stm32/build-native/host-libs/usr/include  -L/home/runner/work/gnu-tools-for-stm32/gnu-tools-for-stm32/build-native/host-libs/usr/lib conftest.c  >&5
configure:4742: $? = 0
configure:4792: result: yes
configure:4795: checking for C compiler default output file name
configure:4797: result: a.out
configure:4803: checking for suffix of executables
configure:4810: gcc -o conftest -O2 -pedantic -fomit-frame-pointer -m64 -mtune=k8 -march=k8  -I/home/runner/work/gnu-tools-for-stm32/gnu-tools-for-stm32/build-native/host-libs/usr/include  -L/home/runner/work/gnu-tools-for-stm32/gnu-tools-for-stm32/build-native/host-libs/usr/lib conftest.c  >&5
configure:4814: $? = 0
configure:4837: result: 
configure:4859: checking whether we are cross compiling
configure:4867: gcc -o conftest -O2 -pedantic -fomit-frame-pointer -m64 -mtune=k8 -march=k8  -I/home/runner/work/gnu-tools-for-stm32/gnu-tools-for-stm32/build-native/host-libs/usr/include  -L/home/runner/work/gnu-tools-for-stm32/gnu-tools-for-stm32/build-native/host-libs/usr/lib conftest.c  >&5
configure:4871: $? = 0
configure:4878: ./conftest
configure:4882: $? = 0
configure:4897: result: no
configure:4902: checking for suffix of object files
configure:4925: gcc -c -O2 -pedantic -fomit-frame-pointer -m64 -mtune=k8 -march=k8  -I/home/runner/work/gnu-tools-for-stm32/gnu-tools-for-stm32/build-native/host-libs/usr/include conftest.c >&5
configure:4929: $? = 0
configure:4951: result: o
configure:4955: checking whether the compiler supports GNU C
configure:4975: gcc -c -O2 -pedantic -fomit-frame-pointer -m64 -mtune=k8 -march=k8  -I/home/runner/work/gnu-tools-for-stm32/gnu-tools-for-stm32/build-native/host-libs/usr/include conftest.c >&5
configure:4975: $? = 0
configure:4985: result: yes
configure:4996: checking whether gcc accepts -g
configure:5017: gcc -c -g  -I/home/runner/work/gnu-tools-for-stm32/gnu-tools-for-stm32/build-native/host-libs/usr/include conftest.c >&5
configure:5017: $? = 0
configure:5061: result: yes
configure:5081: checking for gcc option to enable C11 features
configure:5096: gcc  -c -O2 -pedantic -fomit-frame-pointer -m64 -mtune=k8 -march=k8  -I/home/runner/work/gnu-tools-for-stm32/gnu-tools-for-stm32/build-native/host-libs/usr/include conftest.c >&5
configure:5096: $? = 0
configure:5114: result: none needed
configure:5230: checking whether gcc understands -c and -o together
configure:5253: gcc -c conftest.c -o conftest2.o
configure:5256: $? = 0
configure:5253: gcc -c conftest.c -o conftest2.o
configure:5256: $? = 0
configure:5268: result: yes
configure:5288: checking whether make supports the include directive
configure:5303: make -f confmf.GNU && cat confinc.out
this is the am__doit target
configure:5306: $? = 0
configure:5325: result: yes (GNU style)
configure:5351: checking dependency style of gcc
configure:5463: result: gcc3
configure:5483: checking how to run the C preprocessor
configure:5509: gcc -E  -I/home/runner/work/gnu-tools-for-stm32/gnu-tools-for-stm32/build-native/host-libs/usr/include conftest.c
configure:5509: $? = 0
configure:5524: gcc -E  -I/home/runner/work/gnu-tools-for-stm32/gnu-tools-for-stm32/build-native/host-libs/usr/include conftest.c
conftest.c:9:10: fatal error: ac_nonexistent.h: No such file or directory
    9 | #include <ac_nonexistent.h>
      |          ^~~~~~~~~~~~~~~~~~
compilation terminated.
configure:5524: $? = 1
configure: failed program was:
| /* confdefs.h */
| #define PACKAGE_NAME "MPFR"
| #define PACKAGE_TARNAME "mpfr"
| #define PACKAGE_VERSION "3.1.6"
| #define PACKAGE_STRING "MPFR 3.1.6"
| #define PACKAGE_BUGREPORT ""
| #define PACKAGE_URL ""
| /* end confdefs.h.  */
| #include <ac_nonexistent.h>
configure:5551: result: gcc -E
configure:5565: gcc -E  -I/home/runner/work/gnu-tools-for-stm32/gnu-tools-for-stm32/build-native/host-libs/usr/include conftest.c
configure:5565: $? = 0
configure:5580: gcc -E  -I/home/runner/work/gnu-tools-for-stm32/gnu-tools-for-stm32/build-native/host-libs/usr/include conftest.c
conftest.c:9:10: fatal error: ac_nonexistent.h: No such file or directory
    9 | #include <ac_nonexistent.h>
      |          ^~~~~~~~~~~~~~~~~~
compilation terminated.
configure:5580: $? = 1
configure: failed program was:
| /* confdefs.h */
| #define PACKAGE_NAME "MPFR"
| #define PACKAGE_TARNAME "mpfr"
| #define PACKAGE_VERSION "3.1.6"
| #define PACKAGE_STRING "MPFR 3.1.6"
| #define PACKAGE_BUGREPORT ""
| #define PACKAGE_URL ""
| /* end confdefs.h.  */
| #include <ac_nonexistent.h>
configure:5624: checking for x86_64-linux-gnu-ar
configure:5645: found /usr/bin/x86_64-linux-gnu-ar
configure:5656: result: x86_64-linux-gnu-ar
configure:5731: checking the archiver (x86_64-linux-gnu-ar) interface
configure:5748: gcc -c -O2 -pedantic -fomit-frame-pointer -m64 -mtune=k8 -march=k8  -I/home/runner/work/gnu-tools-for-stm32/gnu-tools-for-stm32/build-native/host-libs/usr/include conftest.c >&5
configure:5748: $? = 0
configure:5751: x86_64-linux-gnu-ar cru libconftest.a conftest.o >&5
x86_64-linux-gnu-ar: `u' modifier ignored since `D' is the default (see `U')
configure:5754: $? = 0
configure:5782: result: ar
configure:5925: checking for ICC
configure:5943: gcc -c -O2 -pedantic -fomit-frame-pointer -m64 -mtune=k8 -march=k8  -I/home/runner/work/gnu-tools-for-stm32/gnu-tools-for-stm32/build-native/host-libs/usr/include conftest.c >&5
conftest.c:11:3: error: #error "ICC Not Found"
   11 | # error "ICC Not Found"
      |   ^~~~~
conftest.c:12:6: error: expected ';' before 'int'
   12 | error
      |      ^
      |      ;
......
   15 | int
      | ~~~   
configure:5943: $? = 1
configure: failed program was:
| /* confdefs.h */
| #define PACKAGE_NAME "MPFR"
| #define PACKAGE_TARNAME "mpfr"
| #define PACKAGE_VERSION "3.1.6"
| #define PACKAGE_STRING "MPFR 3.1.6"
| #define PACKAGE_BUGREPORT ""
| #define PACKAGE_URL ""
| /* end confdefs.h.  */
| 
| #if !defined(__ICC)
| # error "ICC Not Found"
| error
| #endif
| 
| int
| main (void)
| {
| 
|   ;
|   return 0;
| }
configure:5951: result: no
configure:5958: checking whether the selected language is C++
configure:5976: gcc -c -Wpointer-arith -O2 -pedantic -fomit-frame-pointer -m64 -mtune=k8 -march=k8  -I/home/runner/work/gnu-tools-for-stm32/gnu-tools-for-stm32/build-native/host-libs/usr/include conftest.c >&5
configure:5976: $? = 0
configure:5979: result: no
configure:6031: checking for an ANSI C-conforming const
configure:6098: gcc -c -Wall -Wmissing-prototypes -Wpointer-arith -O2 -pedantic -fomit-frame-pointer -m64 -mtune=k8 -march=k8  -I/home/runner/work/gnu-tools-for-stm32/gnu-tools-for-stm32/build-native/host-libs/usr/include conftest.c >&5
configure:6098: $? = 0
configure:6106: result: yes
configure:6114: checking for working volatile
configure:6134: gcc -c -Wall -Wmissing-prototypes -Wpointer-arith -O2 -pedantic -fomit-frame-pointer -m64 -mtune=k8 -march=k8  -I/home/runner/work/gnu-tools-for-stm32/gnu-tools-for-stm32/build-native/host-libs/usr/include conftest.c >&5
configure:6134: $? = 0
configure:6142: result: yes
configure:6317: checking for main in -lm
configure:6337: gcc -o conftest -Wall -Wmissing-prototypes -Wpointer-arith -O2 -pedantic -fomit-frame-pointer -m64 -mtune=k8 -march=k8  -I/home/runner/work/gnu-tools-for-stm32/gnu-tools-for-stm32/build-native/host-libs/usr/include  -L/home/runner/work/gnu-tools-for-stm32/gnu-tools-for-stm32/build-native/host-libs/usr/lib conftest.c -lm   >&5
conftest.c: In function 'main':
conftest.c:12:1: warning: infinite recursion detected [-Winfinite-recursion]
   12 | main (void)
      | ^~~~
conftest.c:14:8: note: recursive call
   14 | return main ();
      |        ^~~~~~~
configure:6337: $? = 0
configure:6347: result: yes
configure:6361: checking for stdio.h
configure:6361: gcc -c -Wall -Wmissing-prototypes -Wpointer-arith -O2 -pedantic -fomit-frame-pointer -m64 -mtune=k8 -march=k8  -I/home/runner/work/gnu-tools-for-stm32/gnu-tools-for-stm32/build-native/host-libs/usr/include conftest.c >&5
configure:6361: $? = 0
configure:6361: result: yes
configure:6361: checking for stdlib.h
configure:6361: gcc -c -Wall -Wmissing-prototypes -Wpointer-arith -O2 -pedantic -fomit-frame-pointer -m64 -mtune=k8 -march=k8  -I/home/runner/work/gnu-tools-for-stm32/gnu-tools-for-stm32/build-native/host-libs/usr/include conftest.c >&5
configure:6361: $? = 0
configure:6361: result: yes
configure:6361: checking for string.h
configure:6361: gcc -c -Wall -Wmissing-prototypes -Wpointer-arith -O2 -pedantic -fomit-frame-pointer -m64 -mtune=k8 -march=k8  -I/home/runner/work/gnu-tools-for-stm32/gnu-tools-for-stm32/build-native/host-libs/usr/include conftest.c >&5
configure:6361: $? = 0
configure:6361: result: yes
configure:6361: checking for inttypes.h
configure:6361: gcc -c -Wall -Wmissing-prototypes -Wpointer-arith -O2 -pedantic -fomit-frame-pointer -m64 -mtune=k8 -march=k8  -I/home/runner/work/gnu-tools-for-stm32/gnu-tools-for-stm32/build-native/host-libs/usr/include conftest.c >&5
configure:6361: $? = 0
configure:6361: result: yes
configure:6361: checking for stdint.h
configure:6361: gcc -c -Wall -Wmissing-prototypes -Wpointer-arith -O2 -pedantic -fomit-frame-pointer -m64 -mtune=k8 -march=k8  -I/home/runner/work/gnu-tools-for-stm32/gnu-tools-for-stm32/build-native/host-libs/usr/include conftest.c >&5
configure:6361: $? = 0
configure:6361: result: yes
configure:6361: checking for strings.h
configure:6361: gcc -c -Wall -Wmissing-prototypes -Wpointer-arith -O2 -pedantic -fomit-frame-pointer -m64 -mtune=k8 -march=k8  -I/home/runner/work/gnu-tools-for-stm32/gnu-tools-for-stm32/build-native/host-libs/usr/include conftest.c >&5
configure:6361: $? = 0
configure:6361: result: yes
configure:6361: checking for sys/stat.h
configure:6361: gcc -c -Wall -Wmissing-prototypes -Wpointer-arith -O2 -pedantic -fomit-frame-pointer -m64 -mtune=k8 -march=k8  -I/home/runner/work/gnu-tools-for-stm32/gnu-tools-for-stm32/build-native/host-libs/usr/include conftest.c >&5
configure:6361: $? = 0
configure:6361: result: yes
configure:6361: checking for sys/types.h
configure:6361: gcc -c -Wall -Wmissing-prototypes -Wpointer-arith -O2 -pedantic -fomit-frame-pointer -m64 -mtune=k8 -march=k8  -I/home/runner/work/gnu-tools-for-stm32/gnu-tools-for-stm32/build-native/host-libs/usr/include conftest.c >&5
configure:6361: $? = 0
configure:6361: result: yes
configure:6361: checking for unistd.h
configure:6361: gcc -c -Wall -Wmissing-prototypes -Wpointer-arith -O2 -pedantic -fomit-frame-pointer -m64 -mtune=k8 -march=k8  -I/home/runner/work/gnu-tools-for-stm32/gnu-tools-for-stm32/build-native/host-libs/usr/include conftest.c >&5
configure:6361: $? = 0
configure:6361: result: yes
configure:6361: checking for sys/time.h
configure:6361: gcc -c -Wall -Wmissing-prototypes -Wpointer-arith -O2 -pedantic -fomit-frame-pointer -m64 -mtune=k8 -march=k8  -I/home/runner/work/gnu-tools-for-stm32/gnu-tools-for-stm32/build-native/host-libs/usr/include conftest.c >&5
configure:6361: $? = 0
configure:6361: result: yes
configure:6396: checking for size_t
configure:6396: gcc -c -Wall -Wmissing-prototypes -Wpointer-arith -O2 -pedantic -fomit-frame-pointer -m64 -mtune=k8 -march=k8  -I/home/runner/work/gnu-tools-for-stm32/gnu-tools-for-stm32/build-native/host-libs/usr/include conftest.c >&5
configure:6396: $? = 0
configure:6396: gcc -c -Wall -Wmissing-prototypes -Wpointer-arith -O2 -pedantic -fomit-frame-pointer -m64 -mtune=k8 -march=k8  -I/home/runner/work/gnu-tools-for-stm32/gnu-tools-for-stm32/build-native/host-libs/usr/include conftest.c >&5
conftest.c: In function 'main':
conftest.c:52:21: error: expected expression before ')' token
   52 | if (sizeof ((size_t)))
      |                     ^
configure:6396: $? = 1
configure: failed program was:
| /* confdefs.h */
| #define PACKAGE_NAME "MPFR"
| #define PACKAGE_TARNAME "mpfr"
| #define PACKAGE_VERSION "3.1.6"
| #define PACKAGE_STRING "MPFR 3.1.6"
| #define PACKAGE_BUGREPORT ""
| #define PACKAGE_URL ""
| #define HAVE_STDIO_H 1
| #define HAVE_STDLIB_H 1
| #define HAVE_STRING_H 1
| #define HAVE_INTTYPES_H 1
| #define HAVE_STDINT_H 1
| #define HAVE_STRINGS_H 1
| #define HAVE_SYS_STAT_H 1
| #define HAVE_SYS_TYPES_H 1
| #define HAVE_UNISTD_H 1
| #define HAVE_SYS_TIME_H 1
| #define STDC_HEADERS 1
| #define TIME_WITH_SYS_TIME 1
| /* end confdefs.h.  */
| #include <stddef.h>
| #ifdef HAVE_STDIO_H
| # include <stdio.h>
| #endif
| #ifdef HAVE_STDLIB_H
| # include <stdlib.h>
| #endif
| #ifdef HAVE_STRING_H
| # include <string.h>
| #endif
| #ifdef HAVE_INTTYPES_H
| # include <inttypes.h>
| #endif
| #ifdef HAVE_STDINT_H
| # include <stdint.h>
| #endif
| #ifdef HAVE_STRINGS_H
| # include <strings.h>
| #endif
| #ifdef HAVE_SYS_TYPES_H
| # include <sys/types.h>
| #endif
| #ifdef HAVE_SYS_STAT_H
| # include <sys/stat.h>
| #endif
| #ifdef HAVE_UNISTD_H
| # include <unistd.h>
| #endif
| int
| main (void)
| {
| if (sizeof ((size_t)))
| 	    return 0;
|   ;
|   return 0;
| }
configure:6396: result: yes
configure:6413: checking for limits.h
configure:6413: gcc -c -Wall -Wmissing-prototypes -Wpointer-arith -O2 -pedantic -fomit-frame-pointer -m64 -mtune=k8 -march=k8  -I/home/runner/work/gnu-tools-for-stm32/gnu-tools-for-stm32/build-native/host-libs/usr/include conftest.c >&5
configure:6413: $? = 0
configure:6413: result: yes
configure:6421: checking for float.h
configure:6421: gcc -c -Wall -Wmissing-prototypes -Wpointer-arith -O2 -pedantic -fomit-frame-pointer -m64 -mtune=k8 -march=k8  -I/home/runner/work/gnu-tools-for-stm32/gnu-tools-for-stm32/build-native/host-libs/usr/include conftest.c >&5
configure:6421: $? = 0
configure:6421: result: yes
configure:6429: checking for string.h
configure:6429: result: yes
configure:6438: checking for locale.h
configure:6438: gcc -c -Wall -Wmissing-prototypes -Wpointer-arith -O2 -pedantic -fomit-frame-pointer -m64 -mtune=k8 -march=k8  -I/home/runner/work/gnu-tools-for-stm32/gnu-tools-for-stm32/build-native/host-libs/usr/include conftest.c >&5
configure:6438: $? = 0
configure:6438: result: yes
configure:6446: checking for wchar.h
configure:6446: gcc -c -Wall -Wmissing-prototypes -Wpointer-arith -O2 -pedantic -fomit-frame-pointer -m64 -mtune=k8 -march=k8  -I/home/runner/work/gnu-tools-for-stm32/gnu-tools-for-stm32/build-native/host-libs/usr/include conftest.c >&5
configure:6446: $? = 0
configure:6446: result: yes
configure:6454: checking for stdarg.h
configure:6454: gcc -c -Wall -Wmissing-prototypes -Wpointer-arith -O2 -pedantic -fomit-frame-pointer -m64 -mtune=k8 -march=k8  -I/home/runner/work/gnu-tools-for-stm32/gnu-tools-for-stm32/build-native/host-libs/usr/include conftest.c >&5
configure:6454: $? = 0
configure:6454: result: yes
configure:6472: checking for sys/time.h
configure:6472: result: yes
configure:6478: checking for sys/fpu.h
configure:6478: gcc -c -Wall -Wmissing-prototypes -Wpointer-arith -O2 -pedantic -fomit-frame-pointer -m64 -mtune=k8 -march=k8  -I/home/runner/work/gnu-tools-for-stm32/gnu-tools-for-stm32/build-native/host-libs/usr/include conftest.c >&5
conftest.c:53:10: fatal error: sys/fpu.h: No such file or directory
   53 | #include <sys/fpu.h>
      |          ^~~~~~~~~~~
compilation terminated.
configure:6478: $? = 1
configure: failed program was:
| /* confdefs.h */
| #define PACKAGE_NAME "MPFR"
| #define PACKAGE_TARNAME "mpfr"
| #define PACKAGE_VERSION "3.1.6"
| #define PACKAGE_STRING "MPFR 3.1.6"
| #define PACKAGE_BUGREPORT ""
| #define PACKAGE_URL ""
| #define HAVE_STDIO_H 1
| #define HAVE_STDLIB_H 1
| #define HAVE_STRING_H 1
| #define HAVE_INTTYPES_H 1
| #define HAVE_STDINT_H 1
| #define HAVE_STRINGS_H 1
| #define HAVE_SYS_STAT_H 1
| #define HAVE_SYS_TYPES_H 1
| #define HAVE_UNISTD_H 1
| #define HAVE_SYS_TIME_H 1
| #define STDC_HEADERS 1
| #define TIME_WITH_SYS_TIME 1
| #define HAVE_LOCALE_H 1
| #define HAVE_WCHAR_H 1
| #define HAVE_STDARG 1
| #define HAVE_SYS_TIME_H 1
| /* end confdefs.h.  */
| #include <stddef.h>
| #ifdef HAVE_STDIO_H
| # include <stdio.h>
| #endif
| #ifdef HAVE_STDLIB_H
| # include <stdlib.h>
| #endif
| #ifdef HAVE_STRING_H
| # include <string.h>
| #endif
| #ifdef HAVE_INTTYPES_H
| # include <inttypes.h>
| #endif
| #ifdef HAVE_STDINT_H
| # include <stdint.h>
| #endif
| #ifdef HAVE_STRINGS_H
| # include <strings.h>
| #endif
| #ifdef HAVE_SYS_TYPES_H
| # include <sys/types.h>
| #endif
| #ifdef HAVE_SYS_STAT_H
| # include <sys/stat.h>
| #endif
| #ifdef HAVE_UNISTD_H
| # include <unistd.h>
| #endif
| #include <sys/fpu.h>
configure:6478: result: no
configure:6486: checking for struct lconv.decimal_point
configure:6486: gcc -c -Wall -Wmissing-prototypes -Wpointer-arith -O2 -pedantic -fomit-frame-pointer -m64 -mtune=k8 -march=k8  -I/home/runner/work/gnu-tools-for-stm32/gnu-tools-for-stm32/build-native/host-libs/usr/include conftest.c >&5
configure:6486: $? = 0
configure:6486: result: yes
configure:6495: checking for struct lconv.thousands_sep
configure:6495: gcc -c -Wall -Wmissing-prototypes -Wpointer-arith -O2 -pedantic -fomit-frame-pointer -m64 -mtune=k8 -march=k8  -I/home/runner/work/gnu-tools-for-stm32/gnu-tools-for-stm32/build-native/host-libs/usr/include conftest.c >&5
configure:6495: $? = 0
configure:6495: result: yes
configure:6508: checking for working alloca.h
configure:6526: gcc -o conftest -Wall -Wmissing-prototypes -Wpointer-arith -O2 -pedantic -fomit-frame-pointer -m64 -mtune=k8 -march=k8  -I/home/runner/work/gnu-tools-for-stm32/gnu-tools-for-stm32/build-native/host-libs/usr/include  -L/home/runner/work/gnu-tools-for-stm32/gnu-tools-for-stm32/build-native/host-libs/usr/lib conftest.c  >&5
configure:6526: $? = 0
configure:6535: result: yes
configure:6543: checking for alloca
configure:6588: result: yes
configure:6657: checking for stdint.h
configure:6657: result: yes
configure:6664: checking for SIZE_MAX
configure:6744: result: yes
configure:6753: checking how to copy va_list
configure:6771: gcc -o conftest -Wall -Wmissing-prototypes -Wpointer-arith -O2 -pedantic -fomit-frame-pointer -m64 -mtune=k8 -march=k8  -I/home/runner/work/gnu-tools-for-stm32/gnu-tools-for-stm32/build-native/host-libs/usr/include  -L/home/runner/work/gnu-tools-for-stm32/gnu-tools-for-stm32/build-native/host-libs/usr/lib conftest.c  >&5
configure:6771: $? = 0
configure:6774: result: va_copy
configure:6811: checking for memmove
configure:6811: gcc -o conftest -Wall -Wmissing-prototypes -Wpointer-arith -O2 -pedantic -fomit-frame-pointer -m64 -mtune=k8 -march=k8  -I/home/runner/work/gnu-tools-for-stm32/gnu-tools-for-stm32/build-native/host-libs/usr/include  -L/home/runner/work/gnu-tools-for-stm32/gnu-tools-for-stm32/build-native/host-libs/usr/lib conftest.c  >&5
conftest.c:47:6: warning: conflicting types for built-in function 'memmove'; expected 'void *(void *, const void *, long unsigned int)' [-Wbuiltin-declaration-mismatch]
   47 | char memmove ();
      |      ^~~~~~~
conftest.c:39:1: note: 'memmove' is declared in header '<string.h>'
   38 | #include <limits.h>
   39 | #undef memmove
configure:6811: $? = 0
configure:6811: result: yes
configure:6817: checking for memset
configure:6817: gcc -o conftest -Wall -Wmissing-prototypes -Wpointer-arith -O2 -pedantic -fomit-frame-pointer -m64 -mtune=k8 -march=k8  -I/home/runner/work/gnu-tools-for-stm32/gnu-tools-for-stm32/build-native/host-libs/usr/include  -L/home/runner/work/gnu-tools-for-stm32/gnu-tools-for-stm32/build-native/host-libs/usr/lib conftest.c  >&5
conftest.c:48:6: warning: conflicting types for built-in function 'memset'; expected 'void *(void *, int,  long unsigned int)' [-Wbuiltin-declaration-mismatch]
   48 | char memset ();
      |      ^~~~~~
conftest.c:40:1: note: 'memset' is declared in header '<string.h>'
   39 | #include <limits.h>
   40 | #undef memset
configure:6817: $? = 0
configure:6817: result: yes
configure:6823: checking for setlocale
configure:6823: gcc -o conftest -Wall -Wmissing-prototypes -Wpointer-arith -O2 -pedantic -fomit-frame-pointer -m64 -mtune=k8 -march=k8  -I/home/runner/work/gnu-tools-for-stm32/gnu-tools-for-stm32/build-native/host-libs/usr/include  -L/home/runner/work/gnu-tools-for-stm32/gnu-tools-for-stm32/build-native/host-libs/usr/lib conftest.c  >&5
configure:6823: $? = 0
configure:6823: result: yes
configure:6829: checking for strtol
configure:6829: gcc -o conftest -Wall -Wmissing-prototypes -Wpointer-arith -O2 -pedantic -fomit-frame-pointer -m64 -mtune=k8 -march=k8  -I/home/runner/work/gnu-tools-for-stm32/gnu-tools-for-stm32/build-native/host-libs/usr/include  -L/home/runner/work/gnu-tools-for-stm32/gnu-tools-for-stm32/build-native/host-libs/usr/lib conftest.c  >&5
configure:6829: $? = 0
configure:6829: result: yes
configure:6835: checking for gettimeofday
configure:6835: gcc -o conftest -Wall -Wmissing-prototypes -Wpointer-arith -O2 -pedantic -fomit-frame-pointer -m64 -mtune=k8 -march=k8  -I/home/runner/work/gnu-tools-for-stm32/gnu-tools-for-stm32/build-native/host-libs/usr/include  -L/home/runner/work/gnu-tools-for-stm32/gnu-tools-for-stm32/build-native/host-libs/usr/lib conftest.c  >&5
configure:6835: $? = 0
configure:6835: result: yes
configure:6888: checking for long long int
configure:6888: gcc -c -Wall -Wmissing-prototypes -Wpointer-arith -O2 -pedantic -fomit-frame-pointer -m64 -mtune=k8 -march=k8  -I/home/runner/work/gnu-tools-for-stm32/gnu-tools-for-stm32/build-native/host-libs/usr/include conftest.c >&5
configure:6888: $? = 0
configure:6888: gcc -c -Wall -Wmissing-prototypes -Wpointer-arith -O2 -pedantic -fomit-frame-pointer -m64 -mtune=k8 -march=k8  -I/home/runner/work/gnu-tools-for-stm32/gnu-tools-for-stm32/build-native/host-libs/usr/include conftest.c >&5
conftest.c: In function 'main':
conftest.c:67:28: error: expected expression before ')' token
   67 | if (sizeof ((long long int)))
      |                            ^
configure:6888: $? = 1
configure: failed program was:
| /* confdefs.h */
| #define PACKAGE_NAME "MPFR"
| #define PACKAGE_TARNAME "mpfr"
| #define PACKAGE_VERSION "3.1.6"
| #define PACKAGE_STRING "MPFR 3.1.6"
| #define PACKAGE_BUGREPORT ""
| #define PACKAGE_URL ""
| #define HAVE_STDIO_H 1
| #define HAVE_STDLIB_H 1
| #define HAVE_STRING_H 1
| #define HAVE_INTTYPES_H 1
| #define HAVE_STDINT_H 1
| #define HAVE_STRINGS_H 1
| #define HAVE_SYS_STAT_H 1
| #define HAVE_SYS_TYPES_H 1
| #define HAVE_UNISTD_H 1
| #define HAVE_SYS_TIME_H 1
| #define STDC_HEADERS 1
| #define TIME_WITH_SYS_TIME 1
| #define HAVE_LOCALE_H 1
| #define HAVE_WCHAR_H 1
| #define HAVE_STDARG 1
| #define HAVE_SYS_TIME_H 1
| #define HAVE_STRUCT_LCONV_DECIMAL_POINT 1
| #define HAVE_STRUCT_LCONV_THOUSANDS_SEP 1
| #define HAVE_ALLOCA_H 1
| #define HAVE_ALLOCA 1
| #define HAVE_STDINT_H 1
| #define HAVE_VA_COPY 1
| #define HAVE_MEMMOVE 1
| #define HAVE_MEMSET 1
| #define HAVE_SETLOCALE 1
| #define HAVE_STRTOL 1
| #define HAVE_GETTIMEOFDAY 1
| /* end confdefs.h.  */
| #include <stddef.h>
| #ifdef HAVE_STDIO_H
| # include <stdio.h>
| #endif
| #ifdef HAVE_STDLIB_H
| # include <stdlib.h>
| #endif
| #ifdef HAVE_STRING_H
| # include <string.h>
| #endif
| #ifdef HAVE_INTTYPES_H
| # include <inttypes.h>
| #endif
| #ifdef HAVE_STDINT_H
| # include <stdint.h>
| #endif
| #ifdef HAVE_STRINGS_H
| # include <strings.h>
| #endif
| #ifdef HAVE_SYS_TYPES_H
| # include <sys/types.h>
| #endif
| #ifdef HAVE_SYS_STAT_H
| # include <sys/stat.h>
| #endif
| #ifdef HAVE_UNISTD_H
| # include <unistd.h>
| #endif
| int
| main (void)
| {
| if (sizeof ((long long int)))
| 	    return 0;
|   ;
|   return 0;
| }
configure:6888: result: yes
configure:6897: checking for intmax_t
configure:6897: gcc -c -Wall -Wmissing-prototypes -Wpointer-arith -O2 -pedantic -fomit-frame-pointer -m64 -mtune=k8 -march=k8  -I/home/runner/work/gnu-tools-for-stm32/gnu-tools-for-stm32/build-native/host-libs/usr/include conftest.c >&5
configure:6897: $? = 0
configure:6897: gcc -c -Wall -Wmissing-prototypes -Wpointer-arith -O2 -pedantic -fomit-frame-pointer -m64 -mtune=k8 -march=k8  -I/home/runner/work/gnu-tools-for-stm32/gnu-tools-for-stm32/build-native/host-libs/usr/include conftest.c >&5
conftest.c: In function 'main':
conftest.c:68:23: error: expected expression before ')' token
   68 | if (sizeof ((intmax_t)))
      |                       ^
configure:6897: $? = 1
configure: failed program was:
| /* confdefs.h */
| #define PACKAGE_NAME "MPFR"
| #define PACKAGE_TARNAME "mpfr"
| #define PACKAGE_VERSION "3.1.6"
| #define PACKAGE_STRING "MPFR 3.1.6"
| #define PACKAGE_BUGREPORT ""
| #define PACKAGE_URL ""
| #define HAVE_STDIO_H 1
| #define HAVE_STDLIB_H 1
| #define HAVE_STRING_H 1
| #define HAVE_INTTYPES_H 1
| #define HAVE_STDINT_H 1
| #define HAVE_STRINGS_H 1
| #define HAVE_SYS_STAT_H 1
| #define HAVE_SYS_TYPES_H 1
| #define HAVE_UNISTD_H 1
| #define HAVE_SYS_TIME_H 1
| #define STDC_HEADERS 1
| #define TIME_WITH_SYS_TIME 1
| #define HAVE_LOCALE_H 1
| #define HAVE_WCHAR_H 1
| #define HAVE_STDARG 1
| #define HAVE_SYS_TIME_H 1
| #define HAVE_STRUCT_LCONV_DECIMAL_POINT 1
| #define HAVE_STRUCT_LCONV_THOUSANDS_SEP 1
| #define HAVE_ALLOCA_H 1
| #define HAVE_ALLOCA 1
| #define HAVE_STDINT_H 1
| #define HAVE_VA_COPY 1
| #define HAVE_MEMMOVE 1
| #define HAVE_MEMSET 1
| #define HAVE_SETLOCALE 1
| #define HAVE_STRTOL 1
| #define HAVE_GETTIMEOFDAY 1
| #define HAVE_LONG_LONG 1
| /* end confdefs.h.  */
| #include <stddef.h>
| #ifdef HAVE_STDIO_H
| # include <stdio.h>
| #endif
| #ifdef HAVE_STDLIB_H
| # include <stdlib.h>
| #endif
| #ifdef HAVE_STRING_H
| # include <string.h>
| #endif
| #ifdef HAVE_INTTYPES_H
| # include <inttypes.h>
| #endif
| #ifdef HAVE_STDINT_H
| # include <stdint.h>
| #endif
| #ifdef HAVE_STRINGS_H
| # include <strings.h>
| #endif
| #ifdef HAVE_SYS_TYPES_H
| # include <sys/types.h>
| #endif
| #ifdef HAVE_SYS_STAT_H
| # include <sys/stat.h>
| #endif
| #ifdef HAVE_UNISTD_H
| # include <unistd.h>
| #endif
| int
| main (void)
| {
| if (sizeof ((intmax_t)))
| 	    return 0;
|   ;
|   return 0;
| }
configure:6897: result: yes
configure:6907: checking for working INTMAX_MAX
configure:6928: gcc -c -Wall -Wmissing-prototypes -Wpointer-arith -O2 -pedantic -fomit-frame-pointer -m64 -mtune=k8 -march=k8  -I/home/runner/work/gnu-tools-for-stm32/gnu-tools-for-stm32/build-native/host-libs/usr/include -I/home/runner/work/gnu-tools-for-stm32/gnu-tools-for-stm32/src/mpfr/src conftest.c >&5
configure:6928: $? = 0
configure:6938: result: yes
configure:6947: checking for union fpc_csr
configure:6947: gcc -c -Wall -Wmissing-prototypes -Wpointer-arith -O2 -pedantic -fomit-frame-pointer -m64 -mtune=k8 -march=k8  -I/home/runner/work/gnu-tools-for-stm32/gnu-tools-for-stm32/build-native/host-libs/usr/include conftest.c >&5
conftest.c: In function 'main':
conftest.c:48:13: error: invalid application of 'sizeof' to incomplete type 'union fpc_csr'
   48 | if (sizeof (union fpc_csr))
      |             ^~~~~
configure:6947: $? = 1
configure: failed program was:
| /* confdefs.h */
| #define PACKAGE_NAME "MPFR"
| #define PACKAGE_TARNAME "mpfr"
| #define PACKAGE_VERSION "3.1.6"
| #define PACKAGE_STRING "MPFR 3.1.6"
| #define PACKAGE_BUGREPORT ""
| #define PACKAGE_URL ""
| #define HAVE_STDIO_H 1
| #define HAVE_STDLIB_H 1
| #define HAVE_STRING_H 1
| #define HAVE_INTTYPES_H 1
| #define HAVE_STDINT_H 1
| #define HAVE_STRINGS_H 1
| #define HAVE_SYS_STAT_H 1
| #define HAVE_SYS_TYPES_H 1
| #define HAVE_UNISTD_H 1
| #define HAVE_SYS_TIME_H 1
| #define STDC_HEADERS 1
| #define TIME_WITH_SYS_TIME 1
| #define HAVE_LOCALE_H 1
| #define HAVE_WCHAR_H 1
| #define HAVE_STDARG 1
| #define HAVE_SYS_TIME_H 1
| #define HAVE_STRUCT_LCONV_DECIMAL_POINT 1
| #define HAVE_STRUCT_LCONV_THOUSANDS_SEP 1
| #define HAVE_ALLOCA_H 1
| #define HAVE_ALLOCA 1
| #define HAVE_STDINT_H 1
| #define HAVE_VA_COPY 1
| #define HAVE_MEMMOVE 1
| #define HAVE_MEMSET 1
| #define HAVE_SETLOCALE 1
| #define HAVE_STRTOL 1
| #define HAVE_GETTIMEOFDAY 1
| #define HAVE_LONG_LONG 1
| #define HAVE_INTMAX_T 1
| #define MPFR_HAVE_INTMAX_MAX 1
| /* end confdefs.h.  */
| 
| #if HAVE_SYS_FPU_H
| #  include <sys/fpu.h>
| #endif
| 
| 
| int
| main (void)
| {
| if (sizeof (union fpc_csr))
| 	 return 0;
|   ;
|   return 0;
| }
configure:6947: result: no
configure:6961: checking for fesetround
configure:6981: gcc -o conftest -Wall -Wmissing-prototypes -Wpointer-arith -O2 -pedantic -fomit-frame-pointer -m64 -mtune=k8 -march=k8  -I/home/runner/work/gnu-tools-for-stm32/gnu-tools-for-stm32/build-native/host-libs/usr/include  -L/home/runner/work/gnu-tools-for-stm32/gnu-tools-for-stm32/build-native/host-libs/usr/lib conftest.c  -lm >&5
configure:6981: $? = 0
configure:6992: result: yes
configure:7001: checking for gcc float-conversion bug
configure:7043: gcc -o conftest -Wall -Wmissing-prototypes -Wpointer-arith -O2 -pedantic -fomit-frame-pointer -m64 -mtune=k8 -march=k8  -I/home/runner/work/gnu-tools-for-stm32/gnu-tools-for-stm32/build-native/host-libs/usr/include  -L/home/runner/work/gnu-tools-for-stm32/gnu-tools-for-stm32/build-native/host-libs/usr/lib conftest.c  -lm >&5
configure:7043: $? = 0
configure:7043: ./conftest
configure:7043: $? = 0
configure:7056: result: no
configure:7063: checking for subnormal numbers
configure:7085: gcc -o conftest -Wall -Wmissing-prototypes -Wpointer-arith -O2 -pedantic -fomit-frame-pointer -m64 -mtune=k8 -march=k8  -I/home/runner/work/gnu-tools-for-stm32/gnu-tools-for-stm32/build-native/host-libs/usr/include  -L/home/runner/work/gnu-tools-for-stm32/gnu-tools-for-stm32/build-native/host-libs/usr/lib conftest.c  >&5
configure:7085: $? = 0
configure:7085: ./conftest
1.112537e-308
configure:7085: $? = 0
configure:7097: result: yes
configure:7105: checking for signed zeros
configure:7124: gcc -o conftest -Wall -Wmissing-prototypes -Wpointer-arith -O2 -pedantic -fomit-frame-pointer -m64 -mtune=k8 -march=k8  -I/home/runner/work/gnu-tools-for-stm32/gnu-tools-for-stm32/build-native/host-libs/usr/include  -L/home/runner/work/gnu-tools-for-stm32/gnu-tools-for-stm32/build-native/host-libs/usr/lib conftest.c  >&5
configure:7124: $? = 0
configure:7124: ./conftest
configure:7124: $? = 0
configure:7136: result: yes
configure:7144: checking if the FP division by 0 fails
configure:7167: gcc -o conftest -Wall -Wmissing-prototypes -Wpointer-arith -O2 -pedantic -fomit-frame-pointer -m64 -mtune=k8 -march=k8  -I/home/runner/work/gnu-tools-for-stm32/gnu-tools-for-stm32/build-native/host-libs/usr/include  -L/home/runner/work/gnu-tools-for-stm32/gnu-tools-for-stm32/build-native/host-libs/usr/lib conftest.c  >&5
configure:7167: $? = 0
configure:7167: ./conftest
configure:7167: $? = 0
configure:7179: result: no
configure:7193: checking if NAN == NAN
configure:7219: gcc -o conftest -Wall -Wmissing-prototypes -Wpointer-arith -O2 -pedantic -fomit-frame-pointer -m64 -mtune=k8 -march=k8  -I/home/runner/work/gnu-tools-for-stm32/gnu-tools-for-stm32/build-native/host-libs/usr/include  -L/home/runner/work/gnu-tools-for-stm32/gnu-tools-for-stm32/build-native/host-libs/usr/lib conftest.c  >&5
configure:7219: $? = 0
configure:7219: ./conftest
configure:7219: $? = 1
configure: program exited with status 1
configure: failed program was:
| /* confdefs.h */
| #define PACKAGE_NAME "MPFR"
| #define PACKAGE_TARNAME "mpfr"
| #define PACKAGE_VERSION "3.1.6"
| #define PACKAGE_STRING "MPFR 3.1.6"
| #define PACKAGE_BUGREPORT ""
| #define PACKAGE_URL ""
| #define HAVE_STDIO_H 1
| #define HAVE_STDLIB_H 1
| #define HAVE_STRING_H 1
| #define HAVE_INTTYPES_H 1
| #define HAVE_STDINT_H 1
| #define HAVE_STRINGS_H 1
| #define HAVE_SYS_STAT_H 1
| #define HAVE_SYS_TYPES_H 1
| #define HAVE_UNISTD_H 1
| #define HAVE_SYS_TIME_H 1
| #define STDC_HEADERS 1
| #define TIME_WITH_SYS_TIME 1
| #define HAVE_LOCALE_H 1
| #define HAVE_WCHAR_H 1
| #define HAVE_STDARG 1
| #define HAVE_SYS_TIME_H 1
| #define HAVE_STRUCT_LCONV_DECIMAL_POINT 1
| #define HAVE_STRUCT_LCONV_THOUSANDS_SEP 1
| #define HAVE_ALLOCA_H 1
| #define HAVE_ALLOCA 1
| #define HAVE_STDINT_H 1
| #define HAVE_VA_COPY 1
| #define HAVE_MEMMOVE 1
| #define HAVE_MEMSET 1
| #define HAVE_SETLOCALE 1
| #define HAVE_STRTOL 1
| #define HAVE_GETTIMEOFDAY 1
| #define HAVE_LONG_LONG 1
| #define HAVE_INTMAX_T 1
| #define MPFR_HAVE_INTMAX_MAX 1
| #define MPFR_HAVE_FESETROUND 1
| #define HAVE_DENORMS 1
| #define HAVE_SIGNEDZ 1
| /* end confdefs.h.  */
| 
| #include <stdio.h>
| #include <math.h>
| #ifndef NAN
| # define NAN (0.0/0.0)
| #endif
| int main (void) {
|   double d;
|   d = NAN;
|   return d != d;
| }
| 
configure:7231: result: no
configure:7259: checking if charset has consecutive values
configure:7290: gcc -o conftest -Wall -Wmissing-prototypes -Wpointer-arith -O2 -pedantic -fomit-frame-pointer -m64 -mtune=k8 -march=k8  -I/home/runner/work/gnu-tools-for-stm32/gnu-tools-for-stm32/build-native/host-libs/usr/include  -L/home/runner/work/gnu-tools-for-stm32/gnu-tools-for-stm32/build-native/host-libs/usr/lib conftest.c  >&5
configure:7290: $? = 0
configure:7290: ./conftest
configure:7290: $? = 0
configure:7292: result: yes
configure:7310: checking for math/round
configure:7328: gcc -o conftest -Wall -Wmissing-prototypes -Wpointer-arith -O2 -pedantic -fomit-frame-pointer -m64 -mtune=k8 -march=k8  -I/home/runner/work/gnu-tools-for-stm32/gnu-tools-for-stm32/build-native/host-libs/usr/include  -L/home/runner/work/gnu-tools-for-stm32/gnu-tools-for-stm32/build-native/host-libs/usr/lib conftest.c  -lm >&5
configure:7328: $? = 0
configure:7331: result: yes
configure:7344: checking for math/trunc
configure:7362: gcc -o conftest -Wall -Wmissing-prototypes -Wpointer-arith -O2 -pedantic -fomit-frame-pointer -m64 -mtune=k8 -march=k8  -I/home/runner/work/gnu-tools-for-stm32/gnu-tools-for-stm32/build-native/host-libs/usr/include  -L/home/runner/work/gnu-tools-for-stm32/gnu-tools-for-stm32/build-native/host-libs/usr/lib conftest.c  -lm >&5
configure:7362: $? = 0
configure:7365: result: yes
configure:7378: checking for math/floor
configure:7396: gcc -o conftest -Wall -Wmissing-prototypes -Wpointer-arith -O2 -pedantic -fomit-frame-pointer -m64 -mtune=k8 -march=k8  -I/home/runner/work/gnu-tools-for-stm32/gnu-tools-for-stm32/build-native/host-libs/usr/include  -L/home/runner/work/gnu-tools-for-stm32/gnu-tools-for-stm32/build-native/host-libs/usr/lib conftest.c  -lm >&5
configure:7396: $? = 0
configure:7399: result: yes
configure:7412: checking for math/ceil
configure:7430: gcc -o conftest -Wall -Wmissing-prototypes -Wpointer-arith -O2 -pedantic -fomit-frame-pointer -m64 -mtune=k8 -march=k8  -I/home/runner/work/gnu-tools-for-stm32/gnu-tools-for-stm32/build-native/host-libs/usr/include  -L/home/runner/work/gnu-tools-for-stm32/gnu-tools-for-stm32/build-native/host-libs/usr/lib conftest.c  -lm >&5
configure:7430: $? = 0
configure:7433: result: yes
configure:7446: checking for math/nearbyint
configure:7464: gcc -o conftest -Wall -Wmissing-prototypes -Wpointer-arith -O2 -pedantic -fomit-frame-pointer -m64 -mtune=k8 -march=k8  -I/home/runner/work/gnu-tools-for-stm32/gnu-tools-for-stm32/build-native/host-libs/usr/include  -L/home/runner/work/gnu-tools-for-stm32/gnu-tools-for-stm32/build-native/host-libs/usr/lib conftest.c  -lm >&5
configure:7464: $? = 0
configure:7467: result: yes
configure:7485: checking for long double
configure:7485: gcc -c -Wall -Wmissing-prototypes -Wpointer-arith -O2 -pedantic -fomit-frame-pointer -m64 -mtune=k8 -march=k8  -I/home/runner/work/gnu-tools-for-stm32/gnu-tools-for-stm32/build-native/host-libs/usr/include conftest.c >&5
configure:7485: $? = 0
configure:7485: gcc -c -Wall -Wmissing-prototypes -Wpointer-arith -O2 -pedantic -fomit-frame-pointer -m64 -mtune=k8 -march=k8  -I/home/runner/work/gnu-tools-for-stm32/gnu-tools-for-stm32/build-native/host-libs/usr/include conftest.c >&5
conftest.c: In function 'main':
conftest.c:78:26: error: expected expression before ')' token
   78 | if (sizeof ((long double)))
      |                          ^
configure:7485: $? = 1
configure: failed program was:
| /* confdefs.h */
| #define PACKAGE_NAME "MPFR"
| #define PACKAGE_TARNAME "mpfr"
| #define PACKAGE_VERSION "3.1.6"
| #define PACKAGE_STRING "MPFR 3.1.6"
| #define PACKAGE_BUGREPORT ""
| #define PACKAGE_URL ""
| #define HAVE_STDIO_H 1
| #define HAVE_STDLIB_H 1
| #define HAVE_STRING_H 1
| #define HAVE_INTTYPES_H 1
| #define HAVE_STDINT_H 1
| #define HAVE_STRINGS_H 1
| #define HAVE_SYS_STAT_H 1
| #define HAVE_SYS_TYPES_H 1
| #define HAVE_UNISTD_H 1
| #define HAVE_SYS_TIME_H 1
| #define STDC_HEADERS 1
| #define TIME_WITH_SYS_TIME 1
| #define HAVE_LOCALE_H 1
| #define HAVE_WCHAR_H 1
| #define HAVE_STDARG 1
| #define HAVE_SYS_TIME_H 1
| #define HAVE_STRUCT_LCONV_DECIMAL_POINT 1
| #define HAVE_STRUCT_LCONV_THOUSANDS_SEP 1
| #define HAVE_ALLOCA_H 1
| #define HAVE_ALLOCA 1
| #define HAVE_STDINT_H 1
| #define HAVE_VA_COPY 1
| #define HAVE_MEMMOVE 1
| #define HAVE_MEMSET 1
| #define HAVE_SETLOCALE 1
| #define HAVE_STRTOL 1
| #define HAVE_GETTIMEOFDAY 1
| #define HAVE_LONG_LONG 1
| #define HAVE_INTMAX_T 1
| #define MPFR_HAVE_INTMAX_MAX 1
| #define MPFR_HAVE_FESETROUND 1
| #define HAVE_DENORMS 1
| #define HAVE_SIGNEDZ 1
| #define HAVE_ROUND 1
| #define HAVE_TRUNC 1
| #define HAVE_FLOOR 1
| #define HAVE_CEIL 1
| #define HAVE_NEARBYINT 1
| /* end confdefs.h.  */
| #include <stddef.h>
| #ifdef HAVE_STDIO_H
| # include <stdio.h>
| #endif
| #ifdef HAVE_STDLIB_H
| # include <stdlib.h>
| #endif
| #ifdef HAVE_STRING_H
| # include <string.h>
| #endif
| #ifdef HAVE_INTTYPES_H
| # include <inttypes.h>
| #endif
| #ifdef HAVE_STDINT_H
| # include <stdint.h>
| #endif
| #ifdef HAVE_STRINGS_H
| # include <strings.h>
| #endif
| #ifdef HAVE_SYS_TYPES_H
| # include <sys/types.h>
| #endif
| #ifdef HAVE_SYS_STAT_H
| # include <sys/stat.h>
| #endif
| #ifdef HAVE_UNISTD_H
| # include <unistd.h>
| #endif
| int
| main (void)
| {
| if (sizeof ((long double)))
| 	    return 0;
|   ;
|   return 0;
| }
configure:7485: result: yes
configure:7494: checking format of `long double' floating point
configure:7522: gcc -Wall -Wmissing-prototypes -Wpointer-arith -O2 -pedantic -fomit-frame-pointer -m64 -mtune=k8 -march=k8  -I/home/runner/work/gnu-tools-for-stm32/gnu-tools-for-stm32/build-native/host-libs/usr/include -c conftest.c >&5 2>&1
configure:7525: $? = 0
configure:7797: result: IEEE extended, little endian
configure:7842: checking for TLS support using C11
configure:7864: gcc -o conftest -Wall -Wmissing-prototypes -Wpointer-arith -O2 -pedantic -fomit-frame-pointer -m64 -mtune=k8 -march=k8  -I/home/runner/work/gnu-tools-for-stm32/gnu-tools-for-stm32/build-native/host-libs/usr/include -I/home/runner/work/gnu-tools-for-stm32/gnu-tools-for-stm32/src/mpfr/src  -L/home/runner/work/gnu-tools-for-stm32/gnu-tools-for-stm32/build-native/host-libs/usr/lib conftest.c  >&5
configure:7864: $? = 0
configure:7864: ./conftest
configure:7864: $? = 0
configure:7866: result: yes
configure:7950: checking for library containing clock_gettime
configure:7980: gcc -o conftest -Wall -Wmissing-prototypes -Wpointer-arith -O2 -pedantic -fomit-frame-pointer -m64 -mtune=k8 -march=k8  -I/home/runner/work/gnu-tools-for-stm32/gnu-tools-for-stm32/build-native/host-libs/usr/include  -L/home/runner/work/gnu-tools-for-stm32/gnu-tools-for-stm32/build-native/host-libs/usr/lib conftest.c  >&5
configure:7980: $? = 0
configure:8000: result: none required
configure:8017: checking for gmp.h
configure:8025: gcc -c -Wall -Wmissing-prototypes -Wpointer-arith -O2 -pedantic -fomit-frame-pointer -m64 -mtune=k8 -march=k8  -I/home/runner/work/gnu-tools-for-stm32/gnu-tools-for-stm32/build-native/host-libs/usr/include conftest.c >&5
configure:8025: $? = 0
configure:8027: result: yes
configure:8087: checking how to print strings
configure:8114: result: printf
configure:8135: checking for a sed that does not truncate output
configure:8205: result: /usr/bin/sed
configure:8223: checking for fgrep
configure:8291: result: /usr/bin/grep -F
configure:8327: checking for ld used by gcc
configure:8395: result: /usr/bin/ld
configure:8402: checking if the linker (/usr/bin/ld) is GNU ld
configure:8418: result: yes
configure:8430: checking for BSD- or MS-compatible name lister (nm)
configure:8485: result: /usr/bin/x86_64-linux-gnu-nm -B
configure:8625: checking the name lister (/usr/bin/x86_64-linux-gnu-nm -B) interface
configure:8633: gcc -c -Wall -Wmissing-prototypes -Wpointer-arith -O2 -pedantic -fomit-frame-pointer -m64 -mtune=k8 -march=k8  -I/home/runner/work/gnu-tools-for-stm32/gnu-tools-for-stm32/build-native/host-libs/usr/include conftest.c >&5
configure:8636: /usr/bin/x86_64-linux-gnu-nm -B "conftest.o"
configure:8639: output
0000000000000000 B some_variable
configure:8646: result: BSD nm
configure:8649: checking whether ln -s works
configure:8653: result: yes
configure:8661: checking the maximum length of command line arguments
configure:8793: result: 3145728
configure:8841: checking how to convert x86_64-pc-linux-gnu file names to x86_64-pc-linux-gnu format
configure:8882: result: func_convert_file_noop
configure:8889: checking how to convert x86_64-pc-linux-gnu file names to toolchain format
configure:8910: result: func_convert_file_noop
configure:8917: checking for /usr/bin/ld option to reload object files
configure:8925: result: -r
configure:8959: checking for x86_64-linux-gnu-file
configure:8994: result: no
configure:9004: checking for file
configure:9025: found /usr/bin/file
configure:9036: result: file
configure:9067: checking for x86_64-linux-gnu-objdump
configure:9088: found /usr/bin/x86_64-linux-gnu-objdump
configure:9099: result: x86_64-linux-gnu-objdump
configure:9173: checking how to recognize dependent libraries
configure:9374: result: pass_all
configure:9419: checking for x86_64-linux-gnu-dlltool
configure:9454: result: no
configure:9464: checking for dlltool
configure:9499: result: no
configure:9526: checking how to associate runtime and link libraries
configure:9554: result: printf %s\n
configure:9570: checking for x86_64-linux-gnu-ar
configure:9602: result: x86_64-linux-gnu-ar
configure:9704: checking for archiver @FILE support
configure:9722: gcc -c -Wall -Wmissing-prototypes -Wpointer-arith -O2 -pedantic -fomit-frame-pointer -m64 -mtune=k8 -march=k8  -I/home/runner/work/gnu-tools-for-stm32/gnu-tools-for-stm32/build-native/host-libs/usr/include conftest.c >&5
configure:9722: $? = 0
configure:9726: x86_64-linux-gnu-ar cr libconftest.a @conftest.lst >&5
configure:9729: $? = 0
configure:9734: x86_64-linux-gnu-ar cr libconftest.a @conftest.lst >&5
x86_64-linux-gnu-ar: conftest.o: No such file or directory
configure:9737: $? = 1
configure:9749: result: @
configure:9767: checking for x86_64-linux-gnu-strip
configure:9788: found /usr/bin/x86_64-linux-gnu-strip
configure:9799: result: x86_64-linux-gnu-strip
configure:9876: checking for x86_64-linux-gnu-ranlib
configure:9897: found /usr/bin/x86_64-linux-gnu-ranlib
configure:9908: result: x86_64-linux-gnu-ranlib
configure:10055: checking command to parse /usr/bin/x86_64-linux-gnu-nm -B output from gcc object
configure:10209: gcc -c -Wall -Wmissing-prototypes -Wpointer-arith -O2 -pedantic -fomit-frame-pointer -m64 -mtune=k8 -march=k8  -I/home/runner/work/gnu-tools-for-stm32/gnu-tools-for-stm32/build-native/host-libs/usr/include conftest.c >&5
configure:10212: $? = 0
configure:10216: /usr/bin/x86_64-linux-gnu-nm -B conftest.o | /usr/bin/sed -n -e 's/^.*[	 ]\([ABCDGIRSTW][ABCDGIRSTW]*\)[	 ][	 ]*\([_A-Za-z][_A-Za-z0-9]*\)$/\1 \2 \2/p' | /usr/bin/sed '/ __gnu_lto/d' > conftest.nm
configure:10282: gcc -o conftest -Wall -Wmissing-prototypes -Wpointer-arith -O2 -pedantic -fomit-frame-pointer -m64 -mtune=k8 -march=k8  -I/home/runner/work/gnu-tools-for-stm32/gnu-tools-for-stm32/build-native/host-libs/usr/include  -L/home/runner/work/gnu-tools-for-stm32/gnu-tools-for-stm32/build-native/host-libs/usr/lib conftest.c conftstm.o >&5
conftest.c:29:20: warning: ISO C forbids conversion of function pointer to object pointer type [-Wpedantic]
   29 |   {"nm_test_func", (void *) &nm_test_func},
      |                    ^
configure:10285: $? = 0
configure:10323: result: ok
configure:10370: checking for sysroot
configure:10401: result: no
configure:10408: checking for a working dd
configure:10452: result: /usr/bin/dd
configure:10456: checking how to truncate binary pipes
configure:10472: result: /usr/bin/dd bs=4096 count=1
configure:10609: gcc -c -Wall -Wmissing-prototypes -Wpointer-arith -O2 -pedantic -fomit-frame-pointer -m64 -mtune=k8 -march=k8  -I/home/runner/work/gnu-tools-for-stm32/gnu-tools-for-stm32/build-native/host-libs/usr/include conftest.c >&5
configure:10612: $? = 0
configure:10764: checking for x86_64-linux-gnu-mt
configure:10799: result: no
configure:10809: checking for mt
configure:10830: found /usr/bin/mt
configure:10841: result: mt
configure:10864: checking if mt is a manifest tool
configure:10871: mt '-?'
configure:10879: result: no
configure:11600: checking for dlfcn.h
configure:11600: gcc -c -Wall -Wmissing-prototypes -Wpointer-arith -O2 -pedantic -fomit-frame-pointer -m64 -mtune=k8 -march=k8  -I/home/runner/work/gnu-tools-for-stm32/gnu-tools-for-stm32/build-native/host-libs/usr/include conftest.c >&5
configure:11600: $? = 0
configure:11600: result: yes
configure:12187: checking for objdir
configure:12203: result: .libs
configure:12467: checking if gcc supports -fno-rtti -fno-exceptions
configure:12486: gcc -c -Wall -Wmissing-prototypes -Wpointer-arith -O2 -pedantic -fomit-frame-pointer -m64 -mtune=k8 -march=k8  -I/home/runner/work/gnu-tools-for-stm32/gnu-tools-for-stm32/build-native/host-libs/usr/include -fno-rtti -fno-exceptions conftest.c >&5
cc1: warning: command-line option '-fno-rtti' is valid for C++/D/ObjC++ but not for C
configure:12490: $? = 0
configure:12503: result: no
configure:12867: checking for gcc option to produce PIC
configure:12875: result: -fPIC -DPIC
configure:12883: checking if gcc PIC flag -fPIC -DPIC works
configure:12902: gcc -c -Wall -Wmissing-prototypes -Wpointer-arith -O2 -pedantic -fomit-frame-pointer -m64 -mtune=k8 -march=k8  -I/home/runner/work/gnu-tools-for-stm32/gnu-tools-for-stm32/build-native/host-libs/usr/include -fPIC -DPIC -DPIC conftest.c >&5
configure:12906: $? = 0
configure:12919: result: yes
configure:12948: checking if gcc static flag -static works
configure:12977: result: yes
configure:12992: checking if gcc supports -c -o file.o
configure:13014: gcc -c -Wall -Wmissing-prototypes -Wpointer-arith -O2 -pedantic -fomit-frame-pointer -m64 -mtune=k8 -march=k8  -I/home/runner/work/gnu-tools-for-stm32/gnu-tools-for-stm32/build-native/host-libs/usr/include -o out/conftest2.o conftest.c >&5
configure:13018: $? = 0
configure:13040: result: yes
configure:13048: checking if gcc supports -c -o file.o
configure:13096: result: yes
configure:13129: checking whether the gcc linker (/usr/bin/ld -m elf_x86_64) supports shared libraries
configure:14403: result: yes
configure:14644: checking dynamic linker characteristics
configure:15226: gcc -o conftest -Wall -Wmissing-prototypes -Wpointer-arith -O2 -pedantic -fomit-frame-pointer -m64 -mtune=k8 -march=k8  -I/home/runner/work/gnu-tools-for-stm32/gnu-tools-for-stm32/build-native/host-libs/usr/include  -L/home/runner/work/gnu-tools-for-stm32/gnu-tools-for-stm32/build-native/host-libs/usr/lib -Wl,-rpath -Wl,/foo conftest.c  >&5
configure:15226: $? = 0
configure:15477: result: GNU/Linux ld.so
configure:15599: checking how to hardcode library paths into programs
configure:15624: result: immediate
configure:16176: checking whether stripping libraries is possible
configure:16185: result: yes
configure:16227: checking if libtool supports shared libraries
configure:16229: result: yes
configure:16232: checking whether to build shared libraries
configure:16257: result: no
configure:16260: checking whether to build static libraries
configure:16264: result: yes
configure:16399: checking whether gcc __attribute__ ((mode (XX))) works
configure:16416: gcc -c -Wall -Wmissing-prototypes -Wpointer-arith -O2 -pedantic -fomit-frame-pointer -m64 -mtune=k8 -march=k8  -I/home/runner/work/gnu-tools-for-stm32/gnu-tools-for-stm32/build-native/host-libs/usr/include conftest.c >&5
configure:16416: $? = 0
configure:16425: result: yes
configure:16436: checking for recent GMP
configure:16448: gcc -c -Wall -Wmissing-prototypes -Wpointer-arith -O2 -pedantic -fomit-frame-pointer -m64 -mtune=k8 -march=k8  -I/home/runner/work/gnu-tools-for-stm32/gnu-tools-for-stm32/build-native/host-libs/usr/include conftest.c >&5
configure:16448: $? = 0
configure:16450: result: yes
configure:16461: checking usable gmp.h at link time
configure:16476: gcc -o conftest -Wall -Wmissing-prototypes -Wpointer-arith -O2 -pedantic -fomit-frame-pointer -m64 -mtune=k8 -march=k8  -I/home/runner/work/gnu-tools-for-stm32/gnu-tools-for-stm32/build-native/host-libs/usr/include  -L/home/runner/work/gnu-tools-for-stm32/gnu-tools-for-stm32/build-native/host-libs/usr/lib conftest.c  >&5
configure:16476: $? = 0
configure:16478: result: yes
configure:16521: checking for GMP_NUMB_BITS and sizeof(mp_limb_t) consistency
configure:16551: gcc -o conftest -Wall -Wmissing-prototypes -Wpointer-arith -O2 -pedantic -fomit-frame-pointer -m64 -mtune=k8 -march=k8  -I/home/runner/work/gnu-tools-for-stm32/gnu-tools-for-stm32/build-native/host-libs/usr/include  -L/home/runner/work/gnu-tools-for-stm32/gnu-tools-for-stm32/build-native/host-libs/usr/lib conftest.c  >&5
configure:16551: $? = 0
configure:16551: ./conftest
configure:16551: $? = 0
configure:16553: result: yes
configure:16569: checking for __gmpz_init in -lgmp
configure:16592: gcc -o conftest -Wall -Wmissing-prototypes -Wpointer-arith -O2 -pedantic -fomit-frame-pointer -m64 -mtune=k8 -march=k8  -I/home/runner/work/gnu-tools-for-stm32/gnu-tools-for-stm32/build-native/host-libs/usr/include  -L/home/runner/work/gnu-tools-for-stm32/gnu-tools-for-stm32/build-native/host-libs/usr/lib conftest.c -lgmp   >&5
configure:16592: $? = 0
configure:16602: result: yes
configure:16613: checking if gmp.h version and libgmp version are the same
configure:16650: gcc -o conftest -Wall -Wmissing-prototypes -Wpointer-arith -O2 -pedantic -fomit-frame-pointer -m64 -mtune=k8 -march=k8  -I/home/runner/work/gnu-tools-for-stm32/gnu-tools-for-stm32/build-native/host-libs/usr/include  -L/home/runner/work/gnu-tools-for-stm32/gnu-tools-for-stm32/build-native/host-libs/usr/lib conftest.c -lgmp  >&5
configure:16650: $? = 0
configure:16650: ./conftest
configure:16650: $? = 0
configure:16652: result: yes
configure:16655: checking for GMP library vs header correctness
configure:16702: gcc -o conftest -Wall -Wmissing-prototypes -Wpointer-arith -O2 -pedantic -fomit-frame-pointer -m64 -mtune=k8 -march=k8  -I/home/runner/work/gnu-tools-for-stm32/gnu-tools-for-stm32/build-native/host-libs/usr/include  -L/home/runner/work/gnu-tools-for-stm32/gnu-tools-for-stm32/build-native/host-libs/usr/lib conftest.c -lgmp  >&5
configure:16702: $? = 0
configure:16702: ./conftest
GMP_NAIL_BITS     = 0
GMP_NUMB_BITS     = 64
mp_bits_per_limb  = 64
sizeof(mp_limb_t) = 8
configure:16702: $? = 0
configure:16714: result: yes
configure:16723: checking for double-to-integer conversion bug
configure:16763: gcc -o conftest -Wall -Wmissing-prototypes -Wpointer-arith -O2 -pedantic -fomit-frame-pointer -m64 -mtune=k8 -march=k8  -I/home/runner/work/gnu-tools-for-stm32/gnu-tools-for-stm32/build-native/host-libs/usr/include  -L/home/runner/work/gnu-tools-for-stm32/gnu-tools-for-stm32/build-native/host-libs/usr/lib conftest.c -lgmp  >&5
configure:16763: $? = 0
configure:16763: ./conftest
configure:16763: $? = 0
configure:16775: result: no
configure:16786: checking if gmp_printf supports "%jd"
configure:16823: gcc -o conftest -Wall -Wmissing-prototypes -Wpointer-arith -O2 -pedantic -fomit-frame-pointer -m64 -mtune=k8 -march=k8  -I/home/runner/work/gnu-tools-for-stm32/gnu-tools-for-stm32/build-native/host-libs/usr/include  -L/home/runner/work/gnu-tools-for-stm32/gnu-tools-for-stm32/build-native/host-libs/usr/lib conftest.c -lgmp  >&5
configure:16823: $? = 0
configure:16823: ./conftest
configure:16823: $? = 0
configure:16825: result: yes
configure:16843: checking if gmp_printf supports "%hhd"
configure:16875: gcc -o conftest -Wall -Wmissing-prototypes -Wpointer-arith -O2 -pedantic -fomit-frame-pointer -m64 -mtune=k8 -march=k8  -I/home/runner/work/gnu-tools-for-stm32/gnu-tools-for-stm32/build-native/host-libs/usr/include  -L/home/runner/work/gnu-tools-for-stm32/gnu-tools-for-stm32/build-native/host-libs/usr/lib conftest.c -lgmp  >&5
configure:16875: $? = 0
configure:16875: ./conftest
configure:16875: $? = 0
configure:16877: result: yes
configure:16894: checking if gmp_printf supports "%lld"
configure:16926: gcc -o conftest -Wall -Wmissing-prototypes -Wpointer-arith -O2 -pedantic -fomit-frame-pointer -m64 -mtune=k8 -march=k8  -I/home/runner/work/gnu-tools-for-stm32/gnu-tools-for-stm32/build-native/host-libs/usr/include  -L/home/runner/work/gnu-tools-for-stm32/gnu-tools-for-stm32/build-native/host-libs/usr/lib conftest.c -lgmp  >&5
configure:16926: $? = 0
configure:16926: ./conftest
configure:16926: $? = 0
configure:16928: result: yes
configure:16945: checking if gmp_printf supports "%Lf"
configure:16977: gcc -o conftest -Wall -Wmissing-prototypes -Wpointer-arith -O2 -pedantic -fomit-frame-pointer -m64 -mtune=k8 -march=k8  -I/home/runner/work/gnu-tools-for-stm32/gnu-tools-for-stm32/build-native/host-libs/usr/include  -L/home/runner/work/gnu-tools-for-stm32/gnu-tools-for-stm32/build-native/host-libs/usr/lib conftest.c -lgmp  >&5
configure:16977: $? = 0
configure:16977: ./conftest
configure:16977: $? = 0
configure:16979: result: yes
configure:16996: checking if gmp_printf supports "%td"
configure:17033: gcc -o conftest -Wall -Wmissing-prototypes -Wpointer-arith -O2 -pedantic -fomit-frame-pointer -m64 -mtune=k8 -march=k8  -I/home/runner/work/gnu-tools-for-stm32/gnu-tools-for-stm32/build-native/host-libs/usr/include  -L/home/runner/work/gnu-tools-for-stm32/gnu-tools-for-stm32/build-native/host-libs/usr/lib conftest.c -lgmp  >&5
configure:17033: $? = 0
configure:17033: ./conftest
configure:17033: $? = 0
configure:17035: result: yes
configure:17094: checking for __gmpn_rootrem
configure:17094: gcc -o conftest -Wall -Wmissing-prototypes -Wpointer-arith -O2 -pedantic -fomit-frame-pointer -m64 -mtune=k8 -march=k8  -I/home/runner/work/gnu-tools-for-stm32/gnu-tools-for-stm32/build-native/host-libs/usr/include  -L/home/runner/work/gnu-tools-for-stm32/gnu-tools-for-stm32/build-native/host-libs/usr/lib conftest.c -lgmp  >&5
configure:17094: $? = 0
configure:17094: result: yes
configure:17100: checking for __gmpn_sbpi1_divappr_q
configure:17100: gcc -o conftest -Wall -Wmissing-prototypes -Wpointer-arith -O2 -pedantic -fomit-frame-pointer -m64 -mtune=k8 -march=k8  -I/home/runner/work/gnu-tools-for-stm32/gnu-tools-for-stm32/build-native/host-libs/usr/include  -L/home/runner/work/gnu-tools-for-stm32/gnu-tools-for-stm32/build-native/host-libs/usr/lib conftest.c -lgmp  >&5
configure:17100: $? = 0
configure:17100: result: yes
configure:17273: checking that generated files are newer than configure
configure:17279: result: done
configure:17306: creating ./config.status

## ---------------------- ##
## Running config.status. ##
## ---------------------- ##

This file was extended by MPFR config.status 3.1.6, which was
generated by GNU Autoconf 2.71.  Invocation command line was

  CONFIG_FILES    = 
  CONFIG_HEADERS  = 
  CONFIG_LINKS    = 
  CONFIG_COMMANDS = 
  $ ./config.status 

on runnervmf2e7y

config.status:1024: creating Makefile
config.status:1024: creating doc/Makefile
config.status:1024: creating src/Makefile
config.status:1024: creating tests/Makefile
config.status:1024: creating tune/Makefile
config.status:1024: creating src/mparam.h
config.status:1181: executing depfiles commands
config.status:1258: cd src       && sed -e '/# am--include-marker/d' Makefile         | make -f - am--depfiles
config.status:1263: $? = 0
config.status:1258: cd tests       && sed -e '/# am--include-marker/d' Makefile         | make -f - am--depfiles
config.status:1263: $? = 0
config.status:1258: cd tune       && sed -e '/# am--include-marker/d' Makefile         | make -f - am--depfiles
config.status:1263: $? = 0
config.status:1181: executing libtool commands

## ---------------- ##
## Cache variables. ##
## ---------------- ##

ac_cv_build=x86_64-pc-linux-gnu
ac_cv_c_compiler_gnu=yes
ac_cv_c_const=yes
ac_cv_c_volatile=yes
ac_cv_env_CC_set=
ac_cv_env_CC_value=
ac_cv_env_CFLAGS_set=
ac_cv_env_CFLAGS_value=
ac_cv_env_CPPFLAGS_set=
ac_cv_env_CPPFLAGS_value=
ac_cv_env_CPP_set=
ac_cv_env_CPP_value=
ac_cv_env_LDFLAGS_set=
ac_cv_env_LDFLAGS_value=
ac_cv_env_LIBS_set=
ac_cv_env_LIBS_value=
ac_cv_env_LT_SYS_LIBRARY_PATH_set=
ac_cv_env_LT_SYS_LIBRARY_PATH_value=
ac_cv_env_build_alias_set=set
ac_cv_env_build_alias_value=x86_64-linux-gnu
ac_cv_env_host_alias_set=set
ac_cv_env_host_alias_value=x86_64-linux-gnu
ac_cv_env_target_alias_set=set
ac_cv_env_target_alias_value=arm-none-eabi
ac_cv_func___gmpn_rootrem=yes
ac_cv_func___gmpn_sbpi1_divappr_q=yes
ac_cv_func_alloca_works=yes
ac_cv_func_gettimeofday=yes
ac_cv_func_memmove=yes
ac_cv_func_memset=yes
ac_cv_func_setlocale=yes
ac_cv_func_strtol=yes
ac_cv_header_dlfcn_h=yes
ac_cv_header_float_h=yes
ac_cv_header_inttypes_h=yes
ac_cv_header_limits_h=yes
ac_cv_header_locale_h=yes
ac_cv_header_stdarg_h=yes
ac_cv_header_stdint_h=yes
ac_cv_header_stdio_h=yes
ac_cv_header_stdlib_h=yes
ac_cv_header_string_h=yes
ac_cv_header_strings_h=yes
ac_cv_header_sys_fpu_h=no
ac_cv_header_sys_stat_h=yes
ac_cv_header_sys_time_h=yes
ac_cv_header_sys_types_h=yes
ac_cv_header_unistd_h=yes
ac_cv_header_wchar_h=yes
ac_cv_host=x86_64-pc-linux-gnu
ac_cv_lib_gmp___gmpz_init=yes
ac_cv_lib_m_main=yes
ac_cv_member_struct_lconv_decimal_point=yes
ac_cv_member_struct_lconv_thousands_sep=yes
ac_cv_objext=o
ac_cv_path_EGREP='/usr/bin/grep -E'
ac_cv_path_FGREP='/usr/bin/grep -F'
ac_cv_path_GREP=/usr/bin/grep
ac_cv_path_SED=/usr/bin/sed
ac_cv_path_install='/usr/bin/install -c'
ac_cv_path_lt_DD=/usr/bin/dd
ac_cv_path_mkdir=/usr/bin/mkdir
ac_cv_prog_AR=x86_64-linux-gnu-ar
ac_cv_prog_AWK=gawk
ac_cv_prog_CC=gcc
ac_cv_prog_CPP='gcc -E'
ac_cv_prog_OBJDUMP=x86_64-linux-gnu-objdump
ac_cv_prog_RANLIB=x86_64-linux-gnu-ranlib
ac_cv_prog_STRIP=x86_64-linux-gnu-strip
ac_cv_prog_ac_ct_FILECMD=file
ac_cv_prog_ac_ct_MANIFEST_TOOL=mt
ac_cv_prog_cc_c11=
ac_cv_prog_cc_g=yes
ac_cv_prog_cc_stdc=
ac_cv_prog_make_make_set=yes
ac_cv_search_clock_gettime='none required'
ac_cv_type_intmax_t=yes
ac_cv_type_long_double=yes
ac_cv_type_long_long_int=yes
ac_cv_type_size_t=yes
ac_cv_type_union_fpc_csr=no
ac_cv_working_alloca_h=yes
am_cv_CC_dependencies_compiler_type=gcc3
am_cv_ar_interface=ar
am_cv_make_support_nested_variables=yes
am_cv_prog_cc_c_o=yes
gl_cv_size_max=yes
gmp_cv_c_attribute_mode=yes
lt_cv_ar_at_file=@
lt_cv_deplibs_check_method=pass_all
lt_cv_file_magic_cmd='$MAGIC_CMD'
lt_cv_file_magic_test_file=
lt_cv_ld_reload_flag=-r
lt_cv_nm_interface='BSD nm'
lt_cv_objdir=.libs
lt_cv_path_LD=/usr/bin/ld
lt_cv_path_NM='/usr/bin/x86_64-linux-gnu-nm -B'
lt_cv_path_mainfest_tool=no
lt_cv_prog_compiler_c_o=yes
lt_cv_prog_compiler_pic='-fPIC -DPIC'
lt_cv_prog_compiler_pic_works=yes
lt_cv_prog_compiler_rtti_exceptions=no
lt_cv_prog_compiler_static_works=yes
lt_cv_prog_gnu_ld=yes
lt_cv_sharedlib_from_linklib_cmd='printf %s\n'
lt_cv_shlibpath_overrides_runpath=yes
lt_cv_sys_global_symbol_pipe='/usr/bin/sed -n -e '\''s/^.*[	 ]\([ABCDGIRSTW][ABCDGIRSTW]*\)[	 ][	 ]*\([_A-Za-z][_A-Za-z0-9]*\)$/\1 \2 \2/p'\'' | /usr/bin/sed '\''/ __gnu_lto/d'\'''
lt_cv_sys_global_symbol_to_c_name_address='/usr/bin/sed -n -e '\''s/^: \(.*\) .*$/  {"\1", (void *) 0},/p'\'' -e '\''s/^[ABCDGIRSTW][ABCDGIRSTW]* .* \(.*\)$/  {"\1", (void *) \&\1},/p'\'''
lt_cv_sys_global_symbol_to_c_name_address_lib_prefix='/usr/bin/sed -n -e '\''s/^: \(.*\) .*$/  {"\1", (void *) 0},/p'\'' -e '\''s/^[ABCDGIRSTW][ABCDGIRSTW]* .* \(lib.*\)$/  {"\1", (void *) \&\1},/p'\'' -e '\''s/^[ABCDGIRSTW][ABCDGIRSTW]* .* \(.*\)$/  {"lib\1", (void *) \&\1},/p'\'''
lt_cv_sys_global_symbol_to_cdecl='/usr/bin/sed -n -e '\''s/^T .* \(.*\)$/extern int \1();/p'\'' -e '\''s/^[ABCDGIRSTW][ABCDGIRSTW]* .* \(.*\)$/extern char \1;/p'\'''
lt_cv_sys_global_symbol_to_import=
lt_cv_sys_max_cmd_len=3145728
lt_cv_to_host_file_cmd=func_convert_file_noop
lt_cv_to_tool_file_cmd=func_convert_file_noop
lt_cv_truncate_bin='/usr/bin/dd bs=4096 count=1'
mpfr_cv_c_long_double_format='IEEE extended, little endian'
mpfr_cv_check_gmp=yes
mpfr_cv_dbl_int_bug=no
mpfr_cv_errdivzero=no
mpfr_cv_gcc_floatconv_bug=no
mpfr_cv_have_denorms=yes
mpfr_cv_have_fesetround=yes
mpfr_cv_have_intmax_max=yes
mpfr_cv_have_signedz=yes
mpfr_cv_nanisnan=no

## ----------------- ##
## Output variables. ##
## ----------------- ##

ACLOCAL='${SHELL} '\''/home/runner/work/gnu-tools-for-stm32/gnu-tools-for-stm32/src/mpfr/missing'\'' aclocal-1.16'
ALLOCA=''
AMDEPBACKSLASH='\'
AMDEP_FALSE='#'
AMDEP_TRUE=''
AMTAR='$${TAR-tar}'
AM_BACKSLASH='\'
AM_DEFAULT_V='$(AM_DEFAULT_VERBOSITY)'
AM_DEFAULT_VERBOSITY='1'
AM_V='$(V)'
AR='x86_64-linux-gnu-ar'
AS='as'
AUTOCONF='${SHELL} '\''/home/runner/work/gnu-tools-for-stm32/gnu-tools-for-stm32/src/mpfr/missing'\'' autoconf'
AUTOHEADER='${SHELL} '\''/home/runner/work/gnu-tools-for-stm32/gnu-tools-for-stm32/src/mpfr/missing'\'' autoheader'
AUTOMAKE='${SHELL} '\''/home/runner/work/gnu-tools-for-stm32/gnu-tools-for-stm32/src/mpfr/missing'\'' automake-1.16'
AWK='gawk'
CC='gcc'
CCDEPMODE='depmode=gcc3'
CFLAGS='-Wall -Wmissing-prototypes -Wpointer-arith -O2 -pedantic -fomit-frame-pointer -m64 -mtune=k8 -march=k8'
CPP='gcc -E'
CPPFLAGS=' -I/home/runner/work/gnu-tools-for-stm32/gnu-tools-for-stm32/build-native/host-libs/usr/include'
CSCOPE='cscope'
CTAGS='ctags'
CYGPATH_W='echo'
DATAFILES=''
DEFS='-DHAVE_STDIO_H=1 -DHAVE_INTTYPES_H=1 -DHAVE_STDINT_H=1 -DHAVE_SYS_TIME_H=1 -DTIME_WITH_SYS_TIME=1 -DHAVE_LOCALE_H=1 -DHAVE_WCHAR_H=1 -DHAVE_STDARG=1 -DHAVE_SYS_TIME_H=1 -DHAVE_STRUCT_LCONV_DECIMAL_POINT=1 -DHAVE_STRUCT_LCONV_THOUSANDS_SEP=1 -DHAVE_ALLOCA_H=1 -DHAVE_STDINT_H=1 -DHAVE_VA_COPY=1 -DHAVE_SETLOCALE=1 -DHAVE_GETTIMEOFDAY=1 -DHAVE_LONG_LONG=1 -DHAVE_INTMAX_T=1 -DMPFR_HAVE_INTMAX_MAX=1 -DMPFR_HAVE_FESETROUND=1 -DHAVE_DENORMS=1 -DHAVE_SIGNEDZ=1 -DHAVE_ROUND=1 -DHAVE_TRUNC=1 -DHAVE_FLOOR=1 -DHAVE_CEIL=1 -DHAVE_NEARBYINT=1 -DHAVE_LDOUBLE_IEEE_EXT_LITTLE=1 -DMPFR_USE_THREAD_SAFE=1 -DMPFR_USE_C11_THREAD_SAFE=1 -DHAVE_CLOCK_GETTIME=1 -DLT_OBJDIR=\".libs/\" -DHAVE_ATTRIBUTE_MODE=1 -DHAVE___GMPN_ROOTREM=1 -DHAVE___GMPN_SBPI1_DIVAPPR_Q=1'
DEPDIR='.deps'
DLLTOOL='false'
DSYMUTIL=''
DUMPBIN=''
ECHO_C=''
ECHO_N='-n'
ECHO_T=''
EGREP='/usr/bin/grep -E'
ETAGS='etags'
EXEEXT=''
FGREP='/usr/bin/grep -F'
FILECMD='file'
GREP='/usr/bin/grep'
INSTALL_DATA='${INSTALL} -m 644'
INSTALL_PROGRAM='${INSTALL}'
INSTALL_SCRIPT='${INSTALL}'
INSTALL_STRIP_PROGRAM='$(install_sh) -c -s'
LD='/usr/bin/ld -m elf_x86_64'
LDFLAGS=' -L/home/runner/work/gnu-tools-for-stm32/gnu-tools-for-stm32/build-native/host-libs/usr/lib'
LIBMPFR_LDFLAGS=''
LIBOBJS=''
LIBS='-lgmp '
LIBTOOL='$(SHELL) $(top_builddir)/libtool'
LIPO=''
LN_S='ln -s'
LTLIBOBJS=''
LT_SYS_LIBRARY_PATH=''
MAINT=''
MAINTAINER_MODE_FALSE='#'
MAINTAINER_MODE_TRUE=''
MAKEINFO='${SHELL} '\''/home/runner/work/gnu-tools-for-stm32/gnu-tools-for-stm32/src/mpfr/missing'\'' makeinfo'
MANIFEST_TOOL=':'
MKDIR_P='/usr/bin/mkdir -p'
MPFR_LDFLAGS=''
MPFR_LIBM='-lm'
NM='/usr/bin/x86_64-linux-gnu-nm -B'
NMEDIT=''
OBJDUMP='x86_64-linux-gnu-objdump'
OBJEXT='o'
OTOOL64=''
OTOOL=''
PACKAGE='mpfr'
PACKAGE_BUGREPORT=''
PACKAGE_NAME='MPFR'
PACKAGE_STRING='MPFR 3.1.6'
PACKAGE_TARNAME='mpfr'
PACKAGE_URL=''
PACKAGE_VERSION='3.1.6'
PATH_SEPARATOR=':'
RANLIB='x86_64-linux-gnu-ranlib'
SED='/usr/bin/sed'
SET_MAKE=''
SHELL='/bin/bash'
STRIP='x86_64-linux-gnu-strip'
TUNE_LIBS=''
VERSION='3.1.6'
ac_ct_AR=''
ac_ct_CC=''
ac_ct_DUMPBIN=''
am__EXEEXT_FALSE=''
am__EXEEXT_TRUE='#'
am__fastdepCC_FALSE='#'
am__fastdepCC_TRUE=''
am__include='include'
am__isrc=' -I$(srcdir)'
am__leading_dot='.'
am__nodep='_no'
am__quote=''
am__tar='$${TAR-tar} chof - "$$tardir"'
am__untar='$${TAR-tar} xf -'
bindir='${exec_prefix}/bin'
build='x86_64-pc-linux-gnu'
build_alias='x86_64-linux-gnu'
build_cpu='x86_64'
build_os='linux-gnu'
build_vendor='pc'
datadir='${datarootdir}'
datarootdir='${prefix}/share'
docdir='${datarootdir}/doc/${PACKAGE_TARNAME}'
dvidir='${docdir}'
exec_prefix='${prefix}'
host='x86_64-pc-linux-gnu'
host_alias='x86_64-linux-gnu'
host_cpu='x86_64'
host_os='linux-gnu'
host_vendor='pc'
htmldir='${docdir}'
includedir='${prefix}/include'
infodir='${datarootdir}/info'
install_sh='${SHELL} /home/runner/work/gnu-tools-for-stm32/gnu-tools-for-stm32/src/mpfr/install-sh'
libdir='${exec_prefix}/lib'
libexecdir='${exec_prefix}/libexec'
localedir='${datarootdir}/locale'
localstatedir='${prefix}/var'
mandir='${datarootdir}/man'
mkdir_p='$(MKDIR_P)'
oldincludedir='/usr/include'
pdfdir='${docdir}'
prefix='/home/runner/work/gnu-tools-for-stm32/gnu-tools-for-stm32/build-native/host-libs/usr'
program_transform_name='s,x,x,'
psdir='${docdir}'
runstatedir='${localstatedir}/run'
sbindir='${exec_prefix}/sbin'
sharedstatedir='${prefix}/com'
sysconfdir='${prefix}/etc'
target_alias='arm-none-eabi'

## ----------- ##
## confdefs.h. ##
## ----------- ##

/* confdefs.h */
#define HAVE_STDIO_H 1
#define HAVE_INTTYPES_H 1
#define HAVE_STDINT_H 1
#define HAVE_SYS_TIME_H 1
#define TIME_WITH_SYS_TIME 1
#define HAVE_LOCALE_H 1
#define HAVE_WCHAR_H 1
#define HAVE_STDARG 1
#define HAVE_SYS_TIME_H 1
#define HAVE_STRUCT_LCONV_DECIMAL_POINT 1
#define HAVE_STRUCT_LCONV_THOUSANDS_SEP 1
#define HAVE_ALLOCA_H 1
#define HAVE_STDINT_H 1
#define HAVE_VA_COPY 1
#define HAVE_SETLOCALE 1
#define HAVE_GETTIMEOFDAY 1
#define HAVE_LONG_LONG 1
#define HAVE_INTMAX_T 1
#define MPFR_HAVE_INTMAX_MAX 1
#define MPFR_HAVE_FESETROUND 1
#define HAVE_DENORMS 1
#define HAVE_SIGNEDZ 1
#define HAVE_ROUND 1
#define HAVE_TRUNC 1
#define HAVE_FLOOR 1
#define HAVE_CEIL 1
#define HAVE_NEARBYINT 1
#define HAVE_LDOUBLE_IEEE_EXT_LITTLE 1
#define MPFR_USE_THREAD_SAFE 1
#define MPFR_USE_C11_THREAD_SAFE 1
#define HAVE_CLOCK_GETTIME 1
#define LT_OBJDIR ".libs/"
#define HAVE_ATTRIBUTE_MODE 1
#define HAVE___GMPN_ROOTREM 1
#define HAVE___GMPN_SBPI1_DIVAPPR_Q 1

configure: exit 0
