This file contains any messages produced by compilers while
running configure, to aid debugging if configure makes a mistake.

It was created by isl configure 0.15, which was
generated by GNU Autoconf 2.71.  Invocation command line was

  $ /home/runner/work/gnu-tools-for-stm32/gnu-tools-for-stm32/src/isl/configure --build=x86_64-linux-gnu --host=x86_64-linux-gnu --target=arm-none-eabi --prefix=/home/runner/work/gnu-tools-for-stm32/gnu-tools-for-stm32/build-native/host-libs/usr --disable-shared --with-gmp-prefix=/home/runner/work/gnu-tools-for-stm32/gnu-tools-for-stm32/build-native/host-libs/usr

## --------- ##
## Platform. ##
## --------- ##

hostname = runnervmf2e7y
uname -m = x86_64
uname -r = 6.11.0-1018-azure
uname -s = Linux
uname -v = #18~24.04.1-Ubuntu SMP Sat Jun 28 04:46:03 UTC 2025

/usr/bin/uname -p = x86_64
/bin/uname -X     = unknown

/bin/arch              = x86_64
/usr/bin/arch -k       = unknown
/usr/convex/getsysinfo = unknown
/usr/bin/hostinfo      = unknown
/bin/machine           = unknown
/usr/bin/oslevel       = unknown
/bin/universe          = unknown

PATH: /snap/bin/
PATH: /home/runner/.local/bin/
PATH: /opt/pipx_bin/
PATH: /home/runner/.cargo/bin/
PATH: /home/runner/.config/composer/vendor/bin/
PATH: /usr/local/.ghcup/bin/
PATH: /home/runner/.dotnet/tools/
PATH: /usr/local/sbin/
PATH: /usr/local/bin/
PATH: /usr/sbin/
PATH: /usr/bin/
PATH: /sbin/
PATH: /bin/
PATH: /usr/games/
PATH: /usr/local/games/
PATH: /snap/bin/


## ----------- ##
## Core tests. ##
## ----------- ##

configure:3137: looking for aux files: ltmain.sh config.guess config.sub compile missing install-sh
configure:3150:  trying /home/runner/work/gnu-tools-for-stm32/gnu-tools-for-stm32/src/isl/./
configure:3179:   /home/runner/work/gnu-tools-for-stm32/gnu-tools-for-stm32/src/isl/./ltmain.sh found
configure:3179:   /home/runner/work/gnu-tools-for-stm32/gnu-tools-for-stm32/src/isl/./config.guess found
configure:3179:   /home/runner/work/gnu-tools-for-stm32/gnu-tools-for-stm32/src/isl/./config.sub found
configure:3179:   /home/runner/work/gnu-tools-for-stm32/gnu-tools-for-stm32/src/isl/./compile found
configure:3179:   /home/runner/work/gnu-tools-for-stm32/gnu-tools-for-stm32/src/isl/./missing found
configure:3161:   /home/runner/work/gnu-tools-for-stm32/gnu-tools-for-stm32/src/isl/./install-sh found
configure:3310: checking for a BSD-compatible install
configure:3383: result: /usr/bin/install -c
configure:3394: checking whether build environment is sane
configure:3449: result: yes
configure:3608: checking for a race-free mkdir -p
configure:3652: result: /usr/bin/mkdir -p
configure:3659: checking for gawk
configure:3680: found /usr/bin/gawk
configure:3691: result: gawk
configure:3702: checking whether make sets $(MAKE)
configure:3725: result: yes
configure:3755: checking whether make supports nested variables
configure:3773: result: yes
configure:3921: checking whether make supports nested variables
configure:3939: result: yes
configure:3982: checking for x86_64-linux-gnu-gcc
configure:4003: found /usr/bin/x86_64-linux-gnu-gcc
configure:4014: result: x86_64-linux-gnu-gcc
configure:4412: checking for C compiler version
configure:4421: x86_64-linux-gnu-gcc --version >&5
x86_64-linux-gnu-gcc (Ubuntu 13.3.0-6ubuntu2~24.04) 13.3.0
Copyright (C) 2023 Free Software Foundation, Inc.
This is free software; see the source for copying conditions.  There is NO
warranty; not even for MERCHANTABILITY or FITNESS FOR A PARTICULAR PURPOSE.

configure:4432: $? = 0
configure:4421: x86_64-linux-gnu-gcc -v >&5
Using built-in specs.
COLLECT_GCC=x86_64-linux-gnu-gcc
COLLECT_LTO_WRAPPER=/usr/libexec/gcc/x86_64-linux-gnu/13/lto-wrapper
OFFLOAD_TARGET_NAMES=nvptx-none:amdgcn-amdhsa
OFFLOAD_TARGET_DEFAULT=1
Target: x86_64-linux-gnu
Configured with: ../src/configure -v --with-pkgversion='Ubuntu 13.3.0-6ubuntu2~24.04' --with-bugurl=file:///usr/share/doc/gcc-13/README.Bugs --enable-languages=c,ada,c++,go,d,fortran,objc,obj-c++,m2 --prefix=/usr --with-gcc-major-version-only --program-suffix=-13 --program-prefix=x86_64-linux-gnu- --enable-shared --enable-linker-build-id --libexecdir=/usr/libexec --without-included-gettext --enable-threads=posix --libdir=/usr/lib --enable-nls --enable-bootstrap --enable-clocale=gnu --enable-libstdcxx-debug --enable-libstdcxx-time=yes --with-default-libstdcxx-abi=new --enable-libstdcxx-backtrace --enable-gnu-unique-object --disable-vtable-verify --enable-plugin --enable-default-pie --with-system-zlib --enable-libphobos-checking=release --with-target-system-zlib=auto --enable-objc-gc=auto --enable-multiarch --disable-werror --enable-cet --with-arch-32=i686 --with-abi=m64 --with-multilib-list=m32,m64,mx32 --enable-multilib --with-tune=generic --enable-offload-targets=nvptx-none=/build/gcc-13-fG75Ri/gcc-13-13.3.0/debian/tmp-nvptx/usr,amdgcn-amdhsa=/build/gcc-13-fG75Ri/gcc-13-13.3.0/debian/tmp-gcn/usr --enable-offload-defaulted --without-cuda-driver --enable-checking=release --build=x86_64-linux-gnu --host=x86_64-linux-gnu --target=x86_64-linux-gnu --with-build-config=bootstrap-lto-lean --enable-link-serialization=2
Thread model: posix
Supported LTO compression algorithms: zlib zstd
gcc version 13.3.0 (Ubuntu 13.3.0-6ubuntu2~24.04) 
... rest of stderr output deleted ...
configure:4432: $? = 0
configure:4421: x86_64-linux-gnu-gcc -V >&5
x86_64-linux-gnu-gcc: error: unrecognized command-line option '-V'
x86_64-linux-gnu-gcc: fatal error: no input files
compilation terminated.
configure:4432: $? = 1
configure:4421: x86_64-linux-gnu-gcc -qversion >&5
x86_64-linux-gnu-gcc: error: unrecognized command-line option '-qversion'; did you mean '--version'?
x86_64-linux-gnu-gcc: fatal error: no input files
compilation terminated.
configure:4432: $? = 1
configure:4421: x86_64-linux-gnu-gcc -version >&5
x86_64-linux-gnu-gcc: error: unrecognized command-line option '-version'
x86_64-linux-gnu-gcc: fatal error: no input files
compilation terminated.
configure:4432: $? = 1
configure:4452: checking whether the C compiler works
configure:4474: x86_64-linux-gnu-gcc    conftest.c  >&5
configure:4478: $? = 0
configure:4528: result: yes
configure:4531: checking for C compiler default output file name
configure:4533: result: a.out
configure:4539: checking for suffix of executables
configure:4546: x86_64-linux-gnu-gcc -o conftest    conftest.c  >&5
configure:4550: $? = 0
configure:4573: result: 
configure:4595: checking whether we are cross compiling
configure:4603: x86_64-linux-gnu-gcc -o conftest    conftest.c  >&5
configure:4607: $? = 0
configure:4614: ./conftest
configure:4618: $? = 0
configure:4633: result: no
configure:4638: checking for suffix of object files
configure:4661: x86_64-linux-gnu-gcc -c   conftest.c >&5
configure:4665: $? = 0
configure:4687: result: o
configure:4691: checking whether the compiler supports GNU C
configure:4711: x86_64-linux-gnu-gcc -c   conftest.c >&5
configure:4711: $? = 0
configure:4721: result: yes
configure:4732: checking whether x86_64-linux-gnu-gcc accepts -g
configure:4753: x86_64-linux-gnu-gcc -c -g  conftest.c >&5
configure:4753: $? = 0
configure:4797: result: yes
configure:4817: checking for x86_64-linux-gnu-gcc option to enable C11 features
configure:4832: x86_64-linux-gnu-gcc  -c -g -O2  conftest.c >&5
configure:4832: $? = 0
configure:4850: result: none needed
configure:4966: checking whether x86_64-linux-gnu-gcc understands -c and -o together
configure:4989: x86_64-linux-gnu-gcc -c conftest.c -o conftest2.o
configure:4992: $? = 0
configure:4989: x86_64-linux-gnu-gcc -c conftest.c -o conftest2.o
configure:4992: $? = 0
configure:5004: result: yes
configure:5024: checking whether make supports the include directive
configure:5039: make -f confmf.GNU && cat confinc.out
this is the am__doit target
configure:5042: $? = 0
configure:5061: result: yes (GNU style)
configure:5087: checking dependency style of x86_64-linux-gnu-gcc
configure:5199: result: gcc3
configure:5234: checking for x86_64-linux-gnu-g++
configure:5255: found /usr/bin/x86_64-linux-gnu-g++
configure:5266: result: x86_64-linux-gnu-g++
configure:5342: checking for C++ compiler version
configure:5351: x86_64-linux-gnu-g++ --version >&5
x86_64-linux-gnu-g++ (Ubuntu 13.3.0-6ubuntu2~24.04) 13.3.0
Copyright (C) 2023 Free Software Foundation, Inc.
This is free software; see the source for copying conditions.  There is NO
warranty; not even for MERCHANTABILITY or FITNESS FOR A PARTICULAR PURPOSE.

configure:5362: $? = 0
configure:5351: x86_64-linux-gnu-g++ -v >&5
Using built-in specs.
COLLECT_GCC=x86_64-linux-gnu-g++
COLLECT_LTO_WRAPPER=/usr/libexec/gcc/x86_64-linux-gnu/13/lto-wrapper
OFFLOAD_TARGET_NAMES=nvptx-none:amdgcn-amdhsa
OFFLOAD_TARGET_DEFAULT=1
Target: x86_64-linux-gnu
Configured with: ../src/configure -v --with-pkgversion='Ubuntu 13.3.0-6ubuntu2~24.04' --with-bugurl=file:///usr/share/doc/gcc-13/README.Bugs --enable-languages=c,ada,c++,go,d,fortran,objc,obj-c++,m2 --prefix=/usr --with-gcc-major-version-only --program-suffix=-13 --program-prefix=x86_64-linux-gnu- --enable-shared --enable-linker-build-id --libexecdir=/usr/libexec --without-included-gettext --enable-threads=posix --libdir=/usr/lib --enable-nls --enable-bootstrap --enable-clocale=gnu --enable-libstdcxx-debug --enable-libstdcxx-time=yes --with-default-libstdcxx-abi=new --enable-libstdcxx-backtrace --enable-gnu-unique-object --disable-vtable-verify --enable-plugin --enable-default-pie --with-system-zlib --enable-libphobos-checking=release --with-target-system-zlib=auto --enable-objc-gc=auto --enable-multiarch --disable-werror --enable-cet --with-arch-32=i686 --with-abi=m64 --with-multilib-list=m32,m64,mx32 --enable-multilib --with-tune=generic --enable-offload-targets=nvptx-none=/build/gcc-13-fG75Ri/gcc-13-13.3.0/debian/tmp-nvptx/usr,amdgcn-amdhsa=/build/gcc-13-fG75Ri/gcc-13-13.3.0/debian/tmp-gcn/usr --enable-offload-defaulted --without-cuda-driver --enable-checking=release --build=x86_64-linux-gnu --host=x86_64-linux-gnu --target=x86_64-linux-gnu --with-build-config=bootstrap-lto-lean --enable-link-serialization=2
Thread model: posix
Supported LTO compression algorithms: zlib zstd
gcc version 13.3.0 (Ubuntu 13.3.0-6ubuntu2~24.04) 
... rest of stderr output deleted ...
configure:5362: $? = 0
configure:5351: x86_64-linux-gnu-g++ -V >&5
x86_64-linux-gnu-g++: error: unrecognized command-line option '-V'
x86_64-linux-gnu-g++: fatal error: no input files
compilation terminated.
configure:5362: $? = 1
configure:5351: x86_64-linux-gnu-g++ -qversion >&5
x86_64-linux-gnu-g++: error: unrecognized command-line option '-qversion'; did you mean '--version'?
x86_64-linux-gnu-g++: fatal error: no input files
compilation terminated.
configure:5362: $? = 1
configure:5366: checking whether the compiler supports GNU C++
configure:5386: x86_64-linux-gnu-g++ -c   conftest.cpp >&5
configure:5386: $? = 0
configure:5396: result: yes
configure:5407: checking whether x86_64-linux-gnu-g++ accepts -g
configure:5428: x86_64-linux-gnu-g++ -c -g  conftest.cpp >&5
configure:5428: $? = 0
configure:5472: result: yes
configure:5492: checking for x86_64-linux-gnu-g++ option to enable C++11 features
configure:5507: x86_64-linux-gnu-g++  -c -g -O2  conftest.cpp >&5
conftest.cpp: In function 'int main(int, char**)':
conftest.cpp:177:25: warning: empty parentheses were disambiguated as a function declaration [-Wvexing-parse]
  177 |   cxx11test::delegate d2();
      |                         ^~
conftest.cpp:177:25: note: remove parentheses to default-initialize a variable
  177 |   cxx11test::delegate d2();
      |                         ^~
      |                         --
conftest.cpp:177:25: note: or replace parentheses with braces to value-initialize a variable
configure:5507: $? = 0
configure:5525: result: none needed
configure:5591: checking dependency style of x86_64-linux-gnu-g++
configure:5703: result: gcc3
configure:5721: checking for C compiler vendor
configure:5746: x86_64-linux-gnu-gcc -c -g -O2  conftest.c >&5
conftest.c: In function 'main':
conftest.c:17:7: error: 'thisisanerror' undeclared (first use in this function)
   17 |       thisisanerror;
      |       ^~~~~~~~~~~~~
conftest.c:17:7: note: each undeclared identifier is reported only once for each function it appears in
configure:5746: $? = 1
configure: failed program was:
| /* confdefs.h */
| #define PACKAGE_NAME "isl"
| #define PACKAGE_TARNAME "isl"
| #define PACKAGE_VERSION "0.15"
| #define PACKAGE_STRING "isl 0.15"
| #define PACKAGE_BUGREPORT "isl-development@googlegroups.com"
| #define PACKAGE_URL ""
| #define PACKAGE "isl"
| #define VERSION "0.15"
| /* end confdefs.h.  */
| 
| int
| main (void)
| {
| 
| #if !(defined(__ICC) || defined(__ECC) || defined(__INTEL_COMPILER))
|       thisisanerror;
| #endif
| 
|   ;
|   return 0;
| }
configure:5746: x86_64-linux-gnu-gcc -c -g -O2  conftest.c >&5
conftest.c: In function 'main':
conftest.c:17:7: error: 'thisisanerror' undeclared (first use in this function)
   17 |       thisisanerror;
      |       ^~~~~~~~~~~~~
conftest.c:17:7: note: each undeclared identifier is reported only once for each function it appears in
configure:5746: $? = 1
configure: failed program was:
| /* confdefs.h */
| #define PACKAGE_NAME "isl"
| #define PACKAGE_TARNAME "isl"
| #define PACKAGE_VERSION "0.15"
| #define PACKAGE_STRING "isl 0.15"
| #define PACKAGE_BUGREPORT "isl-development@googlegroups.com"
| #define PACKAGE_URL ""
| #define PACKAGE "isl"
| #define VERSION "0.15"
| /* end confdefs.h.  */
| 
| int
| main (void)
| {
| 
| #if !(defined(__xlc__) || defined(__xlC__) || defined(__IBMC__) || defined(__IBMCPP__))
|       thisisanerror;
| #endif
| 
|   ;
|   return 0;
| }
configure:5746: x86_64-linux-gnu-gcc -c -g -O2  conftest.c >&5
conftest.c: In function 'main':
conftest.c:17:7: error: 'thisisanerror' undeclared (first use in this function)
   17 |       thisisanerror;
      |       ^~~~~~~~~~~~~
conftest.c:17:7: note: each undeclared identifier is reported only once for each function it appears in
configure:5746: $? = 1
configure: failed program was:
| /* confdefs.h */
| #define PACKAGE_NAME "isl"
| #define PACKAGE_TARNAME "isl"
| #define PACKAGE_VERSION "0.15"
| #define PACKAGE_STRING "isl 0.15"
| #define PACKAGE_BUGREPORT "isl-development@googlegroups.com"
| #define PACKAGE_URL ""
| #define PACKAGE "isl"
| #define VERSION "0.15"
| /* end confdefs.h.  */
| 
| int
| main (void)
| {
| 
| #if !(defined(__PATHCC__) || defined(__PATHSCALE__))
|       thisisanerror;
| #endif
| 
|   ;
|   return 0;
| }
configure:5746: x86_64-linux-gnu-gcc -c -g -O2  conftest.c >&5
conftest.c: In function 'main':
conftest.c:17:7: error: 'thisisanerror' undeclared (first use in this function)
   17 |       thisisanerror;
      |       ^~~~~~~~~~~~~
conftest.c:17:7: note: each undeclared identifier is reported only once for each function it appears in
configure:5746: $? = 1
configure: failed program was:
| /* confdefs.h */
| #define PACKAGE_NAME "isl"
| #define PACKAGE_TARNAME "isl"
| #define PACKAGE_VERSION "0.15"
| #define PACKAGE_STRING "isl 0.15"
| #define PACKAGE_BUGREPORT "isl-development@googlegroups.com"
| #define PACKAGE_URL ""
| #define PACKAGE "isl"
| #define VERSION "0.15"
| /* end confdefs.h.  */
| 
| int
| main (void)
| {
| 
| #if !(defined(__clang__))
|       thisisanerror;
| #endif
| 
|   ;
|   return 0;
| }
configure:5746: x86_64-linux-gnu-gcc -c -g -O2  conftest.c >&5
configure:5746: $? = 0
configure:5754: result: gnu
configure:5763: checking build system type
configure:5778: result: x86_64-pc-linux-gnu
configure:5798: checking host system type
configure:5812: result: x86_64-pc-linux-gnu
configure:6097: checking whether C compiler accepts -malign-double
configure:6117: x86_64-linux-gnu-gcc -c -malign-double  conftest.c >&5
configure:6117: $? = 0
configure:6128: result: yes
configure:6138: checking whether C compiler accepts -fstrict-aliasing
configure:6158: x86_64-linux-gnu-gcc -c -fstrict-aliasing  conftest.c >&5
configure:6158: $? = 0
configure:6169: result: yes
configure:6179: checking whether C compiler accepts -ffast-math
configure:6199: x86_64-linux-gnu-gcc -c -ffast-math  conftest.c >&5
configure:6199: $? = 0
configure:6210: result: yes
configure:6232: checking for gcc architecture flag
configure:6234: result: 
configure:6257: checking for x86 cpuid 0 output
configure:6288: x86_64-linux-gnu-gcc -o conftest -O3 -fomit-frame-pointer -malign-double -fstrict-aliasing -ffast-math   conftest.c  >&5
configure:6288: $? = 0
configure:6288: ./conftest
configure:6288: $? = 0
configure:6299: result: d:68747541:444d4163:69746e65
configure:6315: checking for x86 cpuid 1 output
configure:6346: x86_64-linux-gnu-gcc -o conftest -O3 -fomit-frame-pointer -malign-double -fstrict-aliasing -ffast-math   conftest.c  >&5
configure:6346: $? = 0
configure:6346: ./conftest
configure:6346: $? = 0
configure:6357: result: a00f11:100800:feda3203:178bfbff
configure:6579: checking whether C compiler accepts -march=k8
configure:6594: x86_64-linux-gnu-gcc -c -march=k8  conftest.c >&5
configure:6594: $? = 0
configure:6603: result: yes
configure:6620: checking for gcc architecture flag
configure:6622: result: -march=k8
configure:6654: checking whether C compiler accepts -O3 -fomit-frame-pointer -malign-double -fstrict-aliasing -ffast-math -march=k8
configure:6669: x86_64-linux-gnu-gcc -c -O3 -fomit-frame-pointer -malign-double -fstrict-aliasing -ffast-math -march=k8  conftest.c >&5
configure:6669: $? = 0
configure:6678: result: yes
configure:6698: checking whether the compiler supports function __attribute__((__warn_unused_result__))
configure:6717: x86_64-linux-gnu-gcc -c -O3 -fomit-frame-pointer -malign-double -fstrict-aliasing -ffast-math -march=k8  conftest.c >&5
configure:6717: $? = 0
configure:6725: result: yes
configure:6734: checking for __attribute__
configure:6757: x86_64-linux-gnu-gcc -c -O3 -fomit-frame-pointer -malign-double -fstrict-aliasing -ffast-math -march=k8  conftest.c >&5
configure:6757: $? = 0
configure:6767: result: yes
configure:6823: checking how to print strings
configure:6850: result: printf
configure:6871: checking for a sed that does not truncate output
configure:6941: result: /usr/bin/sed
configure:6959: checking for grep that handles long lines and -e
configure:7023: result: /usr/bin/grep
configure:7028: checking for egrep
configure:7096: result: /usr/bin/grep -E
configure:7101: checking for fgrep
configure:7169: result: /usr/bin/grep -F
configure:7205: checking for ld used by x86_64-linux-gnu-gcc
configure:7273: result: /usr/bin/ld
configure:7280: checking if the linker (/usr/bin/ld) is GNU ld
configure:7296: result: yes
configure:7308: checking for BSD- or MS-compatible name lister (nm)
configure:7363: result: /usr/bin/x86_64-linux-gnu-nm -B
configure:7503: checking the name lister (/usr/bin/x86_64-linux-gnu-nm -B) interface
configure:7511: x86_64-linux-gnu-gcc -c -O3 -fomit-frame-pointer -malign-double -fstrict-aliasing -ffast-math -march=k8  conftest.c >&5
configure:7514: /usr/bin/x86_64-linux-gnu-nm -B "conftest.o"
configure:7517: output
0000000000000000 B some_variable
configure:7524: result: BSD nm
configure:7527: checking whether ln -s works
configure:7531: result: yes
configure:7539: checking the maximum length of command line arguments
configure:7671: result: 3145728
configure:7719: checking how to convert x86_64-pc-linux-gnu file names to x86_64-pc-linux-gnu format
configure:7760: result: func_convert_file_noop
configure:7767: checking how to convert x86_64-pc-linux-gnu file names to toolchain format
configure:7788: result: func_convert_file_noop
configure:7795: checking for /usr/bin/ld option to reload object files
configure:7803: result: -r
configure:7837: checking for x86_64-linux-gnu-file
configure:7872: result: no
configure:7882: checking for file
configure:7903: found /usr/bin/file
configure:7914: result: file
configure:7945: checking for x86_64-linux-gnu-objdump
configure:7966: found /usr/bin/x86_64-linux-gnu-objdump
configure:7977: result: x86_64-linux-gnu-objdump
configure:8054: checking how to recognize dependent libraries
configure:8255: result: pass_all
configure:8300: checking for x86_64-linux-gnu-dlltool
configure:8335: result: no
configure:8345: checking for dlltool
configure:8380: result: no
configure:8410: checking how to associate runtime and link libraries
configure:8438: result: printf %s\n
configure:8454: checking for x86_64-linux-gnu-ar
configure:8475: found /usr/bin/x86_64-linux-gnu-ar
configure:8486: result: x86_64-linux-gnu-ar
configure:8588: checking for archiver @FILE support
configure:8606: x86_64-linux-gnu-gcc -c -O3 -fomit-frame-pointer -malign-double -fstrict-aliasing -ffast-math -march=k8  conftest.c >&5
configure:8606: $? = 0
configure:8610: x86_64-linux-gnu-ar cr libconftest.a @conftest.lst >&5
configure:8613: $? = 0
configure:8618: x86_64-linux-gnu-ar cr libconftest.a @conftest.lst >&5
x86_64-linux-gnu-ar: conftest.o: No such file or directory
configure:8621: $? = 1
configure:8633: result: @
configure:8651: checking for x86_64-linux-gnu-strip
configure:8672: found /usr/bin/x86_64-linux-gnu-strip
configure:8683: result: x86_64-linux-gnu-strip
configure:8760: checking for x86_64-linux-gnu-ranlib
configure:8781: found /usr/bin/x86_64-linux-gnu-ranlib
configure:8792: result: x86_64-linux-gnu-ranlib
configure:8939: checking command to parse /usr/bin/x86_64-linux-gnu-nm -B output from x86_64-linux-gnu-gcc object
configure:9093: x86_64-linux-gnu-gcc -c -O3 -fomit-frame-pointer -malign-double -fstrict-aliasing -ffast-math -march=k8  conftest.c >&5
configure:9096: $? = 0
configure:9100: /usr/bin/x86_64-linux-gnu-nm -B conftest.o | /usr/bin/sed -n -e 's/^.*[	 ]\([ABCDGIRSTW][ABCDGIRSTW]*\)[	 ][	 ]*\([_A-Za-z][_A-Za-z0-9]*\)$/\1 \2 \2/p' | /usr/bin/sed '/ __gnu_lto/d' > conftest.nm
configure:9166: x86_64-linux-gnu-gcc -o conftest -O3 -fomit-frame-pointer -malign-double -fstrict-aliasing -ffast-math -march=k8   conftest.c conftstm.o >&5
configure:9169: $? = 0
configure:9207: result: ok
configure:9254: checking for sysroot
configure:9285: result: no
configure:9292: checking for a working dd
configure:9336: result: /usr/bin/dd
configure:9340: checking how to truncate binary pipes
configure:9356: result: /usr/bin/dd bs=4096 count=1
configure:9493: x86_64-linux-gnu-gcc -c -O3 -fomit-frame-pointer -malign-double -fstrict-aliasing -ffast-math -march=k8  conftest.c >&5
configure:9496: $? = 0
configure:9648: checking for x86_64-linux-gnu-mt
configure:9683: result: no
configure:9693: checking for mt
configure:9714: found /usr/bin/mt
configure:9725: result: mt
configure:9748: checking if mt is a manifest tool
configure:9755: mt '-?'
configure:9763: result: no
configure:10488: checking for stdio.h
configure:10488: x86_64-linux-gnu-gcc -c -O3 -fomit-frame-pointer -malign-double -fstrict-aliasing -ffast-math -march=k8  conftest.c >&5
configure:10488: $? = 0
configure:10488: result: yes
configure:10488: checking for stdlib.h
configure:10488: x86_64-linux-gnu-gcc -c -O3 -fomit-frame-pointer -malign-double -fstrict-aliasing -ffast-math -march=k8  conftest.c >&5
configure:10488: $? = 0
configure:10488: result: yes
configure:10488: checking for string.h
configure:10488: x86_64-linux-gnu-gcc -c -O3 -fomit-frame-pointer -malign-double -fstrict-aliasing -ffast-math -march=k8  conftest.c >&5
configure:10488: $? = 0
configure:10488: result: yes
configure:10488: checking for inttypes.h
configure:10488: x86_64-linux-gnu-gcc -c -O3 -fomit-frame-pointer -malign-double -fstrict-aliasing -ffast-math -march=k8  conftest.c >&5
configure:10488: $? = 0
configure:10488: result: yes
configure:10488: checking for stdint.h
configure:10488: x86_64-linux-gnu-gcc -c -O3 -fomit-frame-pointer -malign-double -fstrict-aliasing -ffast-math -march=k8  conftest.c >&5
configure:10488: $? = 0
configure:10488: result: yes
configure:10488: checking for strings.h
configure:10488: x86_64-linux-gnu-gcc -c -O3 -fomit-frame-pointer -malign-double -fstrict-aliasing -ffast-math -march=k8  conftest.c >&5
configure:10488: $? = 0
configure:10488: result: yes
configure:10488: checking for sys/stat.h
configure:10488: x86_64-linux-gnu-gcc -c -O3 -fomit-frame-pointer -malign-double -fstrict-aliasing -ffast-math -march=k8  conftest.c >&5
configure:10488: $? = 0
configure:10488: result: yes
configure:10488: checking for sys/types.h
configure:10488: x86_64-linux-gnu-gcc -c -O3 -fomit-frame-pointer -malign-double -fstrict-aliasing -ffast-math -march=k8  conftest.c >&5
configure:10488: $? = 0
configure:10488: result: yes
configure:10488: checking for unistd.h
configure:10488: x86_64-linux-gnu-gcc -c -O3 -fomit-frame-pointer -malign-double -fstrict-aliasing -ffast-math -march=k8  conftest.c >&5
configure:10488: $? = 0
configure:10488: result: yes
configure:10513: checking for dlfcn.h
configure:10513: x86_64-linux-gnu-gcc -c -O3 -fomit-frame-pointer -malign-double -fstrict-aliasing -ffast-math -march=k8  conftest.c >&5
configure:10513: $? = 0
configure:10513: result: yes
configure:10783: checking for objdir
configure:10799: result: .libs
configure:11063: checking if x86_64-linux-gnu-gcc supports -fno-rtti -fno-exceptions
configure:11082: x86_64-linux-gnu-gcc -c -O3 -fomit-frame-pointer -malign-double -fstrict-aliasing -ffast-math -march=k8  -fno-rtti -fno-exceptions conftest.c >&5
cc1: warning: command-line option '-fno-rtti' is valid for C++/D/ObjC++ but not for C
configure:11086: $? = 0
configure:11099: result: no
configure:11463: checking for x86_64-linux-gnu-gcc option to produce PIC
configure:11471: result: -fPIC -DPIC
configure:11479: checking if x86_64-linux-gnu-gcc PIC flag -fPIC -DPIC works
configure:11498: x86_64-linux-gnu-gcc -c -O3 -fomit-frame-pointer -malign-double -fstrict-aliasing -ffast-math -march=k8  -fPIC -DPIC -DPIC conftest.c >&5
configure:11502: $? = 0
configure:11515: result: yes
configure:11544: checking if x86_64-linux-gnu-gcc static flag -static works
configure:11573: result: yes
configure:11588: checking if x86_64-linux-gnu-gcc supports -c -o file.o
configure:11610: x86_64-linux-gnu-gcc -c -O3 -fomit-frame-pointer -malign-double -fstrict-aliasing -ffast-math -march=k8  -o out/conftest2.o conftest.c >&5
configure:11614: $? = 0
configure:11636: result: yes
configure:11644: checking if x86_64-linux-gnu-gcc supports -c -o file.o
configure:11692: result: yes
configure:11725: checking whether the x86_64-linux-gnu-gcc linker (/usr/bin/ld -m elf_x86_64) supports shared libraries
configure:12999: result: yes
configure:13240: checking dynamic linker characteristics
configure:13822: x86_64-linux-gnu-gcc -o conftest -O3 -fomit-frame-pointer -malign-double -fstrict-aliasing -ffast-math -march=k8   -Wl,-rpath -Wl,/foo conftest.c  >&5
configure:13822: $? = 0
configure:14073: result: GNU/Linux ld.so
configure:14195: checking how to hardcode library paths into programs
configure:14220: result: immediate
configure:14772: checking whether stripping libraries is possible
configure:14781: result: yes
configure:14823: checking if libtool supports shared libraries
configure:14825: result: yes
configure:14828: checking whether to build shared libraries
configure:14853: result: no
configure:14856: checking whether to build static libraries
configure:14860: result: yes
configure:14883: checking how to run the C++ preprocessor
configure:14905: x86_64-linux-gnu-g++ -E  conftest.cpp
configure:14905: $? = 0
configure:14920: x86_64-linux-gnu-g++ -E  conftest.cpp
conftest.cpp:25:10: fatal error: ac_nonexistent.h: No such file or directory
   25 | #include <ac_nonexistent.h>
      |          ^~~~~~~~~~~~~~~~~~
compilation terminated.
configure:14920: $? = 1
configure: failed program was:
| /* confdefs.h */
| #define PACKAGE_NAME "isl"
| #define PACKAGE_TARNAME "isl"
| #define PACKAGE_VERSION "0.15"
| #define PACKAGE_STRING "isl 0.15"
| #define PACKAGE_BUGREPORT "isl-development@googlegroups.com"
| #define PACKAGE_URL ""
| #define PACKAGE "isl"
| #define VERSION "0.15"
| #define GCC_WARN_UNUSED_RESULT __attribute__((__warn_unused_result__))
| #define HAVE___ATTRIBUTE__ 1
| #define HAVE_STDIO_H 1
| #define HAVE_STDLIB_H 1
| #define HAVE_STRING_H 1
| #define HAVE_INTTYPES_H 1
| #define HAVE_STDINT_H 1
| #define HAVE_STRINGS_H 1
| #define HAVE_SYS_STAT_H 1
| #define HAVE_SYS_TYPES_H 1
| #define HAVE_UNISTD_H 1
| #define STDC_HEADERS 1
| #define HAVE_DLFCN_H 1
| #define LT_OBJDIR ".libs/"
| /* end confdefs.h.  */
| #include <ac_nonexistent.h>
configure:14947: result: x86_64-linux-gnu-g++ -E
configure:14961: x86_64-linux-gnu-g++ -E  conftest.cpp
configure:14961: $? = 0
configure:14976: x86_64-linux-gnu-g++ -E  conftest.cpp
conftest.cpp:25:10: fatal error: ac_nonexistent.h: No such file or directory
   25 | #include <ac_nonexistent.h>
      |          ^~~~~~~~~~~~~~~~~~
compilation terminated.
configure:14976: $? = 1
configure: failed program was:
| /* confdefs.h */
| #define PACKAGE_NAME "isl"
| #define PACKAGE_TARNAME "isl"
| #define PACKAGE_VERSION "0.15"
| #define PACKAGE_STRING "isl 0.15"
| #define PACKAGE_BUGREPORT "isl-development@googlegroups.com"
| #define PACKAGE_URL ""
| #define PACKAGE "isl"
| #define VERSION "0.15"
| #define GCC_WARN_UNUSED_RESULT __attribute__((__warn_unused_result__))
| #define HAVE___ATTRIBUTE__ 1
| #define HAVE_STDIO_H 1
| #define HAVE_STDLIB_H 1
| #define HAVE_STRING_H 1
| #define HAVE_INTTYPES_H 1
| #define HAVE_STDINT_H 1
| #define HAVE_STRINGS_H 1
| #define HAVE_SYS_STAT_H 1
| #define HAVE_SYS_TYPES_H 1
| #define HAVE_UNISTD_H 1
| #define STDC_HEADERS 1
| #define HAVE_DLFCN_H 1
| #define LT_OBJDIR ".libs/"
| /* end confdefs.h.  */
| #include <ac_nonexistent.h>
configure:15141: checking for ld used by x86_64-linux-gnu-g++
configure:15209: result: /usr/bin/ld -m elf_x86_64
configure:15216: checking if the linker (/usr/bin/ld -m elf_x86_64) is GNU ld
configure:15232: result: yes
configure:15287: checking whether the x86_64-linux-gnu-g++ linker (/usr/bin/ld -m elf_x86_64) supports shared libraries
configure:16365: result: yes
configure:16401: x86_64-linux-gnu-g++ -c -g -O2  conftest.cpp >&5
configure:16404: $? = 0
configure:16885: checking for x86_64-linux-gnu-g++ option to produce PIC
configure:16893: result: -fPIC -DPIC
configure:16901: checking if x86_64-linux-gnu-g++ PIC flag -fPIC -DPIC works
configure:16920: x86_64-linux-gnu-g++ -c -g -O2  -fPIC -DPIC -DPIC conftest.cpp >&5
configure:16924: $? = 0
configure:16937: result: yes
configure:16960: checking if x86_64-linux-gnu-g++ static flag -static works
configure:16989: result: yes
configure:17001: checking if x86_64-linux-gnu-g++ supports -c -o file.o
configure:17023: x86_64-linux-gnu-g++ -c -g -O2  -o out/conftest2.o conftest.cpp >&5
configure:17027: $? = 0
configure:17049: result: yes
configure:17054: checking if x86_64-linux-gnu-g++ supports -c -o file.o
configure:17102: result: yes
configure:17132: checking whether the x86_64-linux-gnu-g++ linker (/usr/bin/ld -m elf_x86_64) supports shared libraries
configure:17175: result: yes
configure:17317: checking dynamic linker characteristics
configure:18077: result: GNU/Linux ld.so
configure:18142: checking how to hardcode library paths into programs
configure:18167: result: immediate
configure:18231: checking for perl
configure:18252: found /usr/bin/perl
configure:18263: result: perl
configure:18273: checking for pdflatex
configure:18308: result: no
configure:18315: checking for pod2html
configure:18336: found /usr/bin/pod2html
configure:18347: result: pod2html
configure:18366: checking for stdint types
configure:18390: x86_64-linux-gnu-gcc -c   conftest.c >&5
configure:18390: $? = 0
configure:18436: result: stdint.h (shortcircuit)
configure:18835: result: make use of stdint.h in include/isl/stdint.h (assuming C99 compatible system)
configure:18864: checking for x86_64-linux-gnu-gcc options needed to detect all undeclared functions
configure:18886: x86_64-linux-gnu-gcc -c -O3 -fomit-frame-pointer -malign-double -fstrict-aliasing -ffast-math -march=k8   conftest.c >&5
conftest.c: In function 'main':
conftest.c:29:8: error: 'strchr' undeclared (first use in this function)
   29 | (void) strchr;
      |        ^~~~~~
conftest.c:1:1: note: 'strchr' is defined in header '<string.h>'; did you forget to '#include <string.h>'?
    1 | /* confdefs.h */
conftest.c:29:8: note: each undeclared identifier is reported only once for each function it appears in
   29 | (void) strchr;
      |        ^~~~~~
configure:18886: $? = 1
configure: failed program was:
| /* confdefs.h */
| #define PACKAGE_NAME "isl"
| #define PACKAGE_TARNAME "isl"
| #define PACKAGE_VERSION "0.15"
| #define PACKAGE_STRING "isl 0.15"
| #define PACKAGE_BUGREPORT "isl-development@googlegroups.com"
| #define PACKAGE_URL ""
| #define PACKAGE "isl"
| #define VERSION "0.15"
| #define GCC_WARN_UNUSED_RESULT __attribute__((__warn_unused_result__))
| #define HAVE___ATTRIBUTE__ 1
| #define HAVE_STDIO_H 1
| #define HAVE_STDLIB_H 1
| #define HAVE_STRING_H 1
| #define HAVE_INTTYPES_H 1
| #define HAVE_STDINT_H 1
| #define HAVE_STRINGS_H 1
| #define HAVE_SYS_STAT_H 1
| #define HAVE_SYS_TYPES_H 1
| #define HAVE_UNISTD_H 1
| #define STDC_HEADERS 1
| #define HAVE_DLFCN_H 1
| #define LT_OBJDIR ".libs/"
| /* end confdefs.h.  */
| 
| int
| main (void)
| {
| (void) strchr;
|   ;
|   return 0;
| }
configure:18913: x86_64-linux-gnu-gcc -c -O3 -fomit-frame-pointer -malign-double -fstrict-aliasing -ffast-math -march=k8   conftest.c >&5
configure:18913: $? = 0
configure:18930: result: none needed
configure:19034: checking which gmp to use
configure:19036: result: system
configure:19054: checking for gmp.h
configure:19054: x86_64-linux-gnu-gcc -c -O3 -fomit-frame-pointer -malign-double -fstrict-aliasing -ffast-math -march=k8 -I/home/runner/work/gnu-tools-for-stm32/gnu-tools-for-stm32/build-native/host-libs/usr/include  conftest.c >&5
configure:19054: $? = 0
configure:19054: result: yes
configure:19062: checking for main in -lgmp
configure:19082: x86_64-linux-gnu-gcc -o conftest -O3 -fomit-frame-pointer -malign-double -fstrict-aliasing -ffast-math -march=k8 -I/home/runner/work/gnu-tools-for-stm32/gnu-tools-for-stm32/build-native/host-libs/usr/include  -L/home/runner/work/gnu-tools-for-stm32/gnu-tools-for-stm32/build-native/host-libs/usr/lib  conftest.c -lgmp  -lgmp  >&5
configure:19082: $? = 0
configure:19092: result: yes
configure:19119: x86_64-linux-gnu-gcc -o conftest -O3 -fomit-frame-pointer -malign-double -fstrict-aliasing -ffast-math -march=k8 -I/home/runner/work/gnu-tools-for-stm32/gnu-tools-for-stm32/build-native/host-libs/usr/include  -L/home/runner/work/gnu-tools-for-stm32/gnu-tools-for-stm32/build-native/host-libs/usr/lib  conftest.c -lgmp -lgmp  >&5
configure:19119: $? = 0
configure:19143: checking whether mp_get_memory_functions is declared
configure:19143: x86_64-linux-gnu-gcc -c -O3 -fomit-frame-pointer -malign-double -fstrict-aliasing -ffast-math -march=k8  -I/home/runner/work/gnu-tools-for-stm32/gnu-tools-for-stm32/build-native/host-libs/usr/include  conftest.c >&5
configure:19143: $? = 0
configure:19143: result: yes
configure:19232: checking whether ffs is declared
configure:19232: x86_64-linux-gnu-gcc -c -O3 -fomit-frame-pointer -malign-double -fstrict-aliasing -ffast-math -march=k8   conftest.c >&5
configure:19232: $? = 0
configure:19232: result: yes
configure:19242: checking whether __builtin_ffs is declared
configure:19242: x86_64-linux-gnu-gcc -c -O3 -fomit-frame-pointer -malign-double -fstrict-aliasing -ffast-math -march=k8   conftest.c >&5
configure:19242: $? = 0
configure:19242: result: yes
configure:19335: checking which clang to use
configure:19337: result: no
configure:19874: checking for C compiler vendor
configure:19907: result: gnu
configure:19928: checking our pkgconfig libname
configure:19936: result: isl
configure:19939: checking our pkgconfig version
configure:19947: result: 0.15
configure:19950: checking our pkgconfig_libdir
configure:19957: result: ${libdir}/pkgconfig
configure:19960: result: expanded our pkgconfig_libdir... /home/runner/work/gnu-tools-for-stm32/gnu-tools-for-stm32/build-native/host-libs/usr/lib/pkgconfig
configure:19964: checking our pkgconfig_libfile
configure:19970: result: isl.pc
configure:19977: checking our package / suffix
configure:19981: result: isl / 
configure:19984: checking our pkgconfig description
configure:19991: result: isl Library
configure:19994: checking our pkgconfig requires
configure:19999: result: 
configure:20002: checking our pkgconfig ext libs
configure:20009: result: -lisl -lgmp
configure:20012: checking our pkgconfig cppflags
configure:20017: result: -I/home/runner/work/gnu-tools-for-stm32/gnu-tools-for-stm32/build-native/host-libs/usr/include
configure:20020: checking our pkgconfig ldflags
configure:20025: result: -L/home/runner/work/gnu-tools-for-stm32/gnu-tools-for-stm32/build-native/host-libs/usr/lib
configure:20065: result: noninstalled pkgconfig -L /home/runner/work/gnu-tools-for-stm32/gnu-tools-for-stm32/build-native/isl/.libs
configure:20100: result: noninstalled pkgconfig -I //home/runner/work/gnu-tools-for-stm32/gnu-tools-for-stm32/src/isl/include
configure:20261: checking that generated files are newer than configure
configure:20267: result: done
configure:20318: creating ./config.status

## ---------------------- ##
## Running config.status. ##
## ---------------------- ##

This file was extended by isl config.status 0.15, which was
generated by GNU Autoconf 2.71.  Invocation command line was

  CONFIG_FILES    = 
  CONFIG_HEADERS  = 
  CONFIG_LINKS    = 
  CONFIG_COMMANDS = 
  $ ./config.status 

on runnervmf2e7y

config.status:1228: creating Makefile
config.status:1228: creating doc/Makefile
config.status:1228: creating bound_test.sh
config.status:1228: creating codegen_test.sh
config.status:1228: creating pip_test.sh
config.status:1228: creating isl_config.h
config.status:1442: executing depfiles commands
config.status:1519: cd .       && sed -e '/# am--include-marker/d' Makefile         | make -f - am--depfiles
config.status:1524: $? = 0
config.status:1442: executing libtool commands
config.status:1442: executing include/isl/stdint.h commands
config.status:2262: creating include/isl/stdint.h : _ISL_INCLUDE_ISL_STDINT_H
config.status:1442: executing isl.pc commands
config.status:2744: creating isl.pc.in
config.status:2767: creating isl.pc
config.status:2793: creating isl-uninstalled.pc
config.status:2823: creating isl-uninstalled.sh

## ---------------- ##
## Cache variables. ##
## ---------------- ##

ac_cv_build=x86_64-pc-linux-gnu
ac_cv_c_compiler_gnu=yes
ac_cv_c_undeclared_builtin_options='none needed'
ac_cv_cxx_compiler_gnu=yes
ac_cv_env_CCC_set=
ac_cv_env_CCC_value=
ac_cv_env_CC_set=
ac_cv_env_CC_value=
ac_cv_env_CFLAGS_set=
ac_cv_env_CFLAGS_value=
ac_cv_env_CPPFLAGS_set=
ac_cv_env_CPPFLAGS_value=
ac_cv_env_CXXCPP_set=
ac_cv_env_CXXCPP_value=
ac_cv_env_CXXFLAGS_set=
ac_cv_env_CXXFLAGS_value=
ac_cv_env_CXX_set=
ac_cv_env_CXX_value=
ac_cv_env_LDFLAGS_set=
ac_cv_env_LDFLAGS_value=
ac_cv_env_LIBS_set=
ac_cv_env_LIBS_value=
ac_cv_env_LT_SYS_LIBRARY_PATH_set=
ac_cv_env_LT_SYS_LIBRARY_PATH_value=
ac_cv_env_build_alias_set=set
ac_cv_env_build_alias_value=x86_64-linux-gnu
ac_cv_env_host_alias_set=set
ac_cv_env_host_alias_value=x86_64-linux-gnu
ac_cv_env_target_alias_set=set
ac_cv_env_target_alias_value=arm-none-eabi
ac_cv_have_decl___builtin_ffs=yes
ac_cv_have_decl_ffs=yes
ac_cv_have_decl_mp_get_memory_functions=yes
ac_cv_header_dlfcn_h=yes
ac_cv_header_gmp_h=yes
ac_cv_header_inttypes_h=yes
ac_cv_header_stdint=stdint.h
ac_cv_header_stdint_h=yes
ac_cv_header_stdint_t=stdint.h
ac_cv_header_stdio_h=yes
ac_cv_header_stdlib_h=yes
ac_cv_header_string_h=yes
ac_cv_header_strings_h=yes
ac_cv_header_sys_stat_h=yes
ac_cv_header_sys_types_h=yes
ac_cv_header_unistd_h=yes
ac_cv_host=x86_64-pc-linux-gnu
ac_cv_lib_gmp_main=yes
ac_cv_objext=o
ac_cv_path_EGREP='/usr/bin/grep -E'
ac_cv_path_FGREP='/usr/bin/grep -F'
ac_cv_path_GREP=/usr/bin/grep
ac_cv_path_SED=/usr/bin/sed
ac_cv_path_install='/usr/bin/install -c'
ac_cv_path_lt_DD=/usr/bin/dd
ac_cv_path_mkdir=/usr/bin/mkdir
ac_cv_prog_AR=x86_64-linux-gnu-ar
ac_cv_prog_AWK=gawk
ac_cv_prog_CC=x86_64-linux-gnu-gcc
ac_cv_prog_CXX=x86_64-linux-gnu-g++
ac_cv_prog_CXXCPP='x86_64-linux-gnu-g++ -E'
ac_cv_prog_OBJDUMP=x86_64-linux-gnu-objdump
ac_cv_prog_PERL=perl
ac_cv_prog_POD2HTML=pod2html
ac_cv_prog_RANLIB=x86_64-linux-gnu-ranlib
ac_cv_prog_STRIP=x86_64-linux-gnu-strip
ac_cv_prog_ac_ct_FILECMD=file
ac_cv_prog_ac_ct_MANIFEST_TOOL=mt
ac_cv_prog_cc_c11=
ac_cv_prog_cc_g=yes
ac_cv_prog_cc_stdc=
ac_cv_prog_cxx_cxx11=
ac_cv_prog_cxx_g=yes
ac_cv_prog_cxx_stdcxx=
ac_cv_prog_make_make_set=yes
ac_cv_stdint_message='using gnu compiler x86_64-linux-gnu-gcc (Ubuntu 13.3.0-6ubuntu2~24.04) 13.3.0'
ac_cv_stdint_result='(assuming C99 compatible system)'
am_cv_CC_dependencies_compiler_type=gcc3
am_cv_CXX_dependencies_compiler_type=gcc3
am_cv_make_support_nested_variables=yes
am_cv_prog_cc_c_o=yes
ax_cv___attribute__=yes
ax_cv_c_compiler_vendor=gnu
ax_cv_c_flags__O3__fomit_frame_pointer__malign_double__fstrict_aliasing__ffast_math__march_k8=yes
ax_cv_c_flags__ffast_math=yes
ax_cv_c_flags__fstrict_aliasing=yes
ax_cv_c_flags__malign_double=yes
ax_cv_c_flags__march_k8=yes
ax_cv_gcc_archflag=-march=k8
ax_cv_gcc_warn_unused_result=yes
ax_cv_gcc_x86_cpuid_0=d:68747541:444d4163:69746e65
ax_cv_gcc_x86_cpuid_1=a00f11:100800:feda3203:178bfbff
lt_cv_ar_at_file=@
lt_cv_deplibs_check_method=pass_all
lt_cv_file_magic_cmd='$MAGIC_CMD'
lt_cv_file_magic_test_file=
lt_cv_ld_reload_flag=-r
lt_cv_nm_interface='BSD nm'
lt_cv_objdir=.libs
lt_cv_path_LD=/usr/bin/ld
lt_cv_path_LDCXX='/usr/bin/ld -m elf_x86_64'
lt_cv_path_NM='/usr/bin/x86_64-linux-gnu-nm -B'
lt_cv_path_mainfest_tool=no
lt_cv_prog_compiler_c_o=yes
lt_cv_prog_compiler_c_o_CXX=yes
lt_cv_prog_compiler_pic='-fPIC -DPIC'
lt_cv_prog_compiler_pic_CXX='-fPIC -DPIC'
lt_cv_prog_compiler_pic_works=yes
lt_cv_prog_compiler_pic_works_CXX=yes
lt_cv_prog_compiler_rtti_exceptions=no
lt_cv_prog_compiler_static_works=yes
lt_cv_prog_compiler_static_works_CXX=yes
lt_cv_prog_gnu_ld=yes
lt_cv_prog_gnu_ldcxx=yes
lt_cv_sharedlib_from_linklib_cmd='printf %s\n'
lt_cv_shlibpath_overrides_runpath=yes
lt_cv_sys_global_symbol_pipe='/usr/bin/sed -n -e '\''s/^.*[	 ]\([ABCDGIRSTW][ABCDGIRSTW]*\)[	 ][	 ]*\([_A-Za-z][_A-Za-z0-9]*\)$/\1 \2 \2/p'\'' | /usr/bin/sed '\''/ __gnu_lto/d'\'''
lt_cv_sys_global_symbol_to_c_name_address='/usr/bin/sed -n -e '\''s/^: \(.*\) .*$/  {"\1", (void *) 0},/p'\'' -e '\''s/^[ABCDGIRSTW][ABCDGIRSTW]* .* \(.*\)$/  {"\1", (void *) \&\1},/p'\'''
lt_cv_sys_global_symbol_to_c_name_address_lib_prefix='/usr/bin/sed -n -e '\''s/^: \(.*\) .*$/  {"\1", (void *) 0},/p'\'' -e '\''s/^[ABCDGIRSTW][ABCDGIRSTW]* .* \(lib.*\)$/  {"\1", (void *) \&\1},/p'\'' -e '\''s/^[ABCDGIRSTW][ABCDGIRSTW]* .* \(.*\)$/  {"lib\1", (void *) \&\1},/p'\'''
lt_cv_sys_global_symbol_to_cdecl='/usr/bin/sed -n -e '\''s/^T .* \(.*\)$/extern int \1();/p'\'' -e '\''s/^[ABCDGIRSTW][ABCDGIRSTW]* .* \(.*\)$/extern char \1;/p'\'''
lt_cv_sys_global_symbol_to_import=
lt_cv_sys_max_cmd_len=3145728
lt_cv_to_host_file_cmd=func_convert_file_noop
lt_cv_to_tool_file_cmd=func_convert_file_noop
lt_cv_truncate_bin='/usr/bin/dd bs=4096 count=1'

## ----------------- ##
## Output variables. ##
## ----------------- ##

ACLOCAL='${SHELL} '\''/home/runner/work/gnu-tools-for-stm32/gnu-tools-for-stm32/src/isl/missing'\'' aclocal-1.16'
AMDEPBACKSLASH='\'
AMDEP_FALSE='#'
AMDEP_TRUE=''
AMTAR='$${TAR-tar}'
AM_BACKSLASH='\'
AM_DEFAULT_V='$(AM_DEFAULT_VERBOSITY)'
AM_DEFAULT_VERBOSITY='0'
AM_V='$(V)'
AR='x86_64-linux-gnu-ar'
AUTOCONF='${SHELL} '\''/home/runner/work/gnu-tools-for-stm32/gnu-tools-for-stm32/src/isl/missing'\'' autoconf'
AUTOHEADER='${SHELL} '\''/home/runner/work/gnu-tools-for-stm32/gnu-tools-for-stm32/src/isl/missing'\'' autoheader'
AUTOMAKE='${SHELL} '\''/home/runner/work/gnu-tools-for-stm32/gnu-tools-for-stm32/src/isl/missing'\'' automake-1.16'
AWK='gawk'
CC='x86_64-linux-gnu-gcc'
CCDEPMODE='depmode=gcc3'
CFLAGS='-O3 -fomit-frame-pointer -malign-double -fstrict-aliasing -ffast-math -march=k8'
CLANG_CXXFLAGS=''
CLANG_LDFLAGS=''
CLANG_LIBS=''
CPPFLAGS=''
CSCOPE='cscope'
CTAGS='ctags'
CXX='x86_64-linux-gnu-g++'
CXXCPP='x86_64-linux-gnu-g++ -E'
CXXDEPMODE='depmode=gcc3'
CXXFLAGS='-g -O2'
CYGPATH_W='echo'
DEFS='-DHAVE_CONFIG_H'
DEPDIR='.deps'
DLLTOOL='false'
DSYMUTIL=''
DUMPBIN=''
ECHO_C=''
ECHO_N='-n'
ECHO_T=''
EGREP='/usr/bin/grep -E'
ETAGS='etags'
EXEEXT=''
FGREP='/usr/bin/grep -F'
FILECMD='file'
GENERATE_DOC_FALSE=''
GENERATE_DOC_TRUE='#'
GIT_HEAD=''
GIT_HEAD_ID='isl-0.15-1-g835ea3a'
GIT_HEAD_VERSION='isl-0.15-1-g835ea3a'
GMP_FOR_MP_FALSE='#'
GMP_FOR_MP_TRUE=''
GREP='/usr/bin/grep'
HAVE_CLANG_FALSE=''
HAVE_CLANG_TRUE='#'
IMATH_FOR_MP_FALSE=''
IMATH_FOR_MP_TRUE='#'
INSTALL_DATA='${INSTALL} -m 644'
INSTALL_PROGRAM='${INSTALL}'
INSTALL_SCRIPT='${INSTALL}'
INSTALL_STRIP_PROGRAM='$(install_sh) -c -s'
LD='/usr/bin/ld -m elf_x86_64'
LDFLAGS=''
LIBOBJS=''
LIBS=''
LIBTOOL='$(SHELL) $(top_builddir)/libtool'
LIB_CLANG_EDIT=''
LIPO=''
LN_S='ln -s'
LTLIBOBJS=''
LT_SYS_LIBRARY_PATH=''
MAKEINFO='${SHELL} '\''/home/runner/work/gnu-tools-for-stm32/gnu-tools-for-stm32/src/isl/missing'\'' makeinfo'
MANIFEST_TOOL=':'
MKDIR_P='/usr/bin/mkdir -p'
MP_CPPFLAGS='-I/home/runner/work/gnu-tools-for-stm32/gnu-tools-for-stm32/build-native/host-libs/usr/include'
MP_LDFLAGS='-L/home/runner/work/gnu-tools-for-stm32/gnu-tools-for-stm32/build-native/host-libs/usr/lib'
MP_LIBS='-lgmp'
NEED_GET_MEMORY_FUNCTIONS_FALSE=''
NEED_GET_MEMORY_FUNCTIONS_TRUE='#'
NM='/usr/bin/x86_64-linux-gnu-nm -B'
NMEDIT=''
OBJDUMP='x86_64-linux-gnu-objdump'
OBJEXT='o'
OTOOL64=''
OTOOL=''
PACKAGE='isl'
PACKAGE_BUGREPORT='isl-development@googlegroups.com'
PACKAGE_NAME='isl'
PACKAGE_STRING='isl 0.15'
PACKAGE_TARNAME='isl'
PACKAGE_URL=''
PACKAGE_VERSION='0.15'
PATH_SEPARATOR=':'
PDFLATEX=''
PERL='perl'
POD2HTML='pod2html'
PRTDIAG=''
RANLIB='x86_64-linux-gnu-ranlib'
SED='/usr/bin/sed'
SET_MAKE=''
SHELL='/bin/bash'
STRIP='x86_64-linux-gnu-strip'
VERSION='0.15'
WARNING_FLAGS=''
ac_ct_AR=''
ac_ct_CC=''
ac_ct_CXX=''
ac_ct_DUMPBIN=''
am__EXEEXT_FALSE=''
am__EXEEXT_TRUE='#'
am__fastdepCC_FALSE='#'
am__fastdepCC_TRUE=''
am__fastdepCXX_FALSE='#'
am__fastdepCXX_TRUE=''
am__include='include'
am__isrc=' -I$(srcdir)'
am__leading_dot='.'
am__nodep='_no'
am__quote=''
am__tar='$${TAR-tar} chof - "$$tardir"'
am__untar='$${TAR-tar} xf -'
bindir='${exec_prefix}/bin'
build='x86_64-pc-linux-gnu'
build_alias='x86_64-linux-gnu'
build_cpu='x86_64'
build_os='linux-gnu'
build_vendor='pc'
datadir='${datarootdir}'
datarootdir='${prefix}/share'
docdir='${datarootdir}/doc/${PACKAGE_TARNAME}'
dvidir='${docdir}'
exec_prefix='${prefix}'
host='x86_64-pc-linux-gnu'
host_alias='x86_64-linux-gnu'
host_cpu='x86_64'
host_os='linux-gnu'
host_vendor='pc'
htmldir='${docdir}'
includedir='${prefix}/include'
infodir='${datarootdir}/info'
install_sh='${SHELL} /home/runner/work/gnu-tools-for-stm32/gnu-tools-for-stm32/src/isl/install-sh'
libdir='${exec_prefix}/lib'
libexecdir='${exec_prefix}/libexec'
llvm_config_found=''
localedir='${datarootdir}/locale'
localstatedir='${prefix}/var'
mandir='${datarootdir}/man'
mkdir_p='$(MKDIR_P)'
oldincludedir='/usr/include'
pdfdir='${docdir}'
pkgconfig_libdir='${libdir}/pkgconfig'
pkgconfig_libfile='isl.pc'
prefix='/home/runner/work/gnu-tools-for-stm32/gnu-tools-for-stm32/build-native/host-libs/usr'
program_transform_name='s,x,x,'
psdir='${docdir}'
runstatedir='${localstatedir}/run'
sbindir='${exec_prefix}/sbin'
sharedstatedir='${prefix}/com'
sysconfdir='${prefix}/etc'
target_alias='arm-none-eabi'
versioninfo='15:0:0'

## ----------- ##
## confdefs.h. ##
## ----------- ##

/* confdefs.h */
#define PACKAGE_NAME "isl"
#define PACKAGE_TARNAME "isl"
#define PACKAGE_VERSION "0.15"
#define PACKAGE_STRING "isl 0.15"
#define PACKAGE_BUGREPORT "isl-development@googlegroups.com"
#define PACKAGE_URL ""
#define PACKAGE "isl"
#define VERSION "0.15"
#define GCC_WARN_UNUSED_RESULT __attribute__((__warn_unused_result__))
#define HAVE___ATTRIBUTE__ 1
#define HAVE_STDIO_H 1
#define HAVE_STDLIB_H 1
#define HAVE_STRING_H 1
#define HAVE_INTTYPES_H 1
#define HAVE_STDINT_H 1
#define HAVE_STRINGS_H 1
#define HAVE_SYS_STAT_H 1
#define HAVE_SYS_TYPES_H 1
#define HAVE_UNISTD_H 1
#define STDC_HEADERS 1
#define HAVE_DLFCN_H 1
#define LT_OBJDIR ".libs/"
#define USE_GMP_FOR_MP /**/
#define HAVE_LIBGMP 1
#define HAVE_DECL_MP_GET_MEMORY_FUNCTIONS 1
#define HAVE_DECL_FFS 1
#define HAVE_DECL___BUILTIN_FFS 1

configure: exit 0
